#
# There is insufficient memory for the Java Runtime Environment to continue.
# Native memory allocation (malloc) failed to allocate 2563856 bytes for Chunk::new
# Possible reasons:
#   The system is out of physical RAM or swap space
#   The process is running with CompressedOops enabled, and the Java Heap may be blocking the growth of the native heap
# Possible solutions:
#   Reduce memory load on the system
#   Increase physical memory or swap space
#   Check if swap backing store is full
#   Decrease Java heap size (-Xmx/-Xms)
#   Decrease number of Java threads
#   Decrease Java thread stack sizes (-Xss)
#   Set larger code cache with -XX:ReservedCodeCacheSize=
#   JVM is running with Unscaled Compressed Oops mode in which the Java heap is
#     placed in the first 4GB address space. The Java Heap base address is the
#     maximum limit for the native heap growth. Please use -XX:HeapBaseMinAddress
#     to set the Java Heap base and to place the Java Heap above 4GB virtual address.
# This output file may be truncated or incomplete.
#
#  Out of Memory Error (./src/hotspot/share/memory/arena.cpp:197), pid=1748, tid=3360
#
# JRE version: OpenJDK Runtime Environment (11.0.12+7) (build 11.0.12+7-b1504.28-7817840)
# Java VM: OpenJDK 64-Bit Server VM (11.0.12+7-b1504.28-7817840, mixed mode, tiered, compressed oops, g1 gc, windows-amd64)
# No core dump will be written. Minidumps are not enabled by default on client versions of Windows
#

---------------  S U M M A R Y ------------

Command Line: --add-opens=java.base/java.util=ALL-UNNAMED --add-opens=java.base/java.lang=ALL-UNNAMED --add-opens=java.base/java.lang.invoke=ALL-UNNAMED --add-opens=java.base/java.util=ALL-UNNAMED --add-opens=java.prefs/java.util.prefs=ALL-UNNAMED --add-opens=java.prefs/java.util.prefs=ALL-UNNAMED --add-opens=java.base/java.nio.charset=ALL-UNNAMED --add-opens=java.base/java.net=ALL-UNNAMED --add-opens=java.base/java.util.concurrent.atomic=ALL-UNNAMED -Xmx2048m -Dfile.encoding=UTF-8 -Duser.country=IN -Duser.language=en -Duser.variant org.gradle.launcher.daemon.bootstrap.GradleDaemon 7.3.3

Host: 11th Gen Intel(R) Core(TM) i5-1135G7 @ 2.40GHz, 8 cores, 7G,  Windows 10 , 64 bit Build 19041 (10.0.19041.1806)
Time: Tue Jul 26 16:51:44 2022 India Standard Time elapsed time: 8.554816 seconds (0d 0h 0m 8s)

---------------  T H R E A D  ---------------

Current thread (0x0000025ccc34e000):  JavaThread "C2 CompilerThread1" daemon [_thread_in_native, id=3360, stack(0x000000cd6f400000,0x000000cd6f500000)]


Current CompileTask:
C2:   8554 7347       4       java.beans.Introspector::addMethod (196 bytes)

Stack: [0x000000cd6f400000,0x000000cd6f500000]
Native frames: (J=compiled Java code, j=interpreted, Vv=VM code, C=native code)
V  [jvm.dll+0x5fbcea]
V  [jvm.dll+0x731905]
V  [jvm.dll+0x732f1d]
V  [jvm.dll+0x7335d3]
V  [jvm.dll+0x247bf8]
V  [jvm.dll+0xc018c]
V  [jvm.dll+0xc06cc]
V  [jvm.dll+0x35b2db]
V  [jvm.dll+0x328803]
V  [jvm.dll+0x327cfa]
V  [jvm.dll+0x200602]
V  [jvm.dll+0x1ff794]
V  [jvm.dll+0x18868c]
V  [jvm.dll+0x20e0d7]
V  [jvm.dll+0x20c901]
V  [jvm.dll+0x6f9b7f]
V  [jvm.dll+0x6f26a5]
V  [jvm.dll+0x5fabf6]
C  [ucrtbase.dll+0x21bb2]
C  [KERNEL32.DLL+0x17034]
C  [ntdll.dll+0x52651]


---------------  P R O C E S S  ---------------

Threads class SMR info:
_java_thread_list=0x0000025ccf562cf0, length=124, elements={
0x0000025cb0bfa000, 0x0000025ccb864000, 0x0000025ccb866000, 0x0000025ccb87c800,
0x0000025ccb87f800, 0x0000025ccb880800, 0x0000025ccb884800, 0x0000025ccb886800,
0x0000025ccb88e000, 0x0000025ccc32e000, 0x0000025ccc34e000, 0x0000025cce1f8000,
0x0000025ccee89800, 0x0000025cce559000, 0x0000025cced5b800, 0x0000025cce26e000,
0x0000025cce867800, 0x0000025cce875000, 0x0000025cce723000, 0x0000025cce70f800,
0x0000025cce75d000, 0x0000025cce75e800, 0x0000025cce75c000, 0x0000025cce761800,
0x0000025cce75f800, 0x0000025cce762800, 0x0000025cce760000, 0x0000025cce761000,
0x0000025cce75d800, 0x0000025ccf8d9000, 0x0000025ccf8dc800, 0x0000025ccf8d8000,
0x0000025ccf8df800, 0x0000025ccf8dd000, 0x0000025ccf8da800, 0x0000025ccf8da000,
0x0000025ccf8de000, 0x0000025ccf8e0800, 0x0000025ccf8df000, 0x0000025ccf8db800,
0x0000025ccf8e2000, 0x0000025ccf8e7000, 0x0000025ccf8e6000, 0x0000025ccf8e3000,
0x0000025ccf8e5800, 0x0000025ccf8e3800, 0x0000025ccf402000, 0x0000025ccf402800,
0x0000025ccf403800, 0x0000025ccf404800, 0x0000025ccf405000, 0x0000025ccf3ff800,
0x0000025ccf401000, 0x0000025ccf400000, 0x0000025ccf406000, 0x0000025ccf40b000,
0x0000025ccf40b800, 0x0000025ccf40c800, 0x0000025ccf40a000, 0x0000025ccf408800,
0x0000025ccf406800, 0x0000025ccf409000, 0x0000025ccf40d800, 0x0000025ccf407800,
0x0000025ccf40e000, 0x0000025cd2170000, 0x0000025cd216f000, 0x0000025cd2174800,
0x0000025cd2175800, 0x0000025cd2174000, 0x0000025cd2176800, 0x0000025cd2170800,
0x0000025cd2177000, 0x0000025cd2171800, 0x0000025cd2178000, 0x0000025cd2172800,
0x0000025cd2179000, 0x0000025cd2173000, 0x0000025cd217a800, 0x0000025cd217c000,
0x0000025cd2179800, 0x0000025cd217d800, 0x0000025cd217b800, 0x0000025cd217d000,
0x0000025cceabd800, 0x0000025cceab9800, 0x0000025cceabb000, 0x0000025cceaba000,
0x0000025cceabc000, 0x0000025cceabc800, 0x0000025cceab7800, 0x0000025cceabe800,
0x0000025cceab8800, 0x0000025cceac0800, 0x0000025cceac1800, 0x0000025cceac5000,
0x0000025cceac2800, 0x0000025cceabf000, 0x0000025cceac5800, 0x0000025cceac3000,
0x0000025cceac4000, 0x0000025cceac0000, 0x0000025cceac6800, 0x0000025cced15000,
0x0000025cced12800, 0x0000025cced13800, 0x0000025cced10000, 0x0000025cced17000,
0x0000025cced14800, 0x0000025cced12000, 0x0000025cced16000, 0x0000025cced11000,
0x0000025cced1a000, 0x0000025cced1c800, 0x0000025cced1d800, 0x0000025cced1b000,
0x0000025cced1b800, 0x0000025cced17800, 0x0000025cced1e000, 0x0000025cced18800,
0x0000025cced1f000, 0x0000025cced19000, 0x0000025cd4318000, 0x0000025cd4313000
}

Java Threads: ( => current thread )
  0x0000025cb0bfa000 JavaThread "main" [_thread_blocked, id=11732, stack(0x000000cd6e300000,0x000000cd6e400000)]
  0x0000025ccb864000 JavaThread "Reference Handler" daemon [_thread_blocked, id=10744, stack(0x000000cd6ea00000,0x000000cd6eb00000)]
  0x0000025ccb866000 JavaThread "Finalizer" daemon [_thread_blocked, id=5912, stack(0x000000cd6eb00000,0x000000cd6ec00000)]
  0x0000025ccb87c800 JavaThread "Signal Dispatcher" daemon [_thread_blocked, id=5484, stack(0x000000cd6ec00000,0x000000cd6ed00000)]
  0x0000025ccb87f800 JavaThread "Attach Listener" daemon [_thread_blocked, id=5784, stack(0x000000cd6ed00000,0x000000cd6ee00000)]
  0x0000025ccb880800 JavaThread "Service Thread" daemon [_thread_blocked, id=2440, stack(0x000000cd6ee00000,0x000000cd6ef00000)]
  0x0000025ccb884800 JavaThread "C2 CompilerThread0" daemon [_thread_in_native, id=1320, stack(0x000000cd6ef00000,0x000000cd6f000000)]
  0x0000025ccb886800 JavaThread "C1 CompilerThread0" daemon [_thread_blocked, id=2408, stack(0x000000cd6f000000,0x000000cd6f100000)]
  0x0000025ccb88e000 JavaThread "Sweeper thread" daemon [_thread_blocked, id=13804, stack(0x000000cd6f100000,0x000000cd6f200000)]
  0x0000025ccc32e000 JavaThread "Common-Cleaner" daemon [_thread_blocked, id=2420, stack(0x000000cd6f200000,0x000000cd6f300000)]
=>0x0000025ccc34e000 JavaThread "C2 CompilerThread1" daemon [_thread_in_native, id=3360, stack(0x000000cd6f400000,0x000000cd6f500000)]
  0x0000025cce1f8000 JavaThread "Daemon health stats" [_thread_blocked, id=12648, stack(0x000000cd6f800000,0x000000cd6f900000)]
  0x0000025ccee89800 JavaThread "Incoming local TCP Connector on port 49829" [_thread_in_native, id=8272, stack(0x000000cd6f900000,0x000000cd6fa00000)]
  0x0000025cce559000 JavaThread "Daemon periodic checks" [_thread_blocked, id=488, stack(0x000000cd6fa00000,0x000000cd6fb00000)]
  0x0000025cced5b800 JavaThread "Daemon" [_thread_blocked, id=5476, stack(0x000000cd6fb00000,0x000000cd6fc00000)]
  0x0000025cce26e000 JavaThread "Handler for socket connection from /127.0.0.1:49829 to /127.0.0.1:49830" [_thread_in_native, id=11500, stack(0x000000cd6fc00000,0x000000cd6fd00000)]
  0x0000025cce867800 JavaThread "Cancel handler" [_thread_blocked, id=14140, stack(0x000000cd6fd00000,0x000000cd6fe00000)]
  0x0000025cce875000 JavaThread "Daemon worker" [_thread_in_vm, id=6784, stack(0x000000cd6fe00000,0x000000cd6ff00000)]
  0x0000025cce723000 JavaThread "Asynchronous log dispatcher for DefaultDaemonConnection: socket connection from /127.0.0.1:49829 to /127.0.0.1:49830" [_thread_blocked, id=11672, stack(0x000000cd6ff00000,0x000000cd70000000)]
  0x0000025cce70f800 JavaThread "Stdin handler" [_thread_blocked, id=7468, stack(0x000000cd70000000,0x000000cd70100000)]
  0x0000025cce75d000 JavaThread "Daemon client event forwarder" [_thread_blocked, id=10608, stack(0x000000cd70100000,0x000000cd70200000)]
  0x0000025cce75e800 JavaThread "Cache worker for journal cache (C:\Program Files\Android\gradle-7.3.3\caches\journal-1)" [_thread_blocked, id=13108, stack(0x000000cd70700000,0x000000cd70800000)]
  0x0000025cce75c000 JavaThread "File lock request listener" [_thread_in_native, id=9616, stack(0x000000cd70800000,0x000000cd70900000)]
  0x0000025cce761800 JavaThread "Cache worker for file hash cache (C:\Program Files\Android\gradle-7.3.3\caches\7.3.3\fileHashes)" [_thread_blocked, id=4720, stack(0x000000cd70a00000,0x000000cd70b00000)]
  0x0000025cce75f800 JavaThread "Cache worker for file hash cache (D:\ChatApplication\.gradle\7.3.3\fileHashes)" [_thread_blocked, id=7916, stack(0x000000cd70b00000,0x000000cd70c00000)]
  0x0000025cce762800 JavaThread "File watcher server" daemon [_thread_in_native, id=7844, stack(0x000000cd70c00000,0x000000cd70d00000)]
  0x0000025cce760000 JavaThread "File watcher consumer" daemon [_thread_blocked, id=10576, stack(0x000000cd70d00000,0x000000cd70e00000)]
  0x0000025cce761000 JavaThread "jar transforms" [_thread_blocked, id=14224, stack(0x000000cd70e00000,0x000000cd70f00000)]
  0x0000025cce75d800 JavaThread "jar transforms Thread 2" [_thread_blocked, id=14044, stack(0x000000cd70f00000,0x000000cd71000000)]
  0x0000025ccf8d9000 JavaThread "jar transforms Thread 3" [_thread_blocked, id=2044, stack(0x000000cd71000000,0x000000cd71100000)]
  0x0000025ccf8dc800 JavaThread "jar transforms Thread 4" [_thread_blocked, id=8976, stack(0x000000cd71100000,0x000000cd71200000)]
  0x0000025ccf8d8000 JavaThread "jar transforms Thread 5" [_thread_blocked, id=7532, stack(0x000000cd71200000,0x000000cd71300000)]
  0x0000025ccf8df800 JavaThread "jar transforms Thread 6" [_thread_blocked, id=13956, stack(0x000000cd71300000,0x000000cd71400000)]
  0x0000025ccf8dd000 JavaThread "jar transforms Thread 7" [_thread_blocked, id=10616, stack(0x000000cd71400000,0x000000cd71500000)]
  0x0000025ccf8da800 JavaThread "jar transforms Thread 8" [_thread_blocked, id=10368, stack(0x000000cd71500000,0x000000cd71600000)]
  0x0000025ccf8da000 JavaThread "Cache worker for checksums cache (D:\ChatApplication\.gradle\7.3.3\checksums)" [_thread_blocked, id=6964, stack(0x000000cd71600000,0x000000cd71700000)]
  0x0000025ccf8de000 JavaThread "Cache worker for cache directory md-supplier (C:\Program Files\Android\gradle-7.3.3\caches\7.3.3\md-supplier)" [_thread_blocked, id=9628, stack(0x000000cd71700000,0x000000cd71800000)]
  0x0000025ccf8e0800 JavaThread "Cache worker for cache directory md-rule (C:\Program Files\Android\gradle-7.3.3\caches\7.3.3\md-rule)" [_thread_blocked, id=10364, stack(0x000000cd71800000,0x000000cd71900000)]
  0x0000025ccf8df000 JavaThread "Cache worker for execution history cache (C:\Program Files\Android\gradle-7.3.3\caches\7.3.3\executionHistory)" [_thread_blocked, id=1200, stack(0x000000cd71900000,0x000000cd71a00000)]
  0x0000025ccf8db800 JavaThread "Cache worker for file content cache (C:\Program Files\Android\gradle-7.3.3\caches\7.3.3\fileContent)" [_thread_blocked, id=5016, stack(0x000000cd71a00000,0x000000cd71b00000)]
  0x0000025ccf8e2000 JavaThread "Cache worker for dependencies-accessors (D:\ChatApplication\.gradle\7.3.3\dependencies-accessors)" [_thread_blocked, id=8400, stack(0x000000cd71b00000,0x000000cd71c00000)]
  0x0000025ccf8e7000 JavaThread "Cache worker for Build Output Cleanup Cache (D:\ChatApplication\.gradle\buildOutputCleanup)" [_thread_blocked, id=1364, stack(0x000000cd71c00000,0x000000cd71d00000)]
  0x0000025ccf8e6000 JavaThread "Unconstrained build operations" [_thread_blocked, id=3116, stack(0x000000cd71d00000,0x000000cd71e00000)]
  0x0000025ccf8e3000 JavaThread "Unconstrained build operations Thread 2" [_thread_blocked, id=3440, stack(0x000000cd71e00000,0x000000cd71f00000)]
  0x0000025ccf8e5800 JavaThread "Unconstrained build operations Thread 3" [_thread_blocked, id=1016, stack(0x000000cd71f00000,0x000000cd72000000)]
  0x0000025ccf8e3800 JavaThread "Unconstrained build operations Thread 4" [_thread_blocked, id=3984, stack(0x000000cd72000000,0x000000cd72100000)]
  0x0000025ccf402000 JavaThread "Unconstrained build operations Thread 5" [_thread_blocked, id=12452, stack(0x000000cd72100000,0x000000cd72200000)]
  0x0000025ccf402800 JavaThread "Unconstrained build operations Thread 6" [_thread_blocked, id=10384, stack(0x000000cd72200000,0x000000cd72300000)]
  0x0000025ccf403800 JavaThread "Unconstrained build operations Thread 7" [_thread_blocked, id=10388, stack(0x000000cd72300000,0x000000cd72400000)]
  0x0000025ccf404800 JavaThread "Unconstrained build operations Thread 8" [_thread_blocked, id=13900, stack(0x000000cd72400000,0x000000cd72500000)]
  0x0000025ccf405000 JavaThread "Unconstrained build operations Thread 9" [_thread_blocked, id=1864, stack(0x000000cd72500000,0x000000cd72600000)]
  0x0000025ccf3ff800 JavaThread "Unconstrained build operations Thread 10" [_thread_blocked, id=8280, stack(0x000000cd72600000,0x000000cd72700000)]
  0x0000025ccf401000 JavaThread "Unconstrained build operations Thread 11" [_thread_blocked, id=10892, stack(0x000000cd72700000,0x000000cd72800000)]
  0x0000025ccf400000 JavaThread "Unconstrained build operations Thread 12" [_thread_blocked, id=6560, stack(0x000000cd72800000,0x000000cd72900000)]
  0x0000025ccf406000 JavaThread "Unconstrained build operations Thread 13" [_thread_blocked, id=2768, stack(0x000000cd72900000,0x000000cd72a00000)]
  0x0000025ccf40b000 JavaThread "Unconstrained build operations Thread 14" [_thread_blocked, id=1456, stack(0x000000cd72a00000,0x000000cd72b00000)]
  0x0000025ccf40b800 JavaThread "Unconstrained build operations Thread 15" [_thread_blocked, id=12020, stack(0x000000cd72b00000,0x000000cd72c00000)]
  0x0000025ccf40c800 JavaThread "Unconstrained build operations Thread 16" [_thread_blocked, id=5892, stack(0x000000cd72c00000,0x000000cd72d00000)]
  0x0000025ccf40a000 JavaThread "Unconstrained build operations Thread 17" [_thread_blocked, id=8244, stack(0x000000cd72d00000,0x000000cd72e00000)]
  0x0000025ccf408800 JavaThread "Unconstrained build operations Thread 18" [_thread_blocked, id=4816, stack(0x000000cd72e00000,0x000000cd72f00000)]
  0x0000025ccf406800 JavaThread "Unconstrained build operations Thread 19" [_thread_blocked, id=12056, stack(0x000000cd72f00000,0x000000cd73000000)]
  0x0000025ccf409000 JavaThread "Unconstrained build operations Thread 20" [_thread_blocked, id=2224, stack(0x000000cd73000000,0x000000cd73100000)]
  0x0000025ccf40d800 JavaThread "Unconstrained build operations Thread 21" [_thread_blocked, id=1556, stack(0x000000cd73100000,0x000000cd73200000)]
  0x0000025ccf407800 JavaThread "Unconstrained build operations Thread 22" [_thread_blocked, id=7984, stack(0x000000cd73200000,0x000000cd73300000)]
  0x0000025ccf40e000 JavaThread "Unconstrained build operations Thread 23" [_thread_blocked, id=1316, stack(0x000000cd73300000,0x000000cd73400000)]
  0x0000025cd2170000 JavaThread "Unconstrained build operations Thread 24" [_thread_blocked, id=13276, stack(0x000000cd73400000,0x000000cd73500000)]
  0x0000025cd216f000 JavaThread "Unconstrained build operations Thread 25" [_thread_blocked, id=11492, stack(0x000000cd73500000,0x000000cd73600000)]
  0x0000025cd2174800 JavaThread "Unconstrained build operations Thread 26" [_thread_blocked, id=11972, stack(0x000000cd73600000,0x000000cd73700000)]
  0x0000025cd2175800 JavaThread "Unconstrained build operations Thread 27" [_thread_blocked, id=11936, stack(0x000000cd73700000,0x000000cd73800000)]
  0x0000025cd2174000 JavaThread "Unconstrained build operations Thread 28" [_thread_blocked, id=8024, stack(0x000000cd73800000,0x000000cd73900000)]
  0x0000025cd2176800 JavaThread "Unconstrained build operations Thread 29" [_thread_blocked, id=4308, stack(0x000000cd73900000,0x000000cd73a00000)]
  0x0000025cd2170800 JavaThread "Unconstrained build operations Thread 30" [_thread_blocked, id=8756, stack(0x000000cd73a00000,0x000000cd73b00000)]
  0x0000025cd2177000 JavaThread "Unconstrained build operations Thread 31" [_thread_blocked, id=3168, stack(0x000000cd73b00000,0x000000cd73c00000)]
  0x0000025cd2171800 JavaThread "Unconstrained build operations Thread 32" [_thread_blocked, id=12924, stack(0x000000cd73c00000,0x000000cd73d00000)]
  0x0000025cd2178000 JavaThread "Unconstrained build operations Thread 33" [_thread_blocked, id=1104, stack(0x000000cd73d00000,0x000000cd73e00000)]
  0x0000025cd2172800 JavaThread "Unconstrained build operations Thread 34" [_thread_blocked, id=444, stack(0x000000cd73e00000,0x000000cd73f00000)]
  0x0000025cd2179000 JavaThread "Unconstrained build operations Thread 35" [_thread_blocked, id=11924, stack(0x000000cd73f00000,0x000000cd74000000)]
  0x0000025cd2173000 JavaThread "Unconstrained build operations Thread 36" [_thread_blocked, id=2660, stack(0x000000cd74000000,0x000000cd74100000)]
  0x0000025cd217a800 JavaThread "Unconstrained build operations Thread 37" [_thread_blocked, id=8456, stack(0x000000cd74100000,0x000000cd74200000)]
  0x0000025cd217c000 JavaThread "Unconstrained build operations Thread 38" [_thread_blocked, id=14124, stack(0x000000cd74200000,0x000000cd74300000)]
  0x0000025cd2179800 JavaThread "Unconstrained build operations Thread 39" [_thread_blocked, id=11844, stack(0x000000cd74300000,0x000000cd74400000)]
  0x0000025cd217d800 JavaThread "Unconstrained build operations Thread 40" [_thread_blocked, id=11160, stack(0x000000cd74400000,0x000000cd74500000)]
  0x0000025cd217b800 JavaThread "Unconstrained build operations Thread 41" [_thread_blocked, id=7312, stack(0x000000cd74500000,0x000000cd74600000)]
  0x0000025cd217d000 JavaThread "Unconstrained build operations Thread 42" [_thread_blocked, id=8628, stack(0x000000cd74600000,0x000000cd74700000)]
  0x0000025cceabd800 JavaThread "Unconstrained build operations Thread 43" [_thread_blocked, id=11600, stack(0x000000cd74700000,0x000000cd74800000)]
  0x0000025cceab9800 JavaThread "Unconstrained build operations Thread 44" [_thread_blocked, id=8800, stack(0x000000cd74800000,0x000000cd74900000)]
  0x0000025cceabb000 JavaThread "Unconstrained build operations Thread 45" [_thread_blocked, id=14220, stack(0x000000cd74900000,0x000000cd74a00000)]
  0x0000025cceaba000 JavaThread "Unconstrained build operations Thread 46" [_thread_blocked, id=11536, stack(0x000000cd74a00000,0x000000cd74b00000)]
  0x0000025cceabc000 JavaThread "Unconstrained build operations Thread 47" [_thread_blocked, id=3936, stack(0x000000cd74b00000,0x000000cd74c00000)]
  0x0000025cceabc800 JavaThread "Unconstrained build operations Thread 48" [_thread_blocked, id=13720, stack(0x000000cd74c00000,0x000000cd74d00000)]
  0x0000025cceab7800 JavaThread "Unconstrained build operations Thread 49" [_thread_blocked, id=14096, stack(0x000000cd74d00000,0x000000cd74e00000)]
  0x0000025cceabe800 JavaThread "Unconstrained build operations Thread 50" [_thread_blocked, id=5416, stack(0x000000cd74e00000,0x000000cd74f00000)]
  0x0000025cceab8800 JavaThread "Unconstrained build operations Thread 51" [_thread_blocked, id=3204, stack(0x000000cd74f00000,0x000000cd75000000)]
  0x0000025cceac0800 JavaThread "Unconstrained build operations Thread 52" [_thread_blocked, id=2840, stack(0x000000cd75000000,0x000000cd75100000)]
  0x0000025cceac1800 JavaThread "Unconstrained build operations Thread 53" [_thread_blocked, id=7292, stack(0x000000cd75100000,0x000000cd75200000)]
  0x0000025cceac5000 JavaThread "Unconstrained build operations Thread 54" [_thread_blocked, id=820, stack(0x000000cd75200000,0x000000cd75300000)]
  0x0000025cceac2800 JavaThread "Unconstrained build operations Thread 55" [_thread_blocked, id=11784, stack(0x000000cd75300000,0x000000cd75400000)]
  0x0000025cceabf000 JavaThread "Unconstrained build operations Thread 56" [_thread_blocked, id=9932, stack(0x000000cd75400000,0x000000cd75500000)]
  0x0000025cceac5800 JavaThread "Unconstrained build operations Thread 57" [_thread_blocked, id=4504, stack(0x000000cd75500000,0x000000cd75600000)]
  0x0000025cceac3000 JavaThread "Unconstrained build operations Thread 58" [_thread_blocked, id=11540, stack(0x000000cd75600000,0x000000cd75700000)]
  0x0000025cceac4000 JavaThread "Unconstrained build operations Thread 59" [_thread_blocked, id=644, stack(0x000000cd75700000,0x000000cd75800000)]
  0x0000025cceac0000 JavaThread "Unconstrained build operations Thread 60" [_thread_blocked, id=11360, stack(0x000000cd75800000,0x000000cd75900000)]
  0x0000025cceac6800 JavaThread "Unconstrained build operations Thread 61" [_thread_blocked, id=7756, stack(0x000000cd75900000,0x000000cd75a00000)]
  0x0000025cced15000 JavaThread "Unconstrained build operations Thread 62" [_thread_blocked, id=5236, stack(0x000000cd75a00000,0x000000cd75b00000)]
  0x0000025cced12800 JavaThread "Unconstrained build operations Thread 63" [_thread_blocked, id=11552, stack(0x000000cd75b00000,0x000000cd75c00000)]
  0x0000025cced13800 JavaThread "Unconstrained build operations Thread 64" [_thread_blocked, id=6080, stack(0x000000cd75c00000,0x000000cd75d00000)]
  0x0000025cced10000 JavaThread "Unconstrained build operations Thread 65" [_thread_blocked, id=13688, stack(0x000000cd75d00000,0x000000cd75e00000)]
  0x0000025cced17000 JavaThread "Unconstrained build operations Thread 66" [_thread_blocked, id=13616, stack(0x000000cd75e00000,0x000000cd75f00000)]
  0x0000025cced14800 JavaThread "Unconstrained build operations Thread 67" [_thread_blocked, id=2088, stack(0x000000cd75f00000,0x000000cd76000000)]
  0x0000025cced12000 JavaThread "Unconstrained build operations Thread 68" [_thread_blocked, id=4032, stack(0x000000cd76000000,0x000000cd76100000)]
  0x0000025cced16000 JavaThread "Unconstrained build operations Thread 69" [_thread_blocked, id=12448, stack(0x000000cd76100000,0x000000cd76200000)]
  0x0000025cced11000 JavaThread "Unconstrained build operations Thread 70" [_thread_blocked, id=4880, stack(0x000000cd76200000,0x000000cd76300000)]
  0x0000025cced1a000 JavaThread "Unconstrained build operations Thread 71" [_thread_blocked, id=14016, stack(0x000000cd76300000,0x000000cd76400000)]
  0x0000025cced1c800 JavaThread "Unconstrained build operations Thread 72" [_thread_blocked, id=11304, stack(0x000000cd76400000,0x000000cd76500000)]
  0x0000025cced1d800 JavaThread "Unconstrained build operations Thread 73" [_thread_blocked, id=6212, stack(0x000000cd76500000,0x000000cd76600000)]
  0x0000025cced1b000 JavaThread "Unconstrained build operations Thread 74" [_thread_blocked, id=13832, stack(0x000000cd76600000,0x000000cd76700000)]
  0x0000025cced1b800 JavaThread "Unconstrained build operations Thread 75" [_thread_blocked, id=11192, stack(0x000000cd76700000,0x000000cd76800000)]
  0x0000025cced17800 JavaThread "Unconstrained build operations Thread 76" [_thread_blocked, id=13964, stack(0x000000cd76800000,0x000000cd76900000)]
  0x0000025cced1e000 JavaThread "Unconstrained build operations Thread 77" [_thread_blocked, id=7052, stack(0x000000cd76900000,0x000000cd76a00000)]
  0x0000025cced18800 JavaThread "Unconstrained build operations Thread 78" [_thread_blocked, id=7400, stack(0x000000cd76a00000,0x000000cd76b00000)]
  0x0000025cced1f000 JavaThread "Unconstrained build operations Thread 79" [_thread_blocked, id=13864, stack(0x000000cd76b00000,0x000000cd76c00000)]
  0x0000025cced19000 JavaThread "Unconstrained build operations Thread 80" [_thread_blocked, id=10888, stack(0x000000cd76c00000,0x000000cd76d00000)]
  0x0000025cd4318000 JavaThread "Memory manager" [_thread_blocked, id=7368, stack(0x000000cd6f500000,0x000000cd6f600000)]
  0x0000025cd4313000 JavaThread "pool-3-thread-1" [_thread_blocked, id=14036, stack(0x000000cd76d00000,0x000000cd76e00000)]

Other Threads:
  0x0000025ccb85d800 VMThread "VM Thread" [stack: 0x000000cd6e900000,0x000000cd6ea00000] [id=5380]
  0x0000025ccc343800 WatcherThread [stack: 0x000000cd6f300000,0x000000cd6f400000] [id=1700]
  0x0000025cb0c14800 GCTaskThread "GC Thread#0" [stack: 0x000000cd6e400000,0x000000cd6e500000] [id=4268]
  0x0000025ccc75b800 GCTaskThread "GC Thread#1" [stack: 0x000000cd6f600000,0x000000cd6f700000] [id=7656]
  0x0000025ccccf6000 GCTaskThread "GC Thread#2" [stack: 0x000000cd6f700000,0x000000cd6f800000] [id=8648]
  0x0000025ccdabc800 GCTaskThread "GC Thread#3" [stack: 0x000000cd70200000,0x000000cd70300000] [id=3332]
  0x0000025cceaf2000 GCTaskThread "GC Thread#4" [stack: 0x000000cd70300000,0x000000cd70400000] [id=13752]
  0x0000025cce16e800 GCTaskThread "GC Thread#5" [stack: 0x000000cd70400000,0x000000cd70500000] [id=12088]
  0x0000025cce16f000 GCTaskThread "GC Thread#6" [stack: 0x000000cd70500000,0x000000cd70600000] [id=2092]
  0x0000025ccd104800 GCTaskThread "GC Thread#7" [stack: 0x000000cd70600000,0x000000cd70700000] [id=11260]
  0x0000025cb0c46800 ConcurrentGCThread "G1 Main Marker" [stack: 0x000000cd6e500000,0x000000cd6e600000] [id=10412]
  0x0000025cb0c48000 ConcurrentGCThread "G1 Conc#0" [stack: 0x000000cd6e600000,0x000000cd6e700000] [id=13348]
  0x0000025ccd832000 ConcurrentGCThread "G1 Conc#1" [stack: 0x000000cd70900000,0x000000cd70a00000] [id=6984]
  0x0000025ccb6b0800 ConcurrentGCThread "G1 Refine#0" [stack: 0x000000cd6e700000,0x000000cd6e800000] [id=12308]
  0x0000025ccb6b1000 ConcurrentGCThread "G1 Young RemSet Sampling" [stack: 0x000000cd6e800000,0x000000cd6e900000] [id=7520]

Threads with active compile tasks:
C2 CompilerThread0   8579 7343       4       com.sun.beans.TypeResolver::resolve (37 bytes)
C2 CompilerThread1   8579 7347       4       java.beans.Introspector::addMethod (196 bytes)

VM state:not at safepoint (normal execution)

VM Mutex/Monitor currently owned by a thread: None

Heap address: 0x0000000080000000, size: 2048 MB, Compressed Oops mode: 32-bit
Narrow klass base: 0x0000000000000000, Narrow klass shift: 3
Compressed class space size: 1073741824 Address: 0x0000000100000000

Heap:
 garbage-first heap   total 187392K, used 114801K [0x0000000080000000, 0x0000000100000000)
  region size 1024K, 35 young (35840K), 6 survivors (6144K)
 Metaspace       used 76693K, capacity 78672K, committed 78872K, reserved 1118208K
  class space    used 9907K, capacity 10590K, committed 10624K, reserved 1048576K
Heap Regions: E=young(eden), S=young(survivor), O=old, HS=humongous(starts), HC=humongous(continues), CS=collection set, F=free, A=archive, TAMS=top-at-mark-start (previous, next)
|   0|0x0000000080000000, 0x0000000080100000, 0x0000000080100000|100%| O|  |TAMS 0x0000000080100000, 0x0000000080000000| Untracked 
|   1|0x0000000080100000, 0x0000000080200000, 0x0000000080200000|100%| O|  |TAMS 0x0000000080200000, 0x0000000080100000| Untracked 
|   2|0x0000000080200000, 0x0000000080300000, 0x0000000080300000|100%| O|  |TAMS 0x0000000080300000, 0x0000000080200000| Untracked 
|   3|0x0000000080300000, 0x0000000080400000, 0x0000000080400000|100%|HS|  |TAMS 0x0000000080400000, 0x0000000080300000| Complete 
|   4|0x0000000080400000, 0x0000000080500000, 0x0000000080500000|100%|HC|  |TAMS 0x0000000080500000, 0x0000000080400000| Complete 
|   5|0x0000000080500000, 0x0000000080600000, 0x0000000080600000|100%|HC|  |TAMS 0x0000000080600000, 0x0000000080500000| Complete 
|   6|0x0000000080600000, 0x0000000080700000, 0x0000000080700000|100%| O|  |TAMS 0x0000000080700000, 0x0000000080600000| Untracked 
|   7|0x0000000080700000, 0x0000000080800000, 0x0000000080800000|100%| O|  |TAMS 0x0000000080800000, 0x0000000080700000| Untracked 
|   8|0x0000000080800000, 0x0000000080900000, 0x0000000080900000|100%| O|  |TAMS 0x0000000080900000, 0x0000000080800000| Untracked 
|   9|0x0000000080900000, 0x0000000080a00000, 0x0000000080a00000|100%| O|  |TAMS 0x0000000080a00000, 0x0000000080900000| Untracked 
|  10|0x0000000080a00000, 0x0000000080b00000, 0x0000000080b00000|100%| O|  |TAMS 0x0000000080b00000, 0x0000000080a00000| Untracked 
|  11|0x0000000080b00000, 0x0000000080c00000, 0x0000000080c00000|100%| O|  |TAMS 0x0000000080c00000, 0x0000000080b00000| Untracked 
|  12|0x0000000080c00000, 0x0000000080d00000, 0x0000000080d00000|100%| O|  |TAMS 0x0000000080d00000, 0x0000000080c00000| Untracked 
|  13|0x0000000080d00000, 0x0000000080e00000, 0x0000000080e00000|100%| O|  |TAMS 0x0000000080e00000, 0x0000000080d00000| Untracked 
|  14|0x0000000080e00000, 0x0000000080f00000, 0x0000000080f00000|100%| O|  |TAMS 0x0000000080f00000, 0x0000000080e00000| Untracked 
|  15|0x0000000080f00000, 0x0000000081000000, 0x0000000081000000|100%| O|  |TAMS 0x0000000081000000, 0x0000000080f00000| Untracked 
|  16|0x0000000081000000, 0x0000000081100000, 0x0000000081100000|100%|HS|  |TAMS 0x0000000081100000, 0x0000000081000000| Complete 
|  17|0x0000000081100000, 0x0000000081200000, 0x0000000081200000|100%|HC|  |TAMS 0x0000000081200000, 0x0000000081100000| Complete 
|  18|0x0000000081200000, 0x0000000081300000, 0x0000000081300000|100%|HS|  |TAMS 0x0000000081300000, 0x0000000081200000| Complete 
|  19|0x0000000081300000, 0x0000000081400000, 0x0000000081400000|100%|HC|  |TAMS 0x0000000081400000, 0x0000000081300000| Complete 
|  20|0x0000000081400000, 0x0000000081500000, 0x0000000081500000|100%|HC|  |TAMS 0x0000000081500000, 0x0000000081400000| Complete 
|  21|0x0000000081500000, 0x0000000081600000, 0x0000000081600000|100%|HS|  |TAMS 0x0000000081600000, 0x0000000081500000| Complete 
|  22|0x0000000081600000, 0x0000000081700000, 0x0000000081700000|100%|HS|  |TAMS 0x0000000081700000, 0x0000000081600000| Complete 
|  23|0x0000000081700000, 0x0000000081800000, 0x0000000081800000|100%|HC|  |TAMS 0x0000000081800000, 0x0000000081700000| Complete 
|  24|0x0000000081800000, 0x0000000081900000, 0x0000000081900000|100%|HC|  |TAMS 0x0000000081900000, 0x0000000081800000| Complete 
|  25|0x0000000081900000, 0x0000000081a00000, 0x0000000081a00000|100%|HC|  |TAMS 0x0000000081a00000, 0x0000000081900000| Complete 
|  26|0x0000000081a00000, 0x0000000081b00000, 0x0000000081b00000|100%| O|  |TAMS 0x0000000081b00000, 0x0000000081a00000| Untracked 
|  27|0x0000000081b00000, 0x0000000081c00000, 0x0000000081c00000|100%| O|  |TAMS 0x0000000081c00000, 0x0000000081b00000| Untracked 
|  28|0x0000000081c00000, 0x0000000081d00000, 0x0000000081d00000|100%| O|  |TAMS 0x0000000081d00000, 0x0000000081c00000| Untracked 
|  29|0x0000000081d00000, 0x0000000081e00000, 0x0000000081e00000|100%| O|  |TAMS 0x0000000081e00000, 0x0000000081d00000| Untracked 
|  30|0x0000000081e00000, 0x0000000081f00000, 0x0000000081f00000|100%| O|  |TAMS 0x0000000081f00000, 0x0000000081e00000| Untracked 
|  31|0x0000000081f00000, 0x0000000082000000, 0x0000000082000000|100%| O|  |TAMS 0x0000000082000000, 0x0000000081f00000| Untracked 
|  32|0x0000000082000000, 0x0000000082100000, 0x0000000082100000|100%| O|  |TAMS 0x0000000082100000, 0x0000000082000000| Untracked 
|  33|0x0000000082100000, 0x0000000082200000, 0x0000000082200000|100%| O|  |TAMS 0x0000000082200000, 0x0000000082100000| Untracked 
|  34|0x0000000082200000, 0x0000000082300000, 0x0000000082300000|100%|HS|  |TAMS 0x0000000082300000, 0x0000000082200000| Complete 
|  35|0x0000000082300000, 0x0000000082400000, 0x0000000082400000|100%|HS|  |TAMS 0x0000000082400000, 0x0000000082300000| Complete 
|  36|0x0000000082400000, 0x0000000082500000, 0x0000000082500000|100%|HC|  |TAMS 0x0000000082500000, 0x0000000082400000| Complete 
|  37|0x0000000082500000, 0x0000000082600000, 0x0000000082600000|100%|HC|  |TAMS 0x0000000082600000, 0x0000000082500000| Complete 
|  38|0x0000000082600000, 0x0000000082700000, 0x0000000082700000|100%| O|  |TAMS 0x0000000082700000, 0x0000000082600000| Untracked 
|  39|0x0000000082700000, 0x0000000082800000, 0x0000000082800000|100%| O|  |TAMS 0x0000000082800000, 0x0000000082700000| Untracked 
|  40|0x0000000082800000, 0x0000000082900000, 0x0000000082900000|100%| O|  |TAMS 0x0000000082900000, 0x0000000082800000| Untracked 
|  41|0x0000000082900000, 0x0000000082a00000, 0x0000000082a00000|100%| O|  |TAMS 0x0000000082a00000, 0x0000000082900000| Untracked 
|  42|0x0000000082a00000, 0x0000000082b00000, 0x0000000082b00000|100%| O|  |TAMS 0x0000000082b00000, 0x0000000082a00000| Untracked 
|  43|0x0000000082b00000, 0x0000000082c00000, 0x0000000082c00000|100%| O|  |TAMS 0x0000000082c00000, 0x0000000082b00000| Untracked 
|  44|0x0000000082c00000, 0x0000000082d00000, 0x0000000082d00000|100%| O|  |TAMS 0x0000000082d00000, 0x0000000082c00000| Untracked 
|  45|0x0000000082d00000, 0x0000000082e00000, 0x0000000082e00000|100%|HS|  |TAMS 0x0000000082e00000, 0x0000000082d00000| Complete 
|  46|0x0000000082e00000, 0x0000000082f00000, 0x0000000082f00000|100%|HC|  |TAMS 0x0000000082f00000, 0x0000000082e00000| Complete 
|  47|0x0000000082f00000, 0x0000000083000000, 0x0000000083000000|100%|HC|  |TAMS 0x0000000083000000, 0x0000000082f00000| Complete 
|  48|0x0000000083000000, 0x0000000083100000, 0x0000000083100000|100%|HC|  |TAMS 0x0000000083100000, 0x0000000083000000| Complete 
|  49|0x0000000083100000, 0x0000000083200000, 0x0000000083200000|100%| O|  |TAMS 0x0000000083200000, 0x0000000083100000| Untracked 
|  50|0x0000000083200000, 0x0000000083300000, 0x0000000083300000|100%| O|  |TAMS 0x0000000083300000, 0x0000000083200000| Untracked 
|  51|0x0000000083300000, 0x0000000083400000, 0x0000000083400000|100%| O|  |TAMS 0x0000000083400000, 0x0000000083300000| Untracked 
|  52|0x0000000083400000, 0x0000000083500000, 0x0000000083500000|100%| O|  |TAMS 0x0000000083500000, 0x0000000083400000| Untracked 
|  53|0x0000000083500000, 0x0000000083600000, 0x0000000083600000|100%| O|  |TAMS 0x0000000083600000, 0x0000000083500000| Untracked 
|  54|0x0000000083600000, 0x0000000083700000, 0x0000000083700000|100%| O|  |TAMS 0x0000000083700000, 0x0000000083600000| Untracked 
|  55|0x0000000083700000, 0x0000000083800000, 0x0000000083800000|100%| O|  |TAMS 0x0000000083800000, 0x0000000083700000| Untracked 
|  56|0x0000000083800000, 0x0000000083900000, 0x0000000083900000|100%| O|  |TAMS 0x0000000083900000, 0x0000000083800000| Untracked 
|  57|0x0000000083900000, 0x0000000083a00000, 0x0000000083a00000|100%|HS|  |TAMS 0x0000000083a00000, 0x0000000083900000| Complete 
|  58|0x0000000083a00000, 0x0000000083b00000, 0x0000000083b00000|100%|HS|  |TAMS 0x0000000083b00000, 0x0000000083a00000| Complete 
|  59|0x0000000083b00000, 0x0000000083c00000, 0x0000000083c00000|100%|HS|  |TAMS 0x0000000083c00000, 0x0000000083b00000| Complete 
|  60|0x0000000083c00000, 0x0000000083d00000, 0x0000000083d00000|100%|HC|  |TAMS 0x0000000083d00000, 0x0000000083c00000| Complete 
|  61|0x0000000083d00000, 0x0000000083e00000, 0x0000000083e00000|100%| O|  |TAMS 0x0000000083e00000, 0x0000000083d00000| Untracked 
|  62|0x0000000083e00000, 0x0000000083f00000, 0x0000000083f00000|100%| O|  |TAMS 0x0000000083f00000, 0x0000000083e00000| Untracked 
|  63|0x0000000083f00000, 0x0000000084000000, 0x0000000084000000|100%| O|  |TAMS 0x0000000084000000, 0x0000000083f00000| Untracked 
|  64|0x0000000084000000, 0x0000000084100000, 0x0000000084100000|100%| O|  |TAMS 0x0000000084100000, 0x0000000084000000| Untracked 
|  65|0x0000000084100000, 0x0000000084200000, 0x0000000084200000|100%| O|  |TAMS 0x0000000084200000, 0x0000000084100000| Untracked 
|  66|0x0000000084200000, 0x0000000084300000, 0x0000000084300000|100%| O|  |TAMS 0x0000000084300000, 0x0000000084200000| Untracked 
|  67|0x0000000084300000, 0x0000000084400000, 0x0000000084400000|100%| O|  |TAMS 0x0000000084400000, 0x0000000084300000| Untracked 
|  68|0x0000000084400000, 0x0000000084500000, 0x0000000084500000|100%| O|  |TAMS 0x0000000084500000, 0x0000000084400000| Untracked 
|  69|0x0000000084500000, 0x0000000084600000, 0x0000000084600000|100%| O|  |TAMS 0x0000000084600000, 0x0000000084500000| Untracked 
|  70|0x0000000084600000, 0x0000000084700000, 0x0000000084700000|100%| O|  |TAMS 0x0000000084700000, 0x0000000084600000| Untracked 
|  71|0x0000000084700000, 0x0000000084800000, 0x0000000084800000|100%| O|  |TAMS 0x0000000084800000, 0x0000000084700000| Untracked 
|  72|0x0000000084800000, 0x0000000084900000, 0x0000000084900000|100%| O|  |TAMS 0x0000000084900000, 0x0000000084800000| Untracked 
|  73|0x0000000084900000, 0x0000000084a00000, 0x0000000084a00000|100%| O|  |TAMS 0x0000000084962400, 0x0000000084900000| Untracked 
|  74|0x0000000084a00000, 0x0000000084b00000, 0x0000000084b00000|100%| O|  |TAMS 0x0000000084a00000, 0x0000000084a00000| Untracked 
|  75|0x0000000084b00000, 0x0000000084c00000, 0x0000000084c00000|100%| O|  |TAMS 0x0000000084b00000, 0x0000000084b00000| Untracked 
|  76|0x0000000084c00000, 0x0000000084d00000, 0x0000000084d00000|100%| O|  |TAMS 0x0000000084c00000, 0x0000000084c00000| Untracked 
|  77|0x0000000084d00000, 0x0000000084e00000, 0x0000000084e00000|100%| O|  |TAMS 0x0000000084d00000, 0x0000000084d00000| Untracked 
|  78|0x0000000084e00000, 0x0000000084f00000, 0x0000000084f00000|100%| O|  |TAMS 0x0000000084e00000, 0x0000000084e00000| Untracked 
|  79|0x0000000084f00000, 0x0000000084f1c400, 0x0000000085000000| 11%| O|  |TAMS 0x0000000084f00000, 0x0000000084f00000| Untracked 
|  80|0x0000000085000000, 0x0000000085000000, 0x0000000085100000|  0%| F|  |TAMS 0x0000000085000000, 0x0000000085000000| Untracked 
|  81|0x0000000085100000, 0x0000000085100000, 0x0000000085200000|  0%| F|  |TAMS 0x0000000085100000, 0x0000000085100000| Untracked 
|  82|0x0000000085200000, 0x0000000085200000, 0x0000000085300000|  0%| F|  |TAMS 0x0000000085200000, 0x0000000085200000| Untracked 
|  83|0x0000000085300000, 0x0000000085300000, 0x0000000085400000|  0%| F|  |TAMS 0x0000000085300000, 0x0000000085300000| Untracked 
|  84|0x0000000085400000, 0x0000000085400000, 0x0000000085500000|  0%| F|  |TAMS 0x0000000085400000, 0x0000000085400000| Untracked 
|  85|0x0000000085500000, 0x0000000085500000, 0x0000000085600000|  0%| F|  |TAMS 0x0000000085500000, 0x0000000085500000| Untracked 
|  86|0x0000000085600000, 0x0000000085600000, 0x0000000085700000|  0%| F|  |TAMS 0x0000000085600000, 0x0000000085600000| Untracked 
|  87|0x0000000085700000, 0x0000000085700000, 0x0000000085800000|  0%| F|  |TAMS 0x0000000085700000, 0x0000000085700000| Untracked 
|  88|0x0000000085800000, 0x0000000085800000, 0x0000000085900000|  0%| F|  |TAMS 0x0000000085800000, 0x0000000085800000| Untracked 
|  89|0x0000000085900000, 0x0000000085900000, 0x0000000085a00000|  0%| F|  |TAMS 0x0000000085900000, 0x0000000085900000| Untracked 
|  90|0x0000000085a00000, 0x0000000085a00000, 0x0000000085b00000|  0%| F|  |TAMS 0x0000000085a00000, 0x0000000085a00000| Untracked 
|  91|0x0000000085b00000, 0x0000000085b00000, 0x0000000085c00000|  0%| F|  |TAMS 0x0000000085b00000, 0x0000000085b00000| Untracked 
|  92|0x0000000085c00000, 0x0000000085c00000, 0x0000000085d00000|  0%| F|  |TAMS 0x0000000085c00000, 0x0000000085c00000| Untracked 
|  93|0x0000000085d00000, 0x0000000085d00000, 0x0000000085e00000|  0%| F|  |TAMS 0x0000000085d00000, 0x0000000085d00000| Untracked 
|  94|0x0000000085e00000, 0x0000000085e00000, 0x0000000085f00000|  0%| F|  |TAMS 0x0000000085e00000, 0x0000000085e00000| Untracked 
|  95|0x0000000085f00000, 0x0000000085f00000, 0x0000000086000000|  0%| F|  |TAMS 0x0000000085f00000, 0x0000000085f00000| Untracked 
|  96|0x0000000086000000, 0x0000000086000000, 0x0000000086100000|  0%| F|  |TAMS 0x0000000086000000, 0x0000000086000000| Untracked 
|  97|0x0000000086100000, 0x0000000086100000, 0x0000000086200000|  0%| F|  |TAMS 0x0000000086100000, 0x0000000086100000| Untracked 
|  98|0x0000000086200000, 0x0000000086200000, 0x0000000086300000|  0%| F|  |TAMS 0x0000000086200000, 0x0000000086200000| Untracked 
|  99|0x0000000086300000, 0x0000000086300000, 0x0000000086400000|  0%| F|  |TAMS 0x0000000086300000, 0x0000000086300000| Untracked 
| 100|0x0000000086400000, 0x0000000086400000, 0x0000000086500000|  0%| F|  |TAMS 0x0000000086400000, 0x0000000086400000| Untracked 
| 101|0x0000000086500000, 0x0000000086500000, 0x0000000086600000|  0%| F|  |TAMS 0x0000000086500000, 0x0000000086500000| Untracked 
| 102|0x0000000086600000, 0x0000000086600000, 0x0000000086700000|  0%| F|  |TAMS 0x0000000086600000, 0x0000000086600000| Untracked 
| 103|0x0000000086700000, 0x0000000086700000, 0x0000000086800000|  0%| F|  |TAMS 0x0000000086700000, 0x0000000086700000| Untracked 
| 104|0x0000000086800000, 0x0000000086800000, 0x0000000086900000|  0%| F|  |TAMS 0x0000000086800000, 0x0000000086800000| Untracked 
| 105|0x0000000086900000, 0x0000000086900000, 0x0000000086a00000|  0%| F|  |TAMS 0x0000000086900000, 0x0000000086900000| Untracked 
| 106|0x0000000086a00000, 0x0000000086a00000, 0x0000000086b00000|  0%| F|  |TAMS 0x0000000086a00000, 0x0000000086a00000| Untracked 
| 107|0x0000000086b00000, 0x0000000086b00000, 0x0000000086c00000|  0%| F|  |TAMS 0x0000000086b00000, 0x0000000086b00000| Untracked 
| 108|0x0000000086c00000, 0x0000000086c00000, 0x0000000086d00000|  0%| F|  |TAMS 0x0000000086c00000, 0x0000000086c00000| Untracked 
| 109|0x0000000086d00000, 0x0000000086d00000, 0x0000000086e00000|  0%| F|  |TAMS 0x0000000086d00000, 0x0000000086d00000| Untracked 
| 110|0x0000000086e00000, 0x0000000086e00000, 0x0000000086f00000|  0%| F|  |TAMS 0x0000000086e00000, 0x0000000086e00000| Untracked 
| 111|0x0000000086f00000, 0x0000000086f00000, 0x0000000087000000|  0%| F|  |TAMS 0x0000000086f00000, 0x0000000086f00000| Untracked 
| 112|0x0000000087000000, 0x0000000087000000, 0x0000000087100000|  0%| F|  |TAMS 0x0000000087000000, 0x0000000087000000| Untracked 
| 113|0x0000000087100000, 0x0000000087100000, 0x0000000087200000|  0%| F|  |TAMS 0x0000000087100000, 0x0000000087100000| Untracked 
| 114|0x0000000087200000, 0x0000000087200000, 0x0000000087300000|  0%| F|  |TAMS 0x0000000087200000, 0x0000000087200000| Untracked 
| 115|0x0000000087300000, 0x0000000087300000, 0x0000000087400000|  0%| F|  |TAMS 0x0000000087300000, 0x0000000087300000| Untracked 
| 116|0x0000000087400000, 0x0000000087400000, 0x0000000087500000|  0%| F|  |TAMS 0x0000000087400000, 0x0000000087400000| Untracked 
| 117|0x0000000087500000, 0x0000000087500000, 0x0000000087600000|  0%| F|  |TAMS 0x0000000087500000, 0x0000000087500000| Untracked 
| 118|0x0000000087600000, 0x0000000087600000, 0x0000000087700000|  0%| F|  |TAMS 0x0000000087600000, 0x0000000087600000| Untracked 
| 119|0x0000000087700000, 0x0000000087700000, 0x0000000087800000|  0%| F|  |TAMS 0x0000000087700000, 0x0000000087700000| Untracked 
| 120|0x0000000087800000, 0x0000000087800000, 0x0000000087900000|  0%| F|  |TAMS 0x0000000087800000, 0x0000000087800000| Untracked 
| 121|0x0000000087900000, 0x0000000087900000, 0x0000000087a00000|  0%| F|  |TAMS 0x0000000087900000, 0x0000000087900000| Untracked 
| 122|0x0000000087a00000, 0x0000000087a00000, 0x0000000087b00000|  0%| F|  |TAMS 0x0000000087a00000, 0x0000000087a00000| Untracked 
| 123|0x0000000087b00000, 0x0000000087b00000, 0x0000000087c00000|  0%| F|  |TAMS 0x0000000087b00000, 0x0000000087b00000| Untracked 
| 124|0x0000000087c00000, 0x0000000087c00000, 0x0000000087d00000|  0%| F|  |TAMS 0x0000000087c00000, 0x0000000087c00000| Untracked 
| 125|0x0000000087d00000, 0x0000000087e00000, 0x0000000087e00000|100%| S|CS|TAMS 0x0000000087d00000, 0x0000000087d00000| Complete 
| 126|0x0000000087e00000, 0x0000000087f00000, 0x0000000087f00000|100%| S|CS|TAMS 0x0000000087e00000, 0x0000000087e00000| Complete 
| 127|0x0000000087f00000, 0x0000000088000000, 0x0000000088000000|100%| S|CS|TAMS 0x0000000087f00000, 0x0000000087f00000| Complete 
| 128|0x0000000088000000, 0x0000000088100000, 0x0000000088100000|100%| S|CS|TAMS 0x0000000088000000, 0x0000000088000000| Complete 
| 129|0x0000000088100000, 0x0000000088200000, 0x0000000088200000|100%| S|CS|TAMS 0x0000000088100000, 0x0000000088100000| Complete 
| 130|0x0000000088200000, 0x0000000088300000, 0x0000000088300000|100%| S|CS|TAMS 0x0000000088200000, 0x0000000088200000| Complete 
| 131|0x0000000088300000, 0x0000000088300000, 0x0000000088400000|  0%| F|  |TAMS 0x0000000088300000, 0x0000000088300000| Untracked 
| 132|0x0000000088400000, 0x0000000088400000, 0x0000000088500000|  0%| F|  |TAMS 0x0000000088400000, 0x0000000088400000| Untracked 
| 133|0x0000000088500000, 0x0000000088500000, 0x0000000088600000|  0%| F|  |TAMS 0x0000000088500000, 0x0000000088500000| Untracked 
| 134|0x0000000088600000, 0x0000000088600000, 0x0000000088700000|  0%| F|  |TAMS 0x0000000088600000, 0x0000000088600000| Untracked 
| 135|0x0000000088700000, 0x0000000088700000, 0x0000000088800000|  0%| F|  |TAMS 0x0000000088700000, 0x0000000088700000| Untracked 
| 136|0x0000000088800000, 0x0000000088800000, 0x0000000088900000|  0%| F|  |TAMS 0x0000000088800000, 0x0000000088800000| Untracked 
| 137|0x0000000088900000, 0x0000000088900000, 0x0000000088a00000|  0%| F|  |TAMS 0x0000000088900000, 0x0000000088900000| Untracked 
| 138|0x0000000088a00000, 0x0000000088a00000, 0x0000000088b00000|  0%| F|  |TAMS 0x0000000088a00000, 0x0000000088a00000| Untracked 
| 139|0x0000000088b00000, 0x0000000088b00000, 0x0000000088c00000|  0%| F|  |TAMS 0x0000000088b00000, 0x0000000088b00000| Untracked 
| 140|0x0000000088c00000, 0x0000000088c00000, 0x0000000088d00000|  0%| F|  |TAMS 0x0000000088c00000, 0x0000000088c00000| Untracked 
| 141|0x0000000088d00000, 0x0000000088d00000, 0x0000000088e00000|  0%| F|  |TAMS 0x0000000088d00000, 0x0000000088d00000| Untracked 
| 142|0x0000000088e00000, 0x0000000088e00000, 0x0000000088f00000|  0%| F|  |TAMS 0x0000000088e00000, 0x0000000088e00000| Untracked 
| 143|0x0000000088f00000, 0x0000000088f00000, 0x0000000089000000|  0%| F|  |TAMS 0x0000000088f00000, 0x0000000088f00000| Untracked 
| 144|0x0000000089000000, 0x0000000089000000, 0x0000000089100000|  0%| F|  |TAMS 0x0000000089000000, 0x0000000089000000| Untracked 
| 145|0x0000000089100000, 0x0000000089100000, 0x0000000089200000|  0%| F|  |TAMS 0x0000000089100000, 0x0000000089100000| Untracked 
| 146|0x0000000089200000, 0x0000000089200000, 0x0000000089300000|  0%| F|  |TAMS 0x0000000089200000, 0x0000000089200000| Untracked 
| 147|0x0000000089300000, 0x0000000089300000, 0x0000000089400000|  0%| F|  |TAMS 0x0000000089300000, 0x0000000089300000| Untracked 
| 148|0x0000000089400000, 0x0000000089400000, 0x0000000089500000|  0%| F|  |TAMS 0x0000000089400000, 0x0000000089400000| Untracked 
| 149|0x0000000089500000, 0x0000000089500000, 0x0000000089600000|  0%| F|  |TAMS 0x0000000089500000, 0x0000000089500000| Untracked 
| 150|0x0000000089600000, 0x0000000089600000, 0x0000000089700000|  0%| F|  |TAMS 0x0000000089600000, 0x0000000089600000| Untracked 
| 151|0x0000000089700000, 0x0000000089700000, 0x0000000089800000|  0%| F|  |TAMS 0x0000000089700000, 0x0000000089700000| Untracked 
| 152|0x0000000089800000, 0x0000000089800000, 0x0000000089900000|  0%| F|  |TAMS 0x0000000089800000, 0x0000000089800000| Untracked 
| 153|0x0000000089900000, 0x0000000089900000, 0x0000000089a00000|  0%| F|  |TAMS 0x0000000089900000, 0x0000000089900000| Untracked 
| 154|0x0000000089a00000, 0x0000000089b00000, 0x0000000089b00000|100%| E|  |TAMS 0x0000000089a00000, 0x0000000089a00000| Complete 
| 155|0x0000000089b00000, 0x0000000089c00000, 0x0000000089c00000|100%| E|CS|TAMS 0x0000000089b00000, 0x0000000089b00000| Complete 
| 156|0x0000000089c00000, 0x0000000089d00000, 0x0000000089d00000|100%| E|CS|TAMS 0x0000000089c00000, 0x0000000089c00000| Complete 
| 157|0x0000000089d00000, 0x0000000089e00000, 0x0000000089e00000|100%| E|CS|TAMS 0x0000000089d00000, 0x0000000089d00000| Complete 
| 158|0x0000000089e00000, 0x0000000089f00000, 0x0000000089f00000|100%| E|CS|TAMS 0x0000000089e00000, 0x0000000089e00000| Complete 
| 159|0x0000000089f00000, 0x000000008a000000, 0x000000008a000000|100%| E|CS|TAMS 0x0000000089f00000, 0x0000000089f00000| Complete 
| 160|0x000000008a000000, 0x000000008a100000, 0x000000008a100000|100%| E|  |TAMS 0x000000008a000000, 0x000000008a000000| Complete 
| 161|0x000000008a100000, 0x000000008a200000, 0x000000008a200000|100%| E|CS|TAMS 0x000000008a100000, 0x000000008a100000| Complete 
| 162|0x000000008a200000, 0x000000008a300000, 0x000000008a300000|100%| E|CS|TAMS 0x000000008a200000, 0x000000008a200000| Complete 
| 163|0x000000008a300000, 0x000000008a400000, 0x000000008a400000|100%| E|CS|TAMS 0x000000008a300000, 0x000000008a300000| Complete 
| 164|0x000000008a400000, 0x000000008a500000, 0x000000008a500000|100%| E|CS|TAMS 0x000000008a400000, 0x000000008a400000| Complete 
| 165|0x000000008a500000, 0x000000008a600000, 0x000000008a600000|100%| E|CS|TAMS 0x000000008a500000, 0x000000008a500000| Complete 
| 166|0x000000008a600000, 0x000000008a700000, 0x000000008a700000|100%| E|CS|TAMS 0x000000008a600000, 0x000000008a600000| Complete 
| 167|0x000000008a700000, 0x000000008a800000, 0x000000008a800000|100%| E|CS|TAMS 0x000000008a700000, 0x000000008a700000| Complete 
| 168|0x000000008a800000, 0x000000008a900000, 0x000000008a900000|100%| E|CS|TAMS 0x000000008a800000, 0x000000008a800000| Complete 
| 169|0x000000008a900000, 0x000000008aa00000, 0x000000008aa00000|100%| E|CS|TAMS 0x000000008a900000, 0x000000008a900000| Complete 
| 170|0x000000008aa00000, 0x000000008ab00000, 0x000000008ab00000|100%| E|CS|TAMS 0x000000008aa00000, 0x000000008aa00000| Complete 
| 171|0x000000008ab00000, 0x000000008ac00000, 0x000000008ac00000|100%| E|CS|TAMS 0x000000008ab00000, 0x000000008ab00000| Complete 
| 172|0x000000008ac00000, 0x000000008ad00000, 0x000000008ad00000|100%| E|CS|TAMS 0x000000008ac00000, 0x000000008ac00000| Complete 
| 173|0x000000008ad00000, 0x000000008ae00000, 0x000000008ae00000|100%| E|CS|TAMS 0x000000008ad00000, 0x000000008ad00000| Complete 
| 174|0x000000008ae00000, 0x000000008af00000, 0x000000008af00000|100%| E|CS|TAMS 0x000000008ae00000, 0x000000008ae00000| Complete 
| 175|0x000000008af00000, 0x000000008b000000, 0x000000008b000000|100%| E|CS|TAMS 0x000000008af00000, 0x000000008af00000| Complete 
| 176|0x000000008b000000, 0x000000008b100000, 0x000000008b100000|100%| E|CS|TAMS 0x000000008b000000, 0x000000008b000000| Complete 
| 177|0x000000008b100000, 0x000000008b200000, 0x000000008b200000|100%| E|CS|TAMS 0x000000008b100000, 0x000000008b100000| Complete 
| 178|0x000000008b200000, 0x000000008b300000, 0x000000008b300000|100%| E|CS|TAMS 0x000000008b200000, 0x000000008b200000| Complete 
| 179|0x000000008b300000, 0x000000008b400000, 0x000000008b400000|100%| E|CS|TAMS 0x000000008b300000, 0x000000008b300000| Complete 
| 180|0x000000008b400000, 0x000000008b500000, 0x000000008b500000|100%| E|CS|TAMS 0x000000008b400000, 0x000000008b400000| Complete 
| 181|0x000000008b500000, 0x000000008b600000, 0x000000008b600000|100%| E|CS|TAMS 0x000000008b500000, 0x000000008b500000| Complete 
| 182|0x000000008b600000, 0x000000008b700000, 0x000000008b700000|100%| E|CS|TAMS 0x000000008b600000, 0x000000008b600000| Complete 

Card table byte_map: [0x0000025cc4570000,0x0000025cc4970000] _byte_map_base: 0x0000025cc4170000

Marking Bits (Prev, Next): (CMBitMap*) 0x0000025cb0c3dd50, (CMBitMap*) 0x0000025cb0c3dd18
 Prev Bits: [0x0000025cc6d70000, 0x0000025cc8d70000)
 Next Bits: [0x0000025cc4d70000, 0x0000025cc6d70000)

Polling page: 0x0000025caf3c0000

Metaspace:

Usage:
  Non-class:     66.56 MB capacity,    65.29 MB ( 98%) used,     1.08 MB (  2%) free+waste,   189.88 KB ( <1%) overhead. 
      Class:     10.34 MB capacity,     9.68 MB ( 94%) used,   587.05 KB (  6%) free+waste,    89.31 KB ( <1%) overhead. 
       Both:     76.90 MB capacity,    74.97 MB ( 97%) used,     1.65 MB (  2%) free+waste,   279.19 KB ( <1%) overhead. 

Virtual space:
  Non-class space:       68.00 MB reserved,      66.65 MB ( 98%) committed 
      Class space:        1.00 GB reserved,      10.38 MB (  1%) committed 
             Both:        1.07 GB reserved,      77.02 MB (  7%) committed 

Chunk freelists:
   Non-Class:  31.00 KB
       Class:  0 bytes
        Both:  31.00 KB

MaxMetaspaceSize: 17179869184.00 GB
CompressedClassSpaceSize: 1.00 GB
Initial GC threshold: 20.80 MB
Current GC threshold: 114.21 MB
CDS: off

CodeHeap 'non-profiled nmethods': size=120000Kb used=4722Kb max_used=4722Kb free=115277Kb
 bounds [0x0000025cbc1e0000, 0x0000025cbc680000, 0x0000025cc3710000]
CodeHeap 'profiled nmethods': size=120000Kb used=16458Kb max_used=16458Kb free=103541Kb
 bounds [0x0000025cb4cb0000, 0x0000025cb5cd0000, 0x0000025cbc1e0000]
CodeHeap 'non-nmethods': size=5760Kb used=2369Kb max_used=2413Kb free=3390Kb
 bounds [0x0000025cb4710000, 0x0000025cb4980000, 0x0000025cb4cb0000]
 total_blobs=8442 nmethods=7573 adapters=781
 compilation: enabled
              stopped_count=0, restarted_count=0
 full_count=0

Compilation events (20 events):
Event: 8.549 Thread 0x0000025ccb886800 nmethod 7559 0x0000025cb5cb2e10 code [0x0000025cb5cb2fe0, 0x0000025cb5cb31e8]
Event: 8.549 Thread 0x0000025ccb886800 7562       2       com.esotericsoftware.kryo.io.Input::readString (127 bytes)
Event: 8.550 Thread 0x0000025ccb886800 nmethod 7562 0x0000025cb5cb3310 code [0x0000025cb5cb3520, 0x0000025cb5cb39a8]
Event: 8.550 Thread 0x0000025ccb886800 7564       2       com.esotericsoftware.kryo.io.Input::readAscii (94 bytes)
Event: 8.550 Thread 0x0000025ccb886800 nmethod 7564 0x0000025cb5cb3c10 code [0x0000025cb5cb3de0, 0x0000025cb5cb40d8]
Event: 8.550 Thread 0x0000025ccb886800 7560   !   2       org.gradle.internal.serialize.kryo.StringDeduplicatingKryoBackedDecoder::readNullableString (110 bytes)
Event: 8.551 Thread 0x0000025ccb886800 nmethod 7560 0x0000025cb5cb4290 code [0x0000025cb5cb4520, 0x0000025cb5cb4de8]
Event: 8.551 Thread 0x0000025ccb886800 7561   !   2       org.gradle.internal.serialize.kryo.StringDeduplicatingKryoBackedDecoder::readInt (15 bytes)
Event: 8.551 Thread 0x0000025ccb886800 nmethod 7561 0x0000025cb5cb5510 code [0x0000025cb5cb5700, 0x0000025cb5cb59a8]
Event: 8.551 Thread 0x0000025ccb886800 7563       2       org.gradle.internal.serialize.kryo.StringDeduplicatingKryoBackedDecoder::readString (5 bytes)
Event: 8.551 Thread 0x0000025ccb886800 nmethod 7563 0x0000025cb5cb5b90 code [0x0000025cb5cb5d40, 0x0000025cb5cb5e48]
Event: 8.552 Thread 0x0000025ccb886800 7565       2       org.gradle.api.internal.artifacts.ivyservice.resolveengine.result.ComponentIdentifierSerializer$Implementation::access$000 (5 bytes)
Event: 8.552 Thread 0x0000025ccb886800 nmethod 7565 0x0000025cb5cb5f10 code [0x0000025cb5cb60c0, 0x0000025cb5cb61b8]
Event: 8.552 Thread 0x0000025ccb886800 7566   !   2       org.gradle.internal.serialize.kryo.StringDeduplicatingKryoBackedDecoder::readByte (15 bytes)
Event: 8.552 Thread 0x0000025ccb886800 nmethod 7566 0x0000025cb5cb6290 code [0x0000025cb5cb64a0, 0x0000025cb5cb67a8]
Event: 8.552 Thread 0x0000025ccb886800 7567   !   2       org.gradle.internal.serialize.kryo.StringDeduplicatingKryoBackedDecoder::readSmallInt (16 bytes)
Event: 8.553 Thread 0x0000025ccb886800 nmethod 7567 0x0000025cb5cb6a90 code [0x0000025cb5cb6c80, 0x0000025cb5cb6f28]
Event: 8.553 Thread 0x0000025ccb886800 7568       2       org.gradle.internal.Describables::of (21 bytes)
Event: 8.553 Thread 0x0000025ccb886800 nmethod 7568 0x0000025cb5cb7110 code [0x0000025cb5cb72c0, 0x0000025cb5cb74f8]
Event: 8.553 Thread 0x0000025ccb886800 7569       2       com.esotericsoftware.kryo.io.Input::readVarInt (192 bytes)

GC Heap History (20 events):
Event: 5.051 GC heap before
{Heap before GC invocations=11 (full 0):
 garbage-first heap   total 155648K, used 108845K [0x0000000080000000, 0x0000000100000000)
  region size 1024K, 58 young (59392K), 5 survivors (5120K)
 Metaspace       used 48493K, capacity 49907K, committed 50048K, reserved 1093632K
  class space    used 6243K, capacity 6757K, committed 6784K, reserved 1048576K
}
Event: 5.057 GC heap after
{Heap after GC invocations=12 (full 0):
 garbage-first heap   total 155648K, used 58039K [0x0000000080000000, 0x0000000100000000)
  region size 1024K, 5 young (5120K), 5 survivors (5120K)
 Metaspace       used 48493K, capacity 49907K, committed 50048K, reserved 1093632K
  class space    used 6243K, capacity 6757K, committed 6784K, reserved 1048576K
}
Event: 5.698 GC heap before
{Heap before GC invocations=12 (full 0):
 garbage-first heap   total 155648K, used 108215K [0x0000000080000000, 0x0000000100000000)
  region size 1024K, 55 young (56320K), 5 survivors (5120K)
 Metaspace       used 51346K, capacity 52883K, committed 53120K, reserved 1095680K
  class space    used 6632K, capacity 7170K, committed 7296K, reserved 1048576K
}
Event: 5.703 GC heap after
{Heap after GC invocations=13 (full 0):
 garbage-first heap   total 155648K, used 60205K [0x0000000080000000, 0x0000000100000000)
  region size 1024K, 3 young (3072K), 3 survivors (3072K)
 Metaspace       used 51346K, capacity 52883K, committed 53120K, reserved 1095680K
  class space    used 6632K, capacity 7170K, committed 7296K, reserved 1048576K
}
Event: 6.276 GC heap before
{Heap before GC invocations=13 (full 0):
 garbage-first heap   total 155648K, used 116525K [0x0000000080000000, 0x0000000100000000)
  region size 1024K, 55 young (56320K), 3 survivors (3072K)
 Metaspace       used 55715K, capacity 57351K, committed 57472K, reserved 1099776K
  class space    used 7180K, capacity 7757K, committed 7808K, reserved 1048576K
}
Event: 6.281 GC heap after
{Heap after GC invocations=14 (full 0):
 garbage-first heap   total 155648K, used 71862K [0x0000000080000000, 0x0000000100000000)
  region size 1024K, 7 young (7168K), 7 survivors (7168K)
 Metaspace       used 55715K, capacity 57351K, committed 57472K, reserved 1099776K
  class space    used 7180K, capacity 7757K, committed 7808K, reserved 1048576K
}
Event: 6.478 GC heap before
{Heap before GC invocations=14 (full 0):
 garbage-first heap   total 155648K, used 89270K [0x0000000080000000, 0x0000000100000000)
  region size 1024K, 25 young (25600K), 7 survivors (7168K)
 Metaspace       used 58331K, capacity 60037K, committed 60160K, reserved 1101824K
  class space    used 7495K, capacity 8096K, committed 8192K, reserved 1048576K
}
Event: 6.481 GC heap after
{Heap after GC invocations=15 (full 0):
 garbage-first heap   total 155648K, used 73037K [0x0000000080000000, 0x0000000100000000)
  region size 1024K, 1 young (1024K), 1 survivors (1024K)
 Metaspace       used 58331K, capacity 60037K, committed 60160K, reserved 1101824K
  class space    used 7495K, capacity 8096K, committed 8192K, reserved 1048576K
}
Event: 6.959 GC heap before
{Heap before GC invocations=16 (full 0):
 garbage-first heap   total 155648K, used 109901K [0x0000000080000000, 0x0000000100000000)
  region size 1024K, 37 young (37888K), 1 survivors (1024K)
 Metaspace       used 64157K, capacity 65925K, committed 66072K, reserved 1105920K
  class space    used 8181K, capacity 8820K, committed 8832K, reserved 1048576K
}
Event: 6.963 GC heap after
{Heap after GC invocations=17 (full 0):
 garbage-first heap   total 155648K, used 75283K [0x0000000080000000, 0x0000000100000000)
  region size 1024K, 4 young (4096K), 4 survivors (4096K)
 Metaspace       used 64157K, capacity 65925K, committed 66072K, reserved 1105920K
  class space    used 8181K, capacity 8820K, committed 8832K, reserved 1048576K
}
Event: 7.263 GC heap before
{Heap before GC invocations=18 (full 0):
 garbage-first heap   total 155648K, used 111123K [0x0000000080000000, 0x0000000100000000)
  region size 1024K, 40 young (40960K), 4 survivors (4096K)
 Metaspace       used 66634K, capacity 68429K, committed 68760K, reserved 1110016K
  class space    used 8485K, capacity 9116K, committed 9216K, reserved 1048576K
}
Event: 7.267 GC heap after
{Heap after GC invocations=19 (full 0):
 garbage-first heap   total 155648K, used 78089K [0x0000000080000000, 0x0000000100000000)
  region size 1024K, 5 young (5120K), 5 survivors (5120K)
 Metaspace       used 66634K, capacity 68429K, committed 68760K, reserved 1110016K
  class space    used 8485K, capacity 9116K, committed 9216K, reserved 1048576K
}
Event: 7.391 GC heap before
{Heap before GC invocations=19 (full 0):
 garbage-first heap   total 155648K, used 91401K [0x0000000080000000, 0x0000000100000000)
  region size 1024K, 19 young (19456K), 5 survivors (5120K)
 Metaspace       used 67787K, capacity 69591K, committed 69656K, reserved 1110016K
  class space    used 8645K, capacity 9289K, committed 9344K, reserved 1048576K
}
Event: 7.397 GC heap after
{Heap after GC invocations=20 (full 0):
 garbage-first heap   total 155648K, used 79453K [0x0000000080000000, 0x0000000100000000)
  region size 1024K, 5 young (5120K), 5 survivors (5120K)
 Metaspace       used 67787K, capacity 69591K, committed 69656K, reserved 1110016K
  class space    used 8645K, capacity 9289K, committed 9344K, reserved 1048576K
}
Event: 7.620 GC heap before
{Heap before GC invocations=21 (full 0):
 garbage-first heap   total 155648K, used 111197K [0x0000000080000000, 0x0000000100000000)
  region size 1024K, 35 young (35840K), 5 survivors (5120K)
 Metaspace       used 68719K, capacity 70607K, committed 70808K, reserved 1110016K
  class space    used 8793K, capacity 9470K, committed 9472K, reserved 1048576K
}
Event: 7.625 GC heap after
{Heap after GC invocations=22 (full 0):
 garbage-first heap   total 187392K, used 81232K [0x0000000080000000, 0x0000000100000000)
  region size 1024K, 3 young (3072K), 3 survivors (3072K)
 Metaspace       used 68719K, capacity 70607K, committed 70808K, reserved 1110016K
  class space    used 8793K, capacity 9470K, committed 9472K, reserved 1048576K
}
Event: 8.006 GC heap before
{Heap before GC invocations=22 (full 0):
 garbage-first heap   total 187392K, used 126288K [0x0000000080000000, 0x0000000100000000)
  region size 1024K, 47 young (48128K), 3 survivors (3072K)
 Metaspace       used 71721K, capacity 73608K, committed 73880K, reserved 1114112K
  class space    used 9231K, capacity 9897K, committed 9984K, reserved 1048576K
}
Event: 8.010 GC heap after
{Heap after GC invocations=23 (full 0):
 garbage-first heap   total 187392K, used 84193K [0x0000000080000000, 0x0000000100000000)
  region size 1024K, 6 young (6144K), 6 survivors (6144K)
 Metaspace       used 71721K, capacity 73608K, committed 73880K, reserved 1114112K
  class space    used 9231K, capacity 9897K, committed 9984K, reserved 1048576K
}
Event: 8.394 GC heap before
{Heap before GC invocations=23 (full 0):
 garbage-first heap   total 187392K, used 131297K [0x0000000080000000, 0x0000000100000000)
  region size 1024K, 52 young (53248K), 6 survivors (6144K)
 Metaspace       used 74972K, capacity 76858K, committed 76952K, reserved 1116160K
  class space    used 9770K, capacity 10438K, committed 10496K, reserved 1048576K
}
Event: 8.399 GC heap after
{Heap after GC invocations=24 (full 0):
 garbage-first heap   total 187392K, used 87153K [0x0000000080000000, 0x0000000100000000)
  region size 1024K, 6 young (6144K), 6 survivors (6144K)
 Metaspace       used 74972K, capacity 76858K, committed 76952K, reserved 1116160K
  class space    used 9770K, capacity 10438K, committed 10496K, reserved 1048576K
}

Deoptimization events (20 events):
Event: 8.384 Thread 0x0000025cce875000 Uncommon trap: trap_request=0xffffffde fr.pc=0x0000025cbc3f2e08 relative=0x0000000000001448
Event: 8.385 Thread 0x0000025cce875000 Uncommon trap: reason=class_check action=maybe_recompile pc=0x0000025cbc3f2e08 method=org.codehaus.groovy.reflection.ParameterTypes.getParametersTypes0()V @ 16 c2
Event: 8.385 Thread 0x0000025cce875000 DEOPT PACKING pc=0x0000025cbc3f2e08 sp=0x000000cd6fef78a0
Event: 8.385 Thread 0x0000025cce875000 DEOPT UNPACKING pc=0x0000025cb47185af sp=0x000000cd6fef7868 mode 2
Event: 8.390 Thread 0x0000025cce875000 Uncommon trap: trap_request=0xffffffde fr.pc=0x0000025cbc3f2e08 relative=0x0000000000001448
Event: 8.390 Thread 0x0000025cce875000 Uncommon trap: reason=class_check action=maybe_recompile pc=0x0000025cbc3f2e08 method=org.codehaus.groovy.reflection.ParameterTypes.getParametersTypes0()V @ 16 c2
Event: 8.390 Thread 0x0000025cce875000 DEOPT PACKING pc=0x0000025cbc3f2e08 sp=0x000000cd6fef7880
Event: 8.390 Thread 0x0000025cce875000 DEOPT UNPACKING pc=0x0000025cb47185af sp=0x000000cd6fef7848 mode 2
Event: 8.549 Thread 0x0000025cce875000 Uncommon trap: trap_request=0xffffff4d fr.pc=0x0000025cbc53a018 relative=0x0000000000000bf8
Event: 8.549 Thread 0x0000025cce875000 Uncommon trap: reason=unstable_if action=reinterpret pc=0x0000025cbc53a018 method=com.esotericsoftware.kryo.io.Input.readString()Ljava/lang/String; @ 28 c2
Event: 8.549 Thread 0x0000025cce875000 DEOPT PACKING pc=0x0000025cbc53a018 sp=0x000000cd6fef88f0
Event: 8.549 Thread 0x0000025cce875000 DEOPT UNPACKING pc=0x0000025cb47185af sp=0x000000cd6fef88c8 mode 2
Event: 8.551 Thread 0x0000025cce875000 Uncommon trap: trap_request=0xffffff4d fr.pc=0x0000025cbc500ea0 relative=0x00000000000001e0
Event: 8.551 Thread 0x0000025cce875000 Uncommon trap: reason=unstable_if action=reinterpret pc=0x0000025cbc500ea0 method=com.esotericsoftware.kryo.io.Input.readVarInt(Z)I @ 42 c2
Event: 8.551 Thread 0x0000025cce875000 DEOPT PACKING pc=0x0000025cbc500ea0 sp=0x000000cd6fef8750
Event: 8.551 Thread 0x0000025cce875000 DEOPT UNPACKING pc=0x0000025cb47185af sp=0x000000cd6fef86f8 mode 2
Event: 8.553 Thread 0x0000025cce875000 Uncommon trap: trap_request=0xffffff4d fr.pc=0x0000025cbc4dcd74 relative=0x00000000000001b4
Event: 8.553 Thread 0x0000025cce875000 Uncommon trap: reason=unstable_if action=reinterpret pc=0x0000025cbc4dcd74 method=com.esotericsoftware.kryo.io.Input.require(I)I @ 65 c2
Event: 8.553 Thread 0x0000025cce875000 DEOPT PACKING pc=0x0000025cbc4dcd74 sp=0x000000cd6fef86d0
Event: 8.553 Thread 0x0000025cce875000 DEOPT UNPACKING pc=0x0000025cb47185af sp=0x000000cd6fef8680 mode 2

Classes redefined (0 events):
No events

Internal exceptions (20 events):
Event: 8.401 Thread 0x0000025cce875000 Exception <a 'java/lang/ClassNotFoundException'{0x000000008b4350c0}: org/gradle/api/internal/artifacts/configurations/DefaultConfigurationContainer_DecoratedBeanInfo> (0x000000008b4350c0) thrown at [./src/hotspot/share/classfile/systemDictionary.cpp, line 231]
Event: 8.402 Thread 0x0000025cce875000 Exception <a 'java/lang/ClassNotFoundException'{0x000000008b460f50}: org/gradle/api/internal/artifacts/configurations/DefaultConfigurationContainerBeanInfo> (0x000000008b460f50) thrown at [./src/hotspot/share/classfile/systemDictionary.cpp, line 231]
Event: 8.402 Thread 0x0000025cce875000 Exception <a 'java/lang/ClassNotFoundException'{0x000000008b47cac8}: org/gradle/api/internal/AbstractValidatingNamedDomainObjectContainerBeanInfo> (0x000000008b47cac8) thrown at [./src/hotspot/share/classfile/systemDictionary.cpp, line 231]
Event: 8.402 Thread 0x0000025cce875000 Exception <a 'java/lang/ClassNotFoundException'{0x000000008b498b28}: org/gradle/api/internal/AbstractValidatingNamedDomainObjectContainerCustomizer> (0x000000008b498b28) thrown at [./src/hotspot/share/classfile/systemDictionary.cpp, line 231]
Event: 8.403 Thread 0x0000025cce875000 Exception <a 'java/lang/ClassNotFoundException'{0x000000008b4cf7e8}: org/gradle/api/internal/artifacts/configurations/DefaultConfigurationContainerCustomizer> (0x000000008b4cf7e8) thrown at [./src/hotspot/share/classfile/systemDictionary.cpp, line 231]
Event: 8.403 Thread 0x0000025cce875000 Exception <a 'java/lang/ClassNotFoundException'{0x000000008b311dd0}: org/gradle/api/internal/artifacts/configurations/DefaultConfigurationContainer_DecoratedCustomizer> (0x000000008b311dd0) thrown at [./src/hotspot/share/classfile/systemDictionary.cpp, line 231]
Event: 8.409 Thread 0x0000025cce875000 Exception <a 'java/lang/ClassNotFoundException'{0x000000008b18f820}: org/gradle/api/internal/artifacts/configurations/DefaultConfiguration_DecoratedBeanInfo> (0x000000008b18f820) thrown at [./src/hotspot/share/classfile/systemDictionary.cpp, line 231]
Event: 8.409 Thread 0x0000025cce875000 Exception <a 'java/lang/ClassNotFoundException'{0x000000008b1ba940}: org/gradle/api/internal/artifacts/configurations/DefaultConfigurationBeanInfo> (0x000000008b1ba940) thrown at [./src/hotspot/share/classfile/systemDictionary.cpp, line 231]
Event: 8.410 Thread 0x0000025cce875000 Exception <a 'java/lang/ClassNotFoundException'{0x000000008b1d5338}: org/gradle/api/internal/file/AbstractFileCollectionBeanInfo> (0x000000008b1d5338) thrown at [./src/hotspot/share/classfile/systemDictionary.cpp, line 231]
Event: 8.410 Thread 0x0000025cce875000 Exception <a 'java/lang/ClassNotFoundException'{0x000000008b1efd80}: org/gradle/api/internal/file/AbstractFileCollectionCustomizer> (0x000000008b1efd80) thrown at [./src/hotspot/share/classfile/systemDictionary.cpp, line 231]
Event: 8.411 Thread 0x0000025cce875000 Exception <a 'java/lang/ClassNotFoundException'{0x000000008b02d380}: org/gradle/api/internal/artifacts/configurations/DefaultConfigurationCustomizer> (0x000000008b02d380) thrown at [./src/hotspot/share/classfile/systemDictionary.cpp, line 231]
Event: 8.414 Thread 0x0000025cce875000 Exception <a 'java/lang/ClassNotFoundException'{0x000000008b0b9c10}: org/gradle/api/internal/artifacts/configurations/DefaultConfiguration_DecoratedCustomizer> (0x000000008b0b9c10) thrown at [./src/hotspot/share/classfile/systemDictionary.cpp, line 231]
Event: 8.422 Thread 0x0000025cce875000 Exception <a 'java/lang/ClassNotFoundException'{0x000000008ad40450}: org/codehaus/groovy/runtime/MethodClosureBeanInfo> (0x000000008ad40450) thrown at [./src/hotspot/share/classfile/systemDictionary.cpp, line 231]
Event: 8.424 Thread 0x0000025cce875000 Exception <a 'java/lang/ClassNotFoundException'{0x000000008ab1b4b8}: org/codehaus/groovy/runtime/MethodClosureCustomizer> (0x000000008ab1b4b8) thrown at [./src/hotspot/share/classfile/systemDictionary.cpp, line 231]
Event: 8.427 Thread 0x0000025cce875000 Exception <a 'java/lang/ClassNotFoundException'{0x000000008ab86190}: org/gradle/api/internal/artifacts/configurations/DefaultConfiguration$ConfigurationResolvableDependencies_DecoratedBeanInfo> (0x000000008ab86190) thrown at [./src/hotspot/share/classfile/systemDictionary.cpp, line 231]
Event: 8.428 Thread 0x0000025cce875000 Exception <a 'java/lang/ClassNotFoundException'{0x000000008abb9650}: org/gradle/api/internal/artifacts/configurations/DefaultConfiguration$ConfigurationResolvableDependenciesBeanInfo> (0x000000008abb9650) thrown at [./src/hotspot/share/classfile/systemDictionary.cpp, line 231]
Event: 8.428 Thread 0x0000025cce875000 Exception <a 'java/lang/ClassNotFoundException'{0x000000008abee498}: org/gradle/api/internal/artifacts/configurations/DefaultConfiguration$ConfigurationResolvableDependenciesCustomizer> (0x000000008abee498) thrown at [./src/hotspot/share/classfile/systemDictionary.cpp, line 231]
Event: 8.429 Thread 0x0000025cce875000 Exception <a 'java/lang/ClassNotFoundException'{0x000000008aa34d80}: org/gradle/api/internal/artifacts/configurations/DefaultConfiguration$ConfigurationResolvableDependencies_DecoratedCustomizer> (0x000000008aa34d80) thrown at [./src/hotspot/share/classfile/systemDictionary.cpp, line 231]
Event: 8.514 Thread 0x0000025cce875000 Exception <a 'java/lang/NoSuchMethodError'{0x000000008a00dd40}: <clinit>> (0x000000008a00dd40) thrown at [./src/hotspot/share/prims/jni.cpp, line 1365]
Event: 8.540 Thread 0x0000025cce875000 Exception <a 'sun/nio/fs/WindowsException'{0x0000000089e11610}> (0x0000000089e11610) thrown at [./src/hotspot/share/prims/jni.cpp, line 615]

Events (20 events):
Event: 8.548 loading class org/gradle/api/internal/artifacts/ivyservice/resolveengine/result/StreamingResolutionResultBuilder$RootFactory
Event: 8.548 loading class org/gradle/api/internal/artifacts/ivyservice/resolveengine/result/StreamingResolutionResultBuilder$RootFactory done
Event: 8.548 loading class org/gradle/cache/internal/BinaryStore$ReadAction
Event: 8.548 loading class org/gradle/cache/internal/BinaryStore$ReadAction done
Event: 8.548 loading class org/gradle/internal/serialize/kryo/StringDeduplicatingKryoBackedDecoder
Event: 8.548 loading class org/gradle/internal/serialize/kryo/StringDeduplicatingKryoBackedDecoder done
Event: 8.550 loading class org/gradle/api/internal/artifacts/ivyservice/resolveengine/result/CachingComponentSelectionDescriptorFactory$Key
Event: 8.550 loading class org/gradle/api/internal/artifacts/ivyservice/resolveengine/result/CachingComponentSelectionDescriptorFactory$Key done
Event: 8.551 loading class org/gradle/api/artifacts/result/ComponentSelectionCause
Event: 8.551 loading class org/gradle/api/artifacts/result/ComponentSelectionCause done
Event: 8.551 loading class org/gradle/api/artifacts/result/ComponentSelectionDescriptor
Event: 8.551 loading class org/gradle/api/artifacts/result/ComponentSelectionDescriptor done
Event: 8.551 loading class org/gradle/api/artifacts/result/ComponentSelectionCause
Event: 8.551 loading class org/gradle/api/artifacts/result/ComponentSelectionCause done
Event: 8.551 loading class org/gradle/api/internal/artifacts/ivyservice/resolveengine/result/DetachedComponentResult
Event: 8.551 loading class org/gradle/api/internal/artifacts/ivyservice/resolveengine/result/DetachedComponentResult done
Event: 8.552 loading class org/gradle/api/artifacts/result/ComponentSelectionCause
Event: 8.552 loading class org/gradle/api/artifacts/result/ComponentSelectionCause done
Event: 8.552 loading class org/gradle/api/artifacts/result/ComponentSelectionCause
Event: 8.552 loading class org/gradle/api/artifacts/result/ComponentSelectionCause done


Dynamic libraries:
0x00007ff76e8b0000 - 0x00007ff76e8ba000 	C:\Program Files\Android\Android Studio\jre\bin\java.exe
0x00007ff9fccb0000 - 0x00007ff9fcea8000 	C:\Windows\SYSTEM32\ntdll.dll
0x00007ff9fb930000 - 0x00007ff9fb9ed000 	C:\Windows\System32\KERNEL32.DLL
0x00007ff9fa850000 - 0x00007ff9fab1e000 	C:\Windows\System32\KERNELBASE.dll
0x00007ff9fa3d0000 - 0x00007ff9fa4d0000 	C:\Windows\System32\ucrtbase.dll
0x00007ff9f1f60000 - 0x00007ff9f1f79000 	C:\Program Files\Android\Android Studio\jre\bin\jli.dll
0x00007ff9e9a50000 - 0x00007ff9e9a67000 	C:\Program Files\Android\Android Studio\jre\bin\VCRUNTIME140.dll
0x00007ff9fb2a0000 - 0x00007ff9fb440000 	C:\Windows\System32\USER32.dll
0x00007ff9e5060000 - 0x00007ff9e52fa000 	C:\Windows\WinSxS\amd64_microsoft.windows.common-controls_6595b64144ccf1df_6.0.19041.1110_none_60b5254171f9507e\COMCTL32.dll
0x00007ff9fab20000 - 0x00007ff9fab42000 	C:\Windows\System32\win32u.dll
0x00007ff9fbc80000 - 0x00007ff9fbd1e000 	C:\Windows\System32\msvcrt.dll
0x00007ff9fb520000 - 0x00007ff9fb54a000 	C:\Windows\System32\GDI32.dll
0x00007ff9fa4d0000 - 0x00007ff9fa5db000 	C:\Windows\System32\gdi32full.dll
0x00007ff9fab50000 - 0x00007ff9fabed000 	C:\Windows\System32\msvcp_win.dll
0x00007ff9fb440000 - 0x00007ff9fb470000 	C:\Windows\System32\IMM32.DLL
0x00007ff9e28f0000 - 0x00007ff9e298d000 	C:\Program Files\Android\Android Studio\jre\bin\msvcp140.dll
0x00007ff992570000 - 0x00007ff993055000 	C:\Program Files\Android\Android Studio\jre\bin\server\jvm.dll
0x00007ff9fc6b0000 - 0x00007ff9fc75e000 	C:\Windows\System32\ADVAPI32.dll
0x00007ff9fbbe0000 - 0x00007ff9fbc7c000 	C:\Windows\System32\sechost.dll
0x00007ff9fc580000 - 0x00007ff9fc6a5000 	C:\Windows\System32\RPCRT4.dll
0x00007ff9fbbd0000 - 0x00007ff9fbbd8000 	C:\Windows\System32\PSAPI.DLL
0x00007ff9dfb20000 - 0x00007ff9dfb29000 	C:\Windows\SYSTEM32\WSOCK32.dll
0x00007ff9e36a0000 - 0x00007ff9e36c7000 	C:\Windows\SYSTEM32\WINMM.dll
0x00007ff9fb690000 - 0x00007ff9fb6fb000 	C:\Windows\System32\WS2_32.dll
0x00007ff9ee8d0000 - 0x00007ff9ee8da000 	C:\Windows\SYSTEM32\VERSION.dll
0x00007ff9f8c20000 - 0x00007ff9f8c32000 	C:\Windows\SYSTEM32\kernel.appcore.dll
0x00007ff9eeb10000 - 0x00007ff9eeb21000 	C:\Program Files\Android\Android Studio\jre\bin\verify.dll
0x00007ff9f8780000 - 0x00007ff9f8964000 	C:\Windows\SYSTEM32\DBGHELP.DLL
0x00007ff9de120000 - 0x00007ff9de14c000 	C:\Windows\SYSTEM32\dbgcore.DLL
0x00007ff9fa660000 - 0x00007ff9fa6e2000 	C:\Windows\System32\bcryptPrimitives.dll
0x00007ff9eeae0000 - 0x00007ff9eeb09000 	C:\Program Files\Android\Android Studio\jre\bin\java.dll
0x00007ff9effa0000 - 0x00007ff9effab000 	C:\Program Files\Android\Android Studio\jre\bin\jimage.dll
0x00007ff9eeac0000 - 0x00007ff9eead8000 	C:\Program Files\Android\Android Studio\jre\bin\zip.dll
0x00007ff9fbd20000 - 0x00007ff9fc464000 	C:\Windows\System32\SHELL32.dll
0x00007ff9f7e30000 - 0x00007ff9f85c4000 	C:\Windows\SYSTEM32\windows.storage.dll
0x00007ff9fc910000 - 0x00007ff9fcc64000 	C:\Windows\System32\combase.dll
0x00007ff9f9e30000 - 0x00007ff9f9e60000 	C:\Windows\SYSTEM32\Wldp.dll
0x00007ff9fad80000 - 0x00007ff9fae2d000 	C:\Windows\System32\SHCORE.dll
0x00007ff9fb630000 - 0x00007ff9fb685000 	C:\Windows\System32\shlwapi.dll
0x00007ff9fa310000 - 0x00007ff9fa32f000 	C:\Windows\SYSTEM32\profapi.dll
0x00007ff9eeaa0000 - 0x00007ff9eeaba000 	C:\Program Files\Android\Android Studio\jre\bin\net.dll
0x00007ff9f1790000 - 0x00007ff9f189a000 	C:\Windows\SYSTEM32\WINHTTP.dll
0x00007ff9f9b90000 - 0x00007ff9f9bfa000 	C:\Windows\system32\mswsock.dll
0x00007ff9eea80000 - 0x00007ff9eea94000 	C:\Program Files\Android\Android Studio\jre\bin\nio.dll
0x00007ff9f0fe0000 - 0x00007ff9f1007000 	C:\Program Files\Android\gradle-7.3.3\native\e1d6ef7f7dcc3fd88c89a11ec53ec762bb8ba0a96d01ffa2cd45eb1d1d8dd5c5\windows-amd64\native-platform.dll
0x00007ff9e27a0000 - 0x00007ff9e28e4000 	C:\Program Files\Android\gradle-7.3.3\native\5664cfc778a61ccfe75a443a1ab52a65af34e5dc3c78e0209fed803814484fcb\windows-amd64\native-platform-file-events.dll
0x00007ff9eea70000 - 0x00007ff9eea7a000 	C:\Program Files\Android\Android Studio\jre\bin\management.dll
0x00007ff9eea60000 - 0x00007ff9eea6d000 	C:\Program Files\Android\Android Studio\jre\bin\management_ext.dll
0x00007ff9f9d80000 - 0x00007ff9f9d98000 	C:\Windows\SYSTEM32\CRYPTSP.dll
0x00007ff9f9470000 - 0x00007ff9f94a4000 	C:\Windows\system32\rsaenh.dll
0x00007ff9fa630000 - 0x00007ff9fa657000 	C:\Windows\System32\bcrypt.dll
0x00007ff9fa290000 - 0x00007ff9fa2be000 	C:\Windows\SYSTEM32\USERENV.dll
0x00007ff9f9da0000 - 0x00007ff9f9dac000 	C:\Windows\SYSTEM32\CRYPTBASE.dll
0x00007ff9f9830000 - 0x00007ff9f986b000 	C:\Windows\SYSTEM32\IPHLPAPI.DLL
0x00007ff9fad10000 - 0x00007ff9fad18000 	C:\Windows\System32\NSI.dll
0x00007ff9ee860000 - 0x00007ff9ee877000 	C:\Windows\SYSTEM32\dhcpcsvc6.DLL
0x00007ff9ee760000 - 0x00007ff9ee77d000 	C:\Windows\SYSTEM32\dhcpcsvc.DLL
0x00007ff9f9880000 - 0x00007ff9f994b000 	C:\Windows\SYSTEM32\DNSAPI.dll

dbghelp: loaded successfully - version: 4.0.5 - missing functions: none
symbol engine: initialized successfully - sym options: 0x614 - pdb path: .;C:\Program Files\Android\Android Studio\jre\bin;C:\Windows\SYSTEM32;C:\Windows\WinSxS\amd64_microsoft.windows.common-controls_6595b64144ccf1df_6.0.19041.1110_none_60b5254171f9507e;C:\Program Files\Android\Android Studio\jre\bin\server;C:\Program Files\Android\gradle-7.3.3\native\e1d6ef7f7dcc3fd88c89a11ec53ec762bb8ba0a96d01ffa2cd45eb1d1d8dd5c5\windows-amd64;C:\Program Files\Android\gradle-7.3.3\native\5664cfc778a61ccfe75a443a1ab52a65af34e5dc3c78e0209fed803814484fcb\windows-amd64

VM Arguments:
jvm_args: --add-opens=java.base/java.util=ALL-UNNAMED --add-opens=java.base/java.lang=ALL-UNNAMED --add-opens=java.base/java.lang.invoke=ALL-UNNAMED --add-opens=java.base/java.util=ALL-UNNAMED --add-opens=java.prefs/java.util.prefs=ALL-UNNAMED --add-opens=java.prefs/java.util.prefs=ALL-UNNAMED --add-opens=java.base/java.nio.charset=ALL-UNNAMED --add-opens=java.base/java.net=ALL-UNNAMED --add-opens=java.base/java.util.concurrent.atomic=ALL-UNNAMED -Xmx2048m -Dfile.encoding=UTF-8 -Duser.country=IN -Duser.language=en -Duser.variant 
java_command: org.gradle.launcher.daemon.bootstrap.GradleDaemon 7.3.3
java_class_path (initial): C:\Program Files\Android\gradle-7.3.3\wrapper\dists\gradle-7.3.3-bin\6a41zxkdtcxs8rphpq6y0069z\gradle-7.3.3\lib\gradle-launcher-7.3.3.jar
Launcher Type: SUN_STANDARD

[Global flags]
     intx CICompilerCount                          = 4                                         {product} {ergonomic}
     uint ConcGCThreads                            = 2                                         {product} {ergonomic}
     uint G1ConcRefinementThreads                  = 8                                         {product} {ergonomic}
   size_t G1HeapRegionSize                         = 1048576                                   {product} {ergonomic}
    uintx GCDrainStackTargetSize                   = 64                                        {product} {ergonomic}
   size_t InitialHeapSize                          = 132120576                                 {product} {ergonomic}
   size_t MarkStackSize                            = 4194304                                   {product} {ergonomic}
   size_t MaxHeapSize                              = 2147483648                                {product} {command line}
   size_t MaxNewSize                               = 1287651328                                {product} {ergonomic}
   size_t MinHeapDeltaBytes                        = 1048576                                   {product} {ergonomic}
    uintx NonNMethodCodeHeapSize                   = 5836300                                {pd product} {ergonomic}
    uintx NonProfiledCodeHeapSize                  = 122910970                              {pd product} {ergonomic}
    uintx ProfiledCodeHeapSize                     = 122910970                              {pd product} {ergonomic}
    uintx ReservedCodeCacheSize                    = 251658240                              {pd product} {ergonomic}
     bool SegmentedCodeCache                       = true                                      {product} {ergonomic}
     bool UseCompressedClassPointers               = true                                 {lp64_product} {ergonomic}
     bool UseCompressedOops                        = true                                 {lp64_product} {ergonomic}
     bool UseG1GC                                  = true                                      {product} {ergonomic}
     bool UseLargePagesIndividualAllocation        = false                                  {pd product} {ergonomic}

Logging:
Log output configuration:
 #0: stdout all=warning uptime,level,tags
 #1: stderr all=off uptime,level,tags

Environment Variables:
JAVA_HOME=C:\Program Files\Java\jdk-18.0.1.1
PATH=C:\Program Files\Common Files\Oracle\Java\javapath;C:\Windows\system32;C:\Windows;C:\Windows\System32\Wbem;C:\Windows\System32\WindowsPowerShell\v1.0\;C:\Windows\System32\OpenSSH\;C:\Program Files\Git\cmd;C:\Users\suraj\AppData\Local\Microsoft\WindowsApps
USERNAME=suraj
OS=Windows_NT
PROCESSOR_IDENTIFIER=Intel64 Family 6 Model 140 Stepping 1, GenuineIntel



---------------  S Y S T E M  ---------------

OS: Windows 10 , 64 bit Build 19041 (10.0.19041.1806)
OS uptime: 0 days 1:19 hours
Hyper-V role detected

CPU:total 8 (initial active 8) (4 cores per cpu, 2 threads per core) family 6 model 140 stepping 1 microcode 0x86, cmov, cx8, fxsr, mmx, sse, sse2, sse3, ssse3, sse4.1, sse4.2, popcnt, avx, avx2, aes, clmul, erms, 3dnowpref, lzcnt, ht, tsc, tscinvbit, bmi1, bmi2, adx, evex, sha, fma

Memory: 4k page, system-wide physical 7987M (478M free)
TotalPageFile size 7987M (AvailPageFile size 6M)
current process WorkingSet (physical memory assigned to process): 420M, peak: 423M
current process commit charge ("private bytes"): 461M, peak: 464M

vm_info: OpenJDK 64-Bit Server VM (11.0.12+7-b1504.28-7817840) for windows-amd64 JRE (11.0.12+7-b1504.28-7817840), built on Oct 13 2021 22:12:33 by "builder" with MS VC++ 14.0 (VS2015)

END.
