#
# There is insufficient memory for the Java Runtime Environment to continue.
# Native memory allocation (mmap) failed to map 27262976 bytes for Failed to commit area from 0x0000000087e00000 to 0x0000000089800000 of length 27262976.
# Possible reasons:
#   The system is out of physical RAM or swap space
#   The process is running with CompressedOops enabled, and the Java Heap may be blocking the growth of the native heap
# Possible solutions:
#   Reduce memory load on the system
#   Increase physical memory or swap space
#   Check if swap backing store is full
#   Decrease Java heap size (-Xmx/-Xms)
#   Decrease number of Java threads
#   Decrease Java thread stack sizes (-Xss)
#   Set larger code cache with -XX:ReservedCodeCacheSize=
#   JVM is running with Unscaled Compressed Oops mode in which the Java heap is
#     placed in the first 4GB address space. The Java Heap base address is the
#     maximum limit for the native heap growth. Please use -XX:HeapBaseMinAddress
#     to set the Java Heap base and to place the Java Heap above 4GB virtual address.
# This output file may be truncated or incomplete.
#
#  Out of Memory Error (./src/hotspot/os/windows/os_windows.cpp:3521), pid=19424, tid=8776
#
# JRE version: OpenJDK Runtime Environment (11.0.12+7) (build 11.0.12+7-b1504.28-7817840)
# Java VM: OpenJDK 64-Bit Server VM (11.0.12+7-b1504.28-7817840, mixed mode, tiered, compressed oops, g1 gc, windows-amd64)
# No core dump will be written. Minidumps are not enabled by default on client versions of Windows
#

---------------  S U M M A R Y ------------

Command Line: --add-opens=java.base/java.util=ALL-UNNAMED --add-opens=java.base/java.lang=ALL-UNNAMED --add-opens=java.base/java.lang.invoke=ALL-UNNAMED --add-opens=java.base/java.util=ALL-UNNAMED --add-opens=java.prefs/java.util.prefs=ALL-UNNAMED --add-opens=java.prefs/java.util.prefs=ALL-UNNAMED --add-opens=java.base/java.nio.charset=ALL-UNNAMED --add-opens=java.base/java.net=ALL-UNNAMED --add-opens=java.base/java.util.concurrent.atomic=ALL-UNNAMED -Xmx2048m -Dfile.encoding=UTF-8 -Duser.country=IN -Duser.language=en -Duser.variant org.gradle.launcher.daemon.bootstrap.GradleDaemon 7.3.3

Host: 11th Gen Intel(R) Core(TM) i5-1135G7 @ 2.40GHz, 8 cores, 7G,  Windows 10 , 64 bit Build 19041 (10.0.19041.1806)
Time: Fri Aug  5 20:05:05 2022 India Standard Time elapsed time: 2.908685 seconds (0d 0h 0m 2s)

---------------  T H R E A D  ---------------

Current thread (0x0000014f7ec62800):  VMThread "VM Thread" [stack: 0x0000004615900000,0x0000004615a00000] [id=8776]

Stack: [0x0000004615900000,0x0000004615a00000]
[error occurred during error reporting (printing stack bounds), id 0xc0000005, EXCEPTION_ACCESS_VIOLATION (0xc0000005) at pc=0x0000014f000012e7]

Native frames: (J=compiled Java code, j=interpreted, Vv=VM code, C=native code)
V  [jvm.dll+0x5fbcea]
V  [jvm.dll+0x731905]
V  [jvm.dll+0x732f1d]
V  [jvm.dll+0x733535]
V  [jvm.dll+0x7334eb]
V  [jvm.dll+0x5fb080]
V  [jvm.dll+0x5fb818]
C  [ntdll.dll+0xa229f]
C  [ntdll.dll+0x51454]
C  [ntdll.dll+0xa0dce]
C  0x0000014f000012e7

VM_Operation (0x0000004616df7f90): G1CollectForAllocation, mode: safepoint, requested by thread 0x0000014f152b5000


---------------  P R O C E S S  ---------------

Threads class SMR info:
_java_thread_list=0x0000014f17bcc450, length=34, elements={
0x0000014f777dd000, 0x0000014f7ec66000, 0x0000014f7ec68000, 0x0000014f7f5e4800,
0x0000014f7f5e5800, 0x0000014f7f5e7000, 0x0000014f7f5eb800, 0x0000014f7f5ee800,
0x0000014f7f5ef800, 0x0000014f7f748800, 0x0000014f7f894000, 0x0000014f143d8800,
0x0000014f141b3800, 0x0000014f1579e800, 0x0000014f140e6800, 0x0000014f1433d800,
0x0000014f154fc000, 0x0000014f152b5000, 0x0000014f151a6000, 0x0000014f14c58000,
0x0000014f14c57800, 0x0000014f14c59000, 0x0000014f14c55800, 0x0000014f14c5c000,
0x0000014f14c59800, 0x0000014f14c5a800, 0x0000014f14c5b800, 0x0000014f14c56800,
0x0000014f162b3000, 0x0000014f162b4000, 0x0000014f162b5000, 0x0000014f162b2800,
0x0000014f162b9800, 0x0000014f162b8000
}

Java Threads: ( => current thread )
  0x0000014f777dd000 JavaThread "main" [_thread_blocked, id=5044, stack(0x0000004615300000,0x0000004615400000)]
  0x0000014f7ec66000 JavaThread "Reference Handler" daemon [_thread_blocked, id=11924, stack(0x0000004615a00000,0x0000004615b00000)]
  0x0000014f7ec68000 JavaThread "Finalizer" daemon [_thread_blocked, id=12504, stack(0x0000004615b00000,0x0000004615c00000)]
  0x0000014f7f5e4800 JavaThread "Signal Dispatcher" daemon [_thread_blocked, id=15756, stack(0x0000004615c00000,0x0000004615d00000)]
  0x0000014f7f5e5800 JavaThread "Attach Listener" daemon [_thread_blocked, id=16044, stack(0x0000004615d00000,0x0000004615e00000)]
  0x0000014f7f5e7000 JavaThread "Service Thread" daemon [_thread_blocked, id=14780, stack(0x0000004615e00000,0x0000004615f00000)]
  0x0000014f7f5eb800 JavaThread "C2 CompilerThread0" daemon [_thread_blocked, id=3804, stack(0x0000004615f00000,0x0000004616000000)]
  0x0000014f7f5ee800 JavaThread "C1 CompilerThread0" daemon [_thread_blocked, id=14052, stack(0x0000004616000000,0x0000004616100000)]
  0x0000014f7f5ef800 JavaThread "Sweeper thread" daemon [_thread_blocked, id=19460, stack(0x0000004616100000,0x0000004616200000)]
  0x0000014f7f748800 JavaThread "Common-Cleaner" daemon [_thread_blocked, id=18024, stack(0x0000004616200000,0x0000004616300000)]
  0x0000014f7f894000 JavaThread "C2 CompilerThread1" daemon [_thread_in_native, id=7272, stack(0x0000004616400000,0x0000004616500000)]
  0x0000014f143d8800 JavaThread "Daemon health stats" [_thread_blocked, id=7124, stack(0x0000004616700000,0x0000004616800000)]
  0x0000014f141b3800 JavaThread "Incoming local TCP Connector on port 50928" [_thread_in_native, id=9936, stack(0x0000004616800000,0x0000004616900000)]
  0x0000014f1579e800 JavaThread "Daemon periodic checks" [_thread_blocked, id=16312, stack(0x0000004616900000,0x0000004616a00000)]
  0x0000014f140e6800 JavaThread "Daemon" [_thread_blocked, id=16840, stack(0x0000004616a00000,0x0000004616b00000)]
  0x0000014f1433d800 JavaThread "Handler for socket connection from /127.0.0.1:50928 to /127.0.0.1:50929" [_thread_in_native, id=20028, stack(0x0000004616b00000,0x0000004616c00000)]
  0x0000014f154fc000 JavaThread "Cancel handler" [_thread_blocked, id=10856, stack(0x0000004616c00000,0x0000004616d00000)]
  0x0000014f152b5000 JavaThread "Daemon worker" [_thread_blocked, id=19608, stack(0x0000004616d00000,0x0000004616e00000)]
  0x0000014f151a6000 JavaThread "Asynchronous log dispatcher for DefaultDaemonConnection: socket connection from /127.0.0.1:50928 to /127.0.0.1:50929" [_thread_blocked, id=15688, stack(0x0000004616e00000,0x0000004616f00000)]
  0x0000014f14c58000 JavaThread "Stdin handler" [_thread_blocked, id=15868, stack(0x0000004616f00000,0x0000004617000000)]
  0x0000014f14c57800 JavaThread "Daemon client event forwarder" [_thread_blocked, id=17008, stack(0x0000004617000000,0x0000004617100000)]
  0x0000014f14c59000 JavaThread "Cache worker for journal cache (C:\Program Files\Android\gradle-7.3.3\caches\journal-1)" [_thread_blocked, id=13504, stack(0x0000004617600000,0x0000004617700000)]
  0x0000014f14c55800 JavaThread "File lock request listener" [_thread_in_native, id=9724, stack(0x0000004617700000,0x0000004617800000)]
  0x0000014f14c5c000 JavaThread "Cache worker for file hash cache (C:\Program Files\Android\gradle-7.3.3\caches\7.3.3\fileHashes)" [_thread_blocked, id=15900, stack(0x0000004617800000,0x0000004617900000)]
  0x0000014f14c59800 JavaThread "Cache worker for file hash cache (D:\ChatApplication\.gradle\7.3.3\fileHashes)" [_thread_blocked, id=2844, stack(0x0000004617a00000,0x0000004617b00000)]
  0x0000014f14c5a800 JavaThread "File watcher server" daemon [_thread_in_native, id=16248, stack(0x0000004617b00000,0x0000004617c00000)]
  0x0000014f14c5b800 JavaThread "File watcher consumer" daemon [_thread_blocked, id=10808, stack(0x0000004617c00000,0x0000004617d00000)]
  0x0000014f14c56800 JavaThread "Cache worker for checksums cache (D:\ChatApplication\.gradle\7.3.3\checksums)" [_thread_blocked, id=20024, stack(0x0000004617d00000,0x0000004617e00000)]
  0x0000014f162b3000 JavaThread "Cache worker for cache directory md-supplier (C:\Program Files\Android\gradle-7.3.3\caches\7.3.3\md-supplier)" [_thread_blocked, id=10716, stack(0x0000004617e00000,0x0000004617f00000)]
  0x0000014f162b4000 JavaThread "Cache worker for cache directory md-rule (C:\Program Files\Android\gradle-7.3.3\caches\7.3.3\md-rule)" [_thread_blocked, id=18872, stack(0x0000004617f00000,0x0000004618000000)]
  0x0000014f162b5000 JavaThread "Cache worker for execution history cache (C:\Program Files\Android\gradle-7.3.3\caches\7.3.3\executionHistory)" [_thread_blocked, id=15420, stack(0x0000004618000000,0x0000004618100000)]
  0x0000014f162b2800 JavaThread "jar transforms" [_thread_blocked, id=9376, stack(0x0000004618100000,0x0000004618200000)]
  0x0000014f162b9800 JavaThread "Cache worker for file content cache (C:\Program Files\Android\gradle-7.3.3\caches\7.3.3\fileContent)" [_thread_blocked, id=11700, stack(0x0000004618200000,0x0000004618300000)]
  0x0000014f162b8000 JavaThread "jar transforms Thread 2" [_thread_blocked, id=5552, stack(0x0000004618300000,0x0000004618400000)]

Other Threads:
=>0x0000014f7ec62800 VMThread "VM Thread" [stack: 0x0000004615900000,0x0000004615a00000] [id=8776]
  0x0000014f7f765800 WatcherThread [stack: 0x0000004616300000,0x0000004616400000] [id=14204]
  0x0000014f777f6800 GCTaskThread "GC Thread#0" [stack: 0x0000004615400000,0x0000004615500000] [id=6908]
  0x0000014f13f2b800 GCTaskThread "GC Thread#1" [stack: 0x0000004616500000,0x0000004616600000] [id=6708]
  0x0000014f13a00000 GCTaskThread "GC Thread#2" [stack: 0x0000004616600000,0x0000004616700000] [id=13336]
  0x0000014f14501800 GCTaskThread "GC Thread#3" [stack: 0x0000004617100000,0x0000004617200000] [id=17168]
  0x0000014f14b73000 GCTaskThread "GC Thread#4" [stack: 0x0000004617200000,0x0000004617300000] [id=10940]
  0x0000014f152d9800 GCTaskThread "GC Thread#5" [stack: 0x0000004617300000,0x0000004617400000] [id=15400]
  0x0000014f152d7800 GCTaskThread "GC Thread#6" [stack: 0x0000004617400000,0x0000004617500000] [id=5420]
  0x0000014f152d8000 GCTaskThread "GC Thread#7" [stack: 0x0000004617500000,0x0000004617600000] [id=9520]
  0x0000014f77828800 ConcurrentGCThread "G1 Main Marker" [stack: 0x0000004615500000,0x0000004615600000] [id=10056]
  0x0000014f77829800 ConcurrentGCThread "G1 Conc#0" [stack: 0x0000004615600000,0x0000004615700000] [id=7196]
  0x0000014f152dd000 ConcurrentGCThread "G1 Conc#1" [stack: 0x0000004617900000,0x0000004617a00000] [id=7600]
  0x0000014f7eab0800 ConcurrentGCThread "G1 Refine#0" [stack: 0x0000004615700000,0x0000004615800000] [id=12800]
  0x0000014f7eab1800 ConcurrentGCThread "G1 Young RemSet Sampling" [stack: 0x0000004615800000,0x0000004615900000] [id=14848]

Threads with active compile tasks:
C2 CompilerThread0   2918 3564       4       groovy.lang.MetaClassImpl$1MOPIter::methodNameAction (325 bytes)
C1 CompilerThread0   2919 3603       3       groovy.lang.MetaClassImpl::getMethods (173 bytes)
C2 CompilerThread1   2919 3561       4       org.codehaus.groovy.runtime.metaclass.MetaMethodIndex::addMethodToList (131 bytes)

VM state:at safepoint (normal execution)

VM Mutex/Monitor currently owned by a thread:  ([mutex/lock_event])
[0x0000014f777d9740] Threads_lock - owner thread: 0x0000014f7ec62800
[0x0000014f777d9ce0] Heap_lock - owner thread: 0x0000014f152b5000

Heap address: 0x0000000080000000, size: 2048 MB, Compressed Oops mode: 32-bit
Narrow klass base: 0x0000000000000000, Narrow klass shift: 3
Compressed class space size: 1073741824 Address: 0x0000000100000000

Heap:
 garbage-first heap   total 155648K, used 28306K [0x0000000080000000, 0x0000000100000000)
  region size 1024K, 9 young (9216K), 9 survivors (9216K)
 Metaspace       used 40280K, capacity 41218K, committed 41344K, reserved 1085440K
  class space    used 5144K, capacity 5474K, committed 5504K, reserved 1048576K
Heap Regions: E=young(eden), S=young(survivor), O=old, HS=humongous(starts), HC=humongous(continues), CS=collection set, F=free, A=archive, TAMS=top-at-mark-start (previous, next)
|   0|0x0000000080000000, 0x0000000080100000, 0x0000000080100000|100%| O|  |TAMS 0x0000000080100000, 0x0000000080000000| Untracked 
|   1|0x0000000080100000, 0x0000000080200000, 0x0000000080200000|100%| O|  |TAMS 0x0000000080200000, 0x0000000080100000| Untracked 
|   2|0x0000000080200000, 0x0000000080300000, 0x0000000080300000|100%| O|  |TAMS 0x0000000080300000, 0x0000000080200000| Untracked 
|   3|0x0000000080300000, 0x0000000080400000, 0x0000000080400000|100%|HS|  |TAMS 0x0000000080400000, 0x0000000080300000| Complete 
|   4|0x0000000080400000, 0x0000000080500000, 0x0000000080500000|100%|HC|  |TAMS 0x0000000080500000, 0x0000000080400000| Complete 
|   5|0x0000000080500000, 0x0000000080600000, 0x0000000080600000|100%|HC|  |TAMS 0x0000000080600000, 0x0000000080500000| Complete 
|   6|0x0000000080600000, 0x0000000080700000, 0x0000000080700000|100%| O|  |TAMS 0x0000000080700000, 0x0000000080600000| Untracked 
|   7|0x0000000080700000, 0x0000000080800000, 0x0000000080800000|100%| O|  |TAMS 0x0000000080800000, 0x0000000080700000| Untracked 
|   8|0x0000000080800000, 0x0000000080900000, 0x0000000080900000|100%| O|  |TAMS 0x0000000080900000, 0x0000000080800000| Untracked 
|   9|0x0000000080900000, 0x0000000080a00000, 0x0000000080a00000|100%| O|  |TAMS 0x0000000080a00000, 0x0000000080900000| Untracked 
|  10|0x0000000080a00000, 0x0000000080b00000, 0x0000000080b00000|100%| O|  |TAMS 0x0000000080b00000, 0x0000000080a00000| Untracked 
|  11|0x0000000080b00000, 0x0000000080c00000, 0x0000000080c00000|100%| O|  |TAMS 0x0000000080c00000, 0x0000000080b00000| Untracked 
|  12|0x0000000080c00000, 0x0000000080d00000, 0x0000000080d00000|100%| O|  |TAMS 0x0000000080d00000, 0x0000000080c00000| Untracked 
|  13|0x0000000080d00000, 0x0000000080e00000, 0x0000000080e00000|100%| O|  |TAMS 0x0000000080e00000, 0x0000000080d00000| Untracked 
|  14|0x0000000080e00000, 0x0000000080f00000, 0x0000000080f00000|100%| O|  |TAMS 0x0000000080f00000, 0x0000000080e00000| Untracked 
|  15|0x0000000080f00000, 0x0000000081000000, 0x0000000081000000|100%| O|  |TAMS 0x0000000080fcc600, 0x0000000080f00000| Untracked 
|  16|0x0000000081000000, 0x0000000081000000, 0x0000000081100000|  0%| F|  |TAMS 0x0000000081000000, 0x0000000081000000| Untracked 
|  17|0x0000000081100000, 0x0000000081100000, 0x0000000081200000|  0%| F|  |TAMS 0x0000000081100000, 0x0000000081100000| Untracked 
|  18|0x0000000081200000, 0x0000000081200000, 0x0000000081300000|  0%| F|  |TAMS 0x0000000081200000, 0x0000000081200000| Untracked 
|  19|0x0000000081300000, 0x0000000081400000, 0x0000000081400000|100%| O|  |TAMS 0x0000000081300000, 0x0000000081300000| Untracked 
|  20|0x0000000081400000, 0x0000000081500000, 0x0000000081500000|100%| O|  |TAMS 0x0000000081400000, 0x0000000081400000| Untracked 
|  21|0x0000000081500000, 0x0000000081600000, 0x0000000081600000|100%| O|  |TAMS 0x0000000081500000, 0x0000000081500000| Untracked 
|  22|0x0000000081600000, 0x000000008160de00, 0x0000000081700000|  5%| O|  |TAMS 0x0000000081600000, 0x0000000081600000| Untracked 
|  23|0x0000000081700000, 0x0000000081700000, 0x0000000081800000|  0%| F|  |TAMS 0x0000000081700000, 0x0000000081700000| Untracked 
|  24|0x0000000081800000, 0x0000000081800000, 0x0000000081900000|  0%| F|  |TAMS 0x0000000081800000, 0x0000000081800000| Untracked 
|  25|0x0000000081900000, 0x0000000081900000, 0x0000000081a00000|  0%| F|  |TAMS 0x0000000081900000, 0x0000000081900000| Untracked 
|  26|0x0000000081a00000, 0x0000000081a00000, 0x0000000081b00000|  0%| F|  |TAMS 0x0000000081a00000, 0x0000000081a00000| Untracked 
|  27|0x0000000081b00000, 0x0000000081b00000, 0x0000000081c00000|  0%| F|  |TAMS 0x0000000081b00000, 0x0000000081b00000| Untracked 
|  28|0x0000000081c00000, 0x0000000081c00000, 0x0000000081d00000|  0%| F|  |TAMS 0x0000000081c00000, 0x0000000081c00000| Untracked 
|  29|0x0000000081d00000, 0x0000000081d00000, 0x0000000081e00000|  0%| F|  |TAMS 0x0000000081d00000, 0x0000000081d00000| Untracked 
|  30|0x0000000081e00000, 0x0000000081e00000, 0x0000000081f00000|  0%| F|  |TAMS 0x0000000081e00000, 0x0000000081e00000| Untracked 
|  31|0x0000000081f00000, 0x0000000081f00000, 0x0000000082000000|  0%| F|  |TAMS 0x0000000081f00000, 0x0000000081f00000| Untracked 
|  32|0x0000000082000000, 0x0000000082000000, 0x0000000082100000|  0%| F|  |TAMS 0x0000000082000000, 0x0000000082000000| Untracked 
|  33|0x0000000082100000, 0x0000000082100000, 0x0000000082200000|  0%| F|  |TAMS 0x0000000082100000, 0x0000000082100000| Untracked 
|  34|0x0000000082200000, 0x0000000082200000, 0x0000000082300000|  0%| F|  |TAMS 0x0000000082200000, 0x0000000082200000| Untracked 
|  35|0x0000000082300000, 0x0000000082300000, 0x0000000082400000|  0%| F|  |TAMS 0x0000000082300000, 0x0000000082300000| Untracked 
|  36|0x0000000082400000, 0x0000000082400000, 0x0000000082500000|  0%| F|  |TAMS 0x0000000082400000, 0x0000000082400000| Untracked 
|  37|0x0000000082500000, 0x0000000082500000, 0x0000000082600000|  0%| F|  |TAMS 0x0000000082500000, 0x0000000082500000| Untracked 
|  38|0x0000000082600000, 0x0000000082600000, 0x0000000082700000|  0%| F|  |TAMS 0x0000000082600000, 0x0000000082600000| Untracked 
|  39|0x0000000082700000, 0x0000000082700000, 0x0000000082800000|  0%| F|  |TAMS 0x0000000082700000, 0x0000000082700000| Untracked 
|  40|0x0000000082800000, 0x0000000082800000, 0x0000000082900000|  0%| F|  |TAMS 0x0000000082800000, 0x0000000082800000| Untracked 
|  41|0x0000000082900000, 0x0000000082900000, 0x0000000082a00000|  0%| F|  |TAMS 0x0000000082900000, 0x0000000082900000| Untracked 
|  42|0x0000000082a00000, 0x0000000082a00000, 0x0000000082b00000|  0%| F|  |TAMS 0x0000000082a00000, 0x0000000082a00000| Untracked 
|  43|0x0000000082b00000, 0x0000000082b00000, 0x0000000082c00000|  0%| F|  |TAMS 0x0000000082b00000, 0x0000000082b00000| Untracked 
|  44|0x0000000082c00000, 0x0000000082c96d08, 0x0000000082d00000| 58%| S|CS|TAMS 0x0000000082c00000, 0x0000000082c00000| Complete 
|  45|0x0000000082d00000, 0x0000000082e00000, 0x0000000082e00000|100%| S|CS|TAMS 0x0000000082d00000, 0x0000000082d00000| Complete 
|  46|0x0000000082e00000, 0x0000000082f00000, 0x0000000082f00000|100%| S|CS|TAMS 0x0000000082e00000, 0x0000000082e00000| Complete 
|  47|0x0000000082f00000, 0x0000000083000000, 0x0000000083000000|100%| S|CS|TAMS 0x0000000082f00000, 0x0000000082f00000| Complete 
|  48|0x0000000083000000, 0x0000000083100000, 0x0000000083100000|100%| S|CS|TAMS 0x0000000083000000, 0x0000000083000000| Complete 
|  49|0x0000000083100000, 0x0000000083200000, 0x0000000083200000|100%| S|CS|TAMS 0x0000000083100000, 0x0000000083100000| Complete 
|  50|0x0000000083200000, 0x0000000083300000, 0x0000000083300000|100%| S|CS|TAMS 0x0000000083200000, 0x0000000083200000| Complete 
|  51|0x0000000083300000, 0x0000000083400000, 0x0000000083400000|100%| S|CS|TAMS 0x0000000083300000, 0x0000000083300000| Complete 
|  52|0x0000000083400000, 0x0000000083500000, 0x0000000083500000|100%| S|CS|TAMS 0x0000000083400000, 0x0000000083400000| Complete 
|  53|0x0000000083500000, 0x0000000083500000, 0x0000000083600000|  0%| F|  |TAMS 0x0000000083500000, 0x0000000083500000| Untracked 
|  54|0x0000000083600000, 0x0000000083600000, 0x0000000083700000|  0%| F|  |TAMS 0x0000000083600000, 0x0000000083600000| Untracked 
|  55|0x0000000083700000, 0x0000000083700000, 0x0000000083800000|  0%| F|  |TAMS 0x0000000083700000, 0x0000000083700000| Untracked 
|  56|0x0000000083800000, 0x0000000083800000, 0x0000000083900000|  0%| F|  |TAMS 0x0000000083800000, 0x0000000083800000| Untracked 
|  57|0x0000000083900000, 0x0000000083900000, 0x0000000083a00000|  0%| F|  |TAMS 0x0000000083900000, 0x0000000083900000| Untracked 
|  58|0x0000000083a00000, 0x0000000083a00000, 0x0000000083b00000|  0%| F|  |TAMS 0x0000000083a00000, 0x0000000083a00000| Untracked 
|  59|0x0000000083b00000, 0x0000000083b00000, 0x0000000083c00000|  0%| F|  |TAMS 0x0000000083b00000, 0x0000000083b00000| Untracked 
|  60|0x0000000083c00000, 0x0000000083c00000, 0x0000000083d00000|  0%| F|  |TAMS 0x0000000083c00000, 0x0000000083c00000| Untracked 
|  61|0x0000000083d00000, 0x0000000083d00000, 0x0000000083e00000|  0%| F|  |TAMS 0x0000000083d00000, 0x0000000083d00000| Untracked 
|  62|0x0000000083e00000, 0x0000000083e00000, 0x0000000083f00000|  0%| F|  |TAMS 0x0000000083e00000, 0x0000000083e00000| Untracked 
|  63|0x0000000083f00000, 0x0000000083f00000, 0x0000000084000000|  0%| F|  |TAMS 0x0000000083f00000, 0x0000000083f00000| Untracked 
|  64|0x0000000084000000, 0x0000000084000000, 0x0000000084100000|  0%| F|  |TAMS 0x0000000084000000, 0x0000000084000000| Untracked 
|  65|0x0000000084100000, 0x0000000084100000, 0x0000000084200000|  0%| F|  |TAMS 0x0000000084100000, 0x0000000084100000| Untracked 
|  66|0x0000000084200000, 0x0000000084200000, 0x0000000084300000|  0%| F|  |TAMS 0x0000000084200000, 0x0000000084200000| Untracked 
|  67|0x0000000084300000, 0x0000000084300000, 0x0000000084400000|  0%| F|  |TAMS 0x0000000084300000, 0x0000000084300000| Untracked 
|  68|0x0000000084400000, 0x0000000084400000, 0x0000000084500000|  0%| F|  |TAMS 0x0000000084400000, 0x0000000084400000| Untracked 
|  69|0x0000000084500000, 0x0000000084500000, 0x0000000084600000|  0%| F|  |TAMS 0x0000000084500000, 0x0000000084500000| Untracked 
|  70|0x0000000084600000, 0x0000000084600000, 0x0000000084700000|  0%| F|  |TAMS 0x0000000084600000, 0x0000000084600000| Untracked 
|  71|0x0000000084700000, 0x0000000084700000, 0x0000000084800000|  0%| F|  |TAMS 0x0000000084700000, 0x0000000084700000| Untracked 
|  72|0x0000000084800000, 0x0000000084800000, 0x0000000084900000|  0%| F|  |TAMS 0x0000000084800000, 0x0000000084800000| Untracked 
|  73|0x0000000084900000, 0x0000000084900000, 0x0000000084a00000|  0%| F|  |TAMS 0x0000000084900000, 0x0000000084900000| Untracked 
|  74|0x0000000084a00000, 0x0000000084a00000, 0x0000000084b00000|  0%| F|  |TAMS 0x0000000084a00000, 0x0000000084a00000| Untracked 
|  75|0x0000000084b00000, 0x0000000084b00000, 0x0000000084c00000|  0%| F|  |TAMS 0x0000000084b00000, 0x0000000084b00000| Untracked 
|  76|0x0000000084c00000, 0x0000000084c00000, 0x0000000084d00000|  0%| F|  |TAMS 0x0000000084c00000, 0x0000000084c00000| Untracked 
|  77|0x0000000084d00000, 0x0000000084d00000, 0x0000000084e00000|  0%| F|  |TAMS 0x0000000084d00000, 0x0000000084d00000| Untracked 
|  78|0x0000000084e00000, 0x0000000084e00000, 0x0000000084f00000|  0%| F|  |TAMS 0x0000000084e00000, 0x0000000084e00000| Untracked 
|  79|0x0000000084f00000, 0x0000000084f00000, 0x0000000085000000|  0%| F|  |TAMS 0x0000000084f00000, 0x0000000084f00000| Untracked 
|  80|0x0000000085000000, 0x0000000085000000, 0x0000000085100000|  0%| F|  |TAMS 0x0000000085000000, 0x0000000085000000| Untracked 
|  81|0x0000000085100000, 0x0000000085100000, 0x0000000085200000|  0%| F|  |TAMS 0x0000000085100000, 0x0000000085100000| Untracked 
|  82|0x0000000085200000, 0x0000000085200000, 0x0000000085300000|  0%| F|  |TAMS 0x0000000085200000, 0x0000000085200000| Untracked 
|  83|0x0000000085300000, 0x0000000085300000, 0x0000000085400000|  0%| F|  |TAMS 0x0000000085300000, 0x0000000085300000| Untracked 
|  84|0x0000000085400000, 0x0000000085400000, 0x0000000085500000|  0%| F|  |TAMS 0x0000000085400000, 0x0000000085400000| Untracked 
|  85|0x0000000085500000, 0x0000000085500000, 0x0000000085600000|  0%| F|  |TAMS 0x0000000085500000, 0x0000000085500000| Untracked 
|  86|0x0000000085600000, 0x0000000085600000, 0x0000000085700000|  0%| F|  |TAMS 0x0000000085600000, 0x0000000085600000| Untracked 
|  87|0x0000000085700000, 0x0000000085700000, 0x0000000085800000|  0%| F|  |TAMS 0x0000000085700000, 0x0000000085700000| Untracked 
|  88|0x0000000085800000, 0x0000000085800000, 0x0000000085900000|  0%| F|  |TAMS 0x0000000085800000, 0x0000000085800000| Untracked 
|  89|0x0000000085900000, 0x0000000085900000, 0x0000000085a00000|  0%| F|  |TAMS 0x0000000085900000, 0x0000000085900000| Untracked 
|  90|0x0000000085a00000, 0x0000000085a00000, 0x0000000085b00000|  0%| F|  |TAMS 0x0000000085a00000, 0x0000000085a00000| Untracked 
|  91|0x0000000085b00000, 0x0000000085b00000, 0x0000000085c00000|  0%| F|  |TAMS 0x0000000085b00000, 0x0000000085b00000| Untracked 
|  92|0x0000000085c00000, 0x0000000085c00000, 0x0000000085d00000|  0%| F|  |TAMS 0x0000000085c00000, 0x0000000085c00000| Untracked 
|  93|0x0000000085d00000, 0x0000000085d00000, 0x0000000085e00000|  0%| F|  |TAMS 0x0000000085d00000, 0x0000000085d00000| Untracked 
|  94|0x0000000085e00000, 0x0000000085e00000, 0x0000000085f00000|  0%| F|  |TAMS 0x0000000085e00000, 0x0000000085e00000| Untracked 
|  95|0x0000000085f00000, 0x0000000085f00000, 0x0000000086000000|  0%| F|  |TAMS 0x0000000085f00000, 0x0000000085f00000| Untracked 
|  96|0x0000000086000000, 0x0000000086000000, 0x0000000086100000|  0%| F|  |TAMS 0x0000000086000000, 0x0000000086000000| Untracked 
|  97|0x0000000086100000, 0x0000000086100000, 0x0000000086200000|  0%| F|  |TAMS 0x0000000086100000, 0x0000000086100000| Untracked 
|  98|0x0000000086200000, 0x0000000086200000, 0x0000000086300000|  0%| F|  |TAMS 0x0000000086200000, 0x0000000086200000| Untracked 
|  99|0x0000000086300000, 0x0000000086300000, 0x0000000086400000|  0%| F|  |TAMS 0x0000000086300000, 0x0000000086300000| Untracked 
| 100|0x0000000086400000, 0x0000000086400000, 0x0000000086500000|  0%| F|  |TAMS 0x0000000086400000, 0x0000000086400000| Untracked 
| 101|0x0000000086500000, 0x0000000086500000, 0x0000000086600000|  0%| F|  |TAMS 0x0000000086500000, 0x0000000086500000| Untracked 
| 102|0x0000000086600000, 0x0000000086600000, 0x0000000086700000|  0%| F|  |TAMS 0x0000000086600000, 0x0000000086600000| Untracked 
| 103|0x0000000086700000, 0x0000000086700000, 0x0000000086800000|  0%| F|  |TAMS 0x0000000086700000, 0x0000000086700000| Untracked 
| 104|0x0000000086800000, 0x0000000086800000, 0x0000000086900000|  0%| F|  |TAMS 0x0000000086800000, 0x0000000086800000| Untracked 
| 105|0x0000000086900000, 0x0000000086900000, 0x0000000086a00000|  0%| F|  |TAMS 0x0000000086900000, 0x0000000086900000| Untracked 
| 106|0x0000000086a00000, 0x0000000086a00000, 0x0000000086b00000|  0%| F|  |TAMS 0x0000000086a00000, 0x0000000086a00000| Untracked 
| 107|0x0000000086b00000, 0x0000000086b00000, 0x0000000086c00000|  0%| F|  |TAMS 0x0000000086b00000, 0x0000000086b00000| Untracked 
| 108|0x0000000086c00000, 0x0000000086c00000, 0x0000000086d00000|  0%| F|  |TAMS 0x0000000086c00000, 0x0000000086c00000| Untracked 
| 109|0x0000000086d00000, 0x0000000086d00000, 0x0000000086e00000|  0%| F|  |TAMS 0x0000000086d00000, 0x0000000086d00000| Untracked 
| 110|0x0000000086e00000, 0x0000000086e00000, 0x0000000086f00000|  0%| F|  |TAMS 0x0000000086e00000, 0x0000000086e00000| Untracked 
| 111|0x0000000086f00000, 0x0000000086f00000, 0x0000000087000000|  0%| F|  |TAMS 0x0000000086f00000, 0x0000000086f00000| Untracked 
| 112|0x0000000087000000, 0x0000000087000000, 0x0000000087100000|  0%| F|  |TAMS 0x0000000087000000, 0x0000000087000000| Untracked 
| 113|0x0000000087100000, 0x0000000087100000, 0x0000000087200000|  0%| F|  |TAMS 0x0000000087100000, 0x0000000087100000| Untracked 
| 114|0x0000000087200000, 0x0000000087200000, 0x0000000087300000|  0%| F|  |TAMS 0x0000000087200000, 0x0000000087200000| Untracked 
| 115|0x0000000087300000, 0x0000000087300000, 0x0000000087400000|  0%| F|  |TAMS 0x0000000087300000, 0x0000000087300000| Untracked 
| 116|0x0000000087400000, 0x0000000087400000, 0x0000000087500000|  0%| F|  |TAMS 0x0000000087400000, 0x0000000087400000| Untracked 
| 117|0x0000000087500000, 0x0000000087500000, 0x0000000087600000|  0%| F|  |TAMS 0x0000000087500000, 0x0000000087500000| Untracked 
| 118|0x0000000087600000, 0x0000000087600000, 0x0000000087700000|  0%| F|  |TAMS 0x0000000087600000, 0x0000000087600000| Untracked 
| 119|0x0000000087700000, 0x0000000087700000, 0x0000000087800000|  0%| F|  |TAMS 0x0000000087700000, 0x0000000087700000| Untracked 
| 120|0x0000000087800000, 0x0000000087800000, 0x0000000087900000|  0%| F|  |TAMS 0x0000000087800000, 0x0000000087800000| Untracked 
| 121|0x0000000087900000, 0x0000000087900000, 0x0000000087a00000|  0%| F|  |TAMS 0x0000000087900000, 0x0000000087900000| Untracked 
| 122|0x0000000087a00000, 0x0000000087a00000, 0x0000000087b00000|  0%| F|  |TAMS 0x0000000087a00000, 0x0000000087a00000| Untracked 
| 123|0x0000000087b00000, 0x0000000087b00000, 0x0000000087c00000|  0%| F|  |TAMS 0x0000000087b00000, 0x0000000087b00000| Untracked 
| 124|0x0000000087c00000, 0x0000000087c00000, 0x0000000087d00000|  0%| F|  |TAMS 0x0000000087c00000, 0x0000000087c00000| Untracked 
| 125|0x0000000087d00000, 0x0000000087d00000, 0x0000000087e00000|  0%| F|  |TAMS 0x0000000087d00000, 0x0000000087d00000| Untracked 

Card table byte_map: [0x0000014f7ba20000,0x0000014f7be20000] _byte_map_base: 0x0000014f7b620000

Marking Bits (Prev, Next): (CMBitMap*) 0x0000014f7781f9d8, (CMBitMap*) 0x0000014f7781fa10
 Prev Bits: [0x0000014f7c220000, 0x0000014f7e220000)
 Next Bits: [0x0000014f0f000000, 0x0000014f11000000)

Polling page: 0x0000014f76fc0000

Metaspace:

Usage:
  Non-class:     34.91 MB capacity,    34.31 MB ( 98%) used,   514.98 KB (  1%) free+waste,    93.69 KB ( <1%) overhead. 
      Class:      5.35 MB capacity,     5.02 MB ( 94%) used,   284.17 KB (  5%) free+waste,    45.00 KB ( <1%) overhead. 
       Both:     40.25 MB capacity,    39.34 MB ( 98%) used,   799.15 KB (  2%) free+waste,   138.69 KB ( <1%) overhead. 

Virtual space:
  Non-class space:       36.00 MB reserved,      35.00 MB ( 97%) committed 
      Class space:        1.00 GB reserved,       5.38 MB ( <1%) committed 
             Both:        1.04 GB reserved,      40.38 MB (  4%) committed 

Chunk freelists:
   Non-Class:  32.00 KB
       Class:  0 bytes
        Both:  32.00 KB

MaxMetaspaceSize: 17179869184.00 GB
CompressedClassSpaceSize: 1.00 GB
Initial GC threshold: 20.80 MB
Current GC threshold: 58.54 MB
CDS: off

CodeHeap 'non-profiled nmethods': size=120000Kb used=1886Kb max_used=1886Kb free=118113Kb
 bounds [0x0000014f07ad0000, 0x0000014f07d40000, 0x0000014f0f000000]
CodeHeap 'profiled nmethods': size=120000Kb used=7601Kb max_used=7601Kb free=112398Kb
 bounds [0x0000014f005a0000, 0x0000014f00d10000, 0x0000014f07ad0000]
CodeHeap 'non-nmethods': size=5760Kb used=2284Kb max_used=2323Kb free=3475Kb
 bounds [0x0000014f00000000, 0x0000014f00270000, 0x0000014f005a0000]
 total_blobs=4332 nmethods=3570 adapters=674
 compilation: enabled
              stopped_count=0, restarted_count=0
 full_count=0

Compilation events (20 events):
Event: 2.877 Thread 0x0000014f7f5ee800 nmethod 3591 0x0000014f00cffd10 code [0x0000014f00cffec0, 0x0000014f00cfffd8]
Event: 2.886 Thread 0x0000014f7f5ee800 3592   !   3       java.lang.invoke.MethodHandles$Lookup::canBeCached (150 bytes)
Event: 2.887 Thread 0x0000014f7f5ee800 nmethod 3592 0x0000014f00d00090 code [0x0000014f00d004c0, 0x0000014f00d025a8]
Event: 2.895 Thread 0x0000014f7f5ee800 3593       3       java.util.Arrays::stream (8 bytes)
Event: 2.895 Thread 0x0000014f7f5ee800 nmethod 3593 0x0000014f00d03110 code [0x0000014f00d03360, 0x0000014f00d03a48]
Event: 2.895 Thread 0x0000014f7f5ee800 3594       3       java.util.Arrays::stream (11 bytes)
Event: 2.896 Thread 0x0000014f7f5ee800 nmethod 3594 0x0000014f00d03d90 code [0x0000014f00d03fc0, 0x0000014f00d04648]
Event: 2.897 Thread 0x0000014f7f5ee800 3595       3       java.util.WeakHashMap::put (162 bytes)
Event: 2.897 Thread 0x0000014f7f5ee800 nmethod 3595 0x0000014f00d04910 code [0x0000014f00d04ba0, 0x0000014f00d05af8]
Event: 2.898 Thread 0x0000014f7f5ee800 3598       3       java.util.stream.SpinedBuffer::ensureCapacity (138 bytes)
Event: 2.899 Thread 0x0000014f7f5ee800 nmethod 3598 0x0000014f00d06010 code [0x0000014f00d062a0, 0x0000014f00d073c8]
Event: 2.899 Thread 0x0000014f7f5ee800 3599       3       java.util.concurrent.atomic.AtomicReferenceArray::get (12 bytes)
Event: 2.899 Thread 0x0000014f7f5ee800 nmethod 3599 0x0000014f00d07910 code [0x0000014f00d07b80, 0x0000014f00d08788]
Event: 2.899 Thread 0x0000014f7f5ee800 3602       3       java.beans.PropertyDescriptor::setClass0 (25 bytes)
Event: 2.899 Thread 0x0000014f7f5ee800 nmethod 3602 0x0000014f00d08b10 code [0x0000014f00d08d60, 0x0000014f00d097f8]
Event: 2.899 Thread 0x0000014f7f5ee800 3600       3       java.lang.invoke.VarHandleGuards::guard_LI_L (74 bytes)
Event: 2.900 Thread 0x0000014f7f5ee800 nmethod 3600 0x0000014f00d09a90 code [0x0000014f00d09d80, 0x0000014f00d0b0c8]
Event: 2.900 Thread 0x0000014f7f5ee800 3601       3       java.lang.invoke.VarHandleObjects$Array::getVolatile (41 bytes)
Event: 2.900 Thread 0x0000014f7f5ee800 nmethod 3601 0x0000014f00d0b710 code [0x0000014f00d0b960, 0x0000014f00d0c348]
Event: 2.901 Thread 0x0000014f7f5ee800 3603       3       groovy.lang.MetaClassImpl::getMethods (173 bytes)

GC Heap History (11 events):
Event: 0.438 GC heap before
{Heap before GC invocations=0 (full 0):
 garbage-first heap   total 129024K, used 29696K [0x0000000080000000, 0x0000000100000000)
  region size 1024K, 24 young (24576K), 0 survivors (0K)
 Metaspace       used 10185K, capacity 10393K, committed 10624K, reserved 1058816K
  class space    used 1063K, capacity 1108K, committed 1152K, reserved 1048576K
}
Event: 0.442 GC heap after
{Heap after GC invocations=1 (full 0):
 garbage-first heap   total 129024K, used 9389K [0x0000000080000000, 0x0000000100000000)
  region size 1024K, 3 young (3072K), 3 survivors (3072K)
 Metaspace       used 10185K, capacity 10393K, committed 10624K, reserved 1058816K
  class space    used 1063K, capacity 1108K, committed 1152K, reserved 1048576K
}
Event: 1.291 GC heap before
{Heap before GC invocations=1 (full 0):
 garbage-first heap   total 129024K, used 83117K [0x0000000080000000, 0x0000000100000000)
  region size 1024K, 75 young (76800K), 3 survivors (3072K)
 Metaspace       used 17390K, capacity 17717K, committed 17792K, reserved 1064960K
  class space    used 2037K, capacity 2147K, committed 2176K, reserved 1048576K
}
Event: 1.296 GC heap after
{Heap after GC invocations=2 (full 0):
 garbage-first heap   total 129024K, used 15892K [0x0000000080000000, 0x0000000100000000)
  region size 1024K, 10 young (10240K), 10 survivors (10240K)
 Metaspace       used 17390K, capacity 17717K, committed 17792K, reserved 1064960K
  class space    used 2037K, capacity 2147K, committed 2176K, reserved 1048576K
}
Event: 1.518 GC heap before
{Heap before GC invocations=2 (full 0):
 garbage-first heap   total 129024K, used 48660K [0x0000000080000000, 0x0000000100000000)
  region size 1024K, 43 young (44032K), 10 survivors (10240K)
 Metaspace       used 20741K, capacity 21140K, committed 21248K, reserved 1067008K
  class space    used 2553K, capacity 2713K, committed 2816K, reserved 1048576K
}
Event: 1.524 GC heap after
{Heap after GC invocations=3 (full 0):
 garbage-first heap   total 129024K, used 17664K [0x0000000080000000, 0x0000000100000000)
  region size 1024K, 2 young (2048K), 2 survivors (2048K)
 Metaspace       used 20741K, capacity 21140K, committed 21248K, reserved 1067008K
  class space    used 2553K, capacity 2713K, committed 2816K, reserved 1048576K
}
Event: 2.003 GC heap before
{Heap before GC invocations=4 (full 0):
 garbage-first heap   total 129024K, used 82176K [0x0000000080000000, 0x0000000100000000)
  region size 1024K, 65 young (66560K), 2 survivors (2048K)
 Metaspace       used 27319K, capacity 27964K, committed 28160K, reserved 1073152K
  class space    used 3580K, capacity 3807K, committed 3840K, reserved 1048576K
}
Event: 2.007 GC heap after
{Heap after GC invocations=5 (full 0):
 garbage-first heap   total 129024K, used 19680K [0x0000000080000000, 0x0000000100000000)
  region size 1024K, 4 young (4096K), 4 survivors (4096K)
 Metaspace       used 27319K, capacity 27964K, committed 28160K, reserved 1073152K
  class space    used 3580K, capacity 3807K, committed 3840K, reserved 1048576K
}
Event: 2.430 GC heap before
{Heap before GC invocations=5 (full 0):
 garbage-first heap   total 129024K, used 66784K [0x0000000080000000, 0x0000000100000000)
  region size 1024K, 51 young (52224K), 4 survivors (4096K)
 Metaspace       used 34930K, capacity 35782K, committed 35840K, reserved 1081344K
  class space    used 4532K, capacity 4839K, committed 4864K, reserved 1048576K
}
Event: 2.436 GC heap after
{Heap after GC invocations=6 (full 0):
 garbage-first heap   total 129024K, used 22603K [0x0000000080000000, 0x0000000100000000)
  region size 1024K, 7 young (7168K), 7 survivors (7168K)
 Metaspace       used 34930K, capacity 35782K, committed 35840K, reserved 1081344K
  class space    used 4532K, capacity 4839K, committed 4864K, reserved 1048576K
}
Event: 2.901 GC heap before
{Heap before GC invocations=7 (full 0):
 garbage-first heap   total 129024K, used 92235K [0x0000000080000000, 0x0000000100000000)
  region size 1024K, 73 young (74752K), 7 survivors (7168K)
 Metaspace       used 40280K, capacity 41218K, committed 41344K, reserved 1085440K
  class space    used 5144K, capacity 5474K, committed 5504K, reserved 1048576K
}

Deoptimization events (20 events):
Event: 2.843 Thread 0x0000014f14c5c000 DEOPT PACKING pc=0x0000014f07c75cf8 sp=0x00000046178fe140
Event: 2.843 Thread 0x0000014f14c5c000 DEOPT UNPACKING pc=0x0000014f000085af sp=0x00000046178fe0f8 mode 2
Event: 2.843 Thread 0x0000014f14c5c000 Uncommon trap: trap_request=0xffffffc6 fr.pc=0x0000014f07c75cf8 relative=0x0000000000000678
Event: 2.843 Thread 0x0000014f14c5c000 Uncommon trap: reason=bimorphic_or_optimized_type_check action=maybe_recompile pc=0x0000014f07c75cf8 method=java.io.BufferedInputStream.read([BII)I @ 101 c2
Event: 2.843 Thread 0x0000014f14c5c000 DEOPT PACKING pc=0x0000014f07c75cf8 sp=0x00000046178fe150
Event: 2.843 Thread 0x0000014f14c5c000 DEOPT UNPACKING pc=0x0000014f000085af sp=0x00000046178fe108 mode 2
Event: 2.844 Thread 0x0000014f14c5c000 Uncommon trap: trap_request=0xffffffc6 fr.pc=0x0000014f07c75cf8 relative=0x0000000000000678
Event: 2.844 Thread 0x0000014f14c5c000 Uncommon trap: reason=bimorphic_or_optimized_type_check action=maybe_recompile pc=0x0000014f07c75cf8 method=java.io.BufferedInputStream.read([BII)I @ 101 c2
Event: 2.844 Thread 0x0000014f14c5c000 DEOPT PACKING pc=0x0000014f07c75cf8 sp=0x00000046178fe150
Event: 2.844 Thread 0x0000014f14c5c000 DEOPT UNPACKING pc=0x0000014f000085af sp=0x00000046178fe108 mode 2
Event: 2.848 Thread 0x0000014f162b8000 DEOPT PACKING pc=0x0000014f00bdc9f4 sp=0x00000046183fe8e0
Event: 2.848 Thread 0x0000014f162b8000 DEOPT UNPACKING pc=0x0000014f00049d0e sp=0x00000046183fde80 mode 0
Event: 2.866 Thread 0x0000014f152b5000 Uncommon trap: trap_request=0xffffff4d fr.pc=0x0000014f07c39e90 relative=0x0000000000000930
Event: 2.866 Thread 0x0000014f152b5000 Uncommon trap: reason=unstable_if action=reinterpret pc=0x0000014f07c39e90 method=java.util.WeakHashMap.eq(Ljava/lang/Object;Ljava/lang/Object;)Z @ 2 c2
Event: 2.866 Thread 0x0000014f152b5000 DEOPT PACKING pc=0x0000014f07c39e90 sp=0x0000004616df6340
Event: 2.866 Thread 0x0000014f152b5000 DEOPT UNPACKING pc=0x0000014f000085af sp=0x0000004616df62b0 mode 2
Event: 2.900 Thread 0x0000014f152b5000 Uncommon trap: trap_request=0xffffff4d fr.pc=0x0000014f07c38930 relative=0x0000000000000110
Event: 2.900 Thread 0x0000014f152b5000 Uncommon trap: reason=unstable_if action=reinterpret pc=0x0000014f07c38930 method=java.util.Arrays.hashCode([Ljava/lang/Object;)I @ 34 c2
Event: 2.900 Thread 0x0000014f152b5000 DEOPT PACKING pc=0x0000014f07c38930 sp=0x0000004616df9290
Event: 2.900 Thread 0x0000014f152b5000 DEOPT UNPACKING pc=0x0000014f000085af sp=0x0000004616df9208 mode 2

Classes redefined (0 events):
No events

Internal exceptions (20 events):
Event: 2.832 Thread 0x0000014f152b5000 Exception <a 'java/lang/NoSuchMethodError'{0x0000000083d40e68}: 'void java.lang.invoke.DirectMethodHandle$Holder.invokeInterface(java.lang.Object, java.lang.Object)'> (0x0000000083d40e68) thrown at [./src/hotspot/share/interpreter/linkResolver.cpp, line 773]
Event: 2.853 Thread 0x0000014f152b5000 Exception <a 'java/lang/ClassNotFoundException'{0x0000000083b43430}: settings_elz7ruv02kn3hw9qy0utpxkoiBeanInfo> (0x0000000083b43430) thrown at [./src/hotspot/share/classfile/systemDictionary.cpp, line 231]
Event: 2.853 Thread 0x0000014f152b5000 Exception <a 'java/lang/ClassNotFoundException'{0x0000000083b4eba0}: settings_elz7ruv02kn3hw9qy0utpxkoiCustomizer> (0x0000000083b4eba0) thrown at [./src/hotspot/share/classfile/systemDictionary.cpp, line 231]
Event: 2.861 Thread 0x0000014f152b5000 Exception <a 'java/lang/ClassNotFoundException'{0x0000000083a7c240}: org/gradle/internal/management/DefaultDependencyResolutionManagement_DecoratedBeanInfo> (0x0000000083a7c240) thrown at [./src/hotspot/share/classfile/systemDictionary.cpp, line 231]
Event: 2.861 Thread 0x0000014f152b5000 Exception <a 'java/lang/ClassNotFoundException'{0x0000000083adbad0}: org/gradle/internal/management/DefaultDependencyResolutionManagementBeanInfo> (0x0000000083adbad0) thrown at [./src/hotspot/share/classfile/systemDictionary.cpp, line 231]
Event: 2.862 Thread 0x0000014f152b5000 Exception <a 'java/lang/ClassNotFoundException'{0x0000000083915a50}: org/gradle/internal/management/DefaultDependencyResolutionManagementCustomizer> (0x0000000083915a50) thrown at [./src/hotspot/share/classfile/systemDictionary.cpp, line 231]
Event: 2.863 Thread 0x0000014f152b5000 Exception <a 'java/lang/ClassNotFoundException'{0x0000000083964e88}: org/gradle/internal/management/DefaultDependencyResolutionManagement_DecoratedCustomizer> (0x0000000083964e88) thrown at [./src/hotspot/share/classfile/systemDictionary.cpp, line 231]
Event: 2.866 Thread 0x0000014f152b5000 Exception <a 'java/lang/ClassNotFoundException'{0x00000000839f0b60}: org/gradle/api/initialization/resolve/RepositoriesModeBeanInfo> (0x00000000839f0b60) thrown at [./src/hotspot/share/classfile/systemDictionary.cpp, line 231]
Event: 2.866 Thread 0x0000014f152b5000 Exception <a 'java/lang/ClassNotFoundException'{0x00000000839f5a28}: java/lang/EnumBeanInfo> (0x00000000839f5a28) thrown at [./src/hotspot/share/classfile/systemDictionary.cpp, line 231]
Event: 2.866 Thread 0x0000014f152b5000 Exception <a 'java/lang/ClassNotFoundException'{0x00000000839fa910}: java/lang/EnumCustomizer> (0x00000000839fa910) thrown at [./src/hotspot/share/classfile/systemDictionary.cpp, line 231]
Event: 2.867 Thread 0x0000014f152b5000 Exception <a 'java/lang/ClassNotFoundException'{0x0000000083829730}: org/gradle/api/initialization/resolve/RepositoriesModeCustomizer> (0x0000000083829730) thrown at [./src/hotspot/share/classfile/systemDictionary.cpp, line 231]
Event: 2.870 Thread 0x0000014f152b5000 Exception <a 'java/lang/ClassNotFoundException'{0x00000000838b5208}: org/gradle/api/internal/provider/DefaultPropertyBeanInfo> (0x00000000838b5208) thrown at [./src/hotspot/share/classfile/systemDictionary.cpp, line 231]
Event: 2.870 Thread 0x0000014f152b5000 Exception <a 'java/lang/ClassNotFoundException'{0x00000000838db500}: org/gradle/api/internal/provider/AbstractPropertyBeanInfo> (0x00000000838db500) thrown at [./src/hotspot/share/classfile/systemDictionary.cpp, line 231]
Event: 2.871 Thread 0x0000014f152b5000 Exception <a 'java/lang/ClassNotFoundException'{0x0000000083703f28}: org/gradle/api/internal/provider/AbstractMinimalProviderBeanInfo> (0x0000000083703f28) thrown at [./src/hotspot/share/classfile/systemDictionary.cpp, line 231]
Event: 2.871 Thread 0x0000014f152b5000 Exception <a 'java/lang/ClassNotFoundException'{0x000000008372ce90}: org/gradle/api/internal/provider/AbstractMinimalProviderCustomizer> (0x000000008372ce90) thrown at [./src/hotspot/share/classfile/systemDictionary.cpp, line 231]
Event: 2.873 Thread 0x0000014f152b5000 Exception <a 'java/lang/ClassNotFoundException'{0x000000008378d9f0}: org/gradle/api/internal/provider/AbstractPropertyCustomizer> (0x000000008378d9f0) thrown at [./src/hotspot/share/classfile/systemDictionary.cpp, line 231]
Event: 2.874 Thread 0x0000014f152b5000 Exception <a 'java/lang/ClassNotFoundException'{0x00000000837c03b0}: org/gradle/api/internal/provider/DefaultPropertyCustomizer> (0x00000000837c03b0) thrown at [./src/hotspot/share/classfile/systemDictionary.cpp, line 231]
Event: 2.898 Thread 0x0000014f152b5000 Exception <a 'java/lang/ClassNotFoundException'{0x00000000835b5de8}: org/gradle/initialization/DefaultProjectDescriptorBeanInfo> (0x00000000835b5de8) thrown at [./src/hotspot/share/classfile/systemDictionary.cpp, line 231]
Event: 2.898 Thread 0x0000014f152b5000 Exception <a 'java/lang/ClassNotFoundException'{0x00000000835dbea8}: org/gradle/initialization/DefaultProjectDescriptorCustomizer> (0x00000000835dbea8) thrown at [./src/hotspot/share/classfile/systemDictionary.cpp, line 231]
Event: 2.900 Thread 0x0000014f152b5000 Implicit null exception at 0x0000014f07c3886c to 0x0000014f07c38914

Events (20 events):
Event: 2.898 loading class org/gradle/initialization/DefaultProjectDescriptorBeanInfo done
Event: 2.898 loading class org/gradle/initialization/DefaultProjectDescriptorBeanInfo
Event: 2.898 loading class org/gradle/initialization/DefaultProjectDescriptorBeanInfo done
Event: 2.898 loading class org/gradle/initialization/DefaultProjectDescriptorBeanInfo
Event: 2.898 loading class org/gradle/initialization/DefaultProjectDescriptorBeanInfo done
Event: 2.898 loading class org/gradle/initialization/DefaultProjectDescriptorBeanInfo
Event: 2.898 loading class org/gradle/initialization/DefaultProjectDescriptorBeanInfo done
Event: 2.898 loading class org/gradle/initialization/DefaultProjectDescriptorCustomizer
Event: 2.898 loading class org/gradle/initialization/DefaultProjectDescriptorCustomizer done
Event: 2.898 loading class org/gradle/initialization/DefaultProjectDescriptorCustomizer
Event: 2.898 loading class org/gradle/initialization/DefaultProjectDescriptorCustomizer done
Event: 2.898 loading class org/gradle/initialization/DefaultProjectDescriptorCustomizer
Event: 2.898 loading class org/gradle/initialization/DefaultProjectDescriptorCustomizer done
Event: 2.898 loading class org/gradle/initialization/DefaultProjectDescriptorCustomizer
Event: 2.898 loading class org/gradle/initialization/DefaultProjectDescriptorCustomizer done
Event: 2.900 loading class org/gradle/util/internal/NameValidator
Event: 2.900 loading class org/gradle/util/internal/NameValidator done
Event: 2.900 loading class org/gradle/internal/time/TimeFormatting
Event: 2.900 loading class org/gradle/internal/time/TimeFormatting done
Event: 2.901 Executing VM operation: G1CollectForAllocation


Dynamic libraries:
0x00007ff65efa0000 - 0x00007ff65efaa000 	C:\Program Files\Android\Android Studio\jre\bin\java.exe
0x00007ff824b70000 - 0x00007ff824d68000 	C:\Windows\SYSTEM32\ntdll.dll
0x00007ff822bd0000 - 0x00007ff822c8d000 	C:\Windows\System32\KERNEL32.DLL
0x00007ff822560000 - 0x00007ff82282e000 	C:\Windows\System32\KERNELBASE.dll
0x00007ff822320000 - 0x00007ff822420000 	C:\Windows\System32\ucrtbase.dll
0x00007fffc2d50000 - 0x00007fffc2d67000 	C:\Program Files\Android\Android Studio\jre\bin\VCRUNTIME140.dll
0x00007fffc2bf0000 - 0x00007fffc2c09000 	C:\Program Files\Android\Android Studio\jre\bin\jli.dll
0x00007ff823800000 - 0x00007ff8239a0000 	C:\Windows\System32\USER32.dll
0x00007ff822990000 - 0x00007ff8229b2000 	C:\Windows\System32\win32u.dll
0x00007ff80cf90000 - 0x00007ff80d22a000 	C:\Windows\WinSxS\amd64_microsoft.windows.common-controls_6595b64144ccf1df_6.0.19041.1110_none_60b5254171f9507e\COMCTL32.dll
0x00007ff8237d0000 - 0x00007ff8237fa000 	C:\Windows\System32\GDI32.dll
0x00007ff823b30000 - 0x00007ff823bce000 	C:\Windows\System32\msvcrt.dll
0x00007ff8229c0000 - 0x00007ff822acb000 	C:\Windows\System32\gdi32full.dll
0x00007ff822490000 - 0x00007ff82252d000 	C:\Windows\System32\msvcp_win.dll
0x00007ff822eb0000 - 0x00007ff822ee0000 	C:\Windows\System32\IMM32.DLL
0x00007fffc29b0000 - 0x00007fffc2a4d000 	C:\Program Files\Android\Android Studio\jre\bin\msvcp140.dll
0x00007fffbf350000 - 0x00007fffbfe35000 	C:\Program Files\Android\Android Studio\jre\bin\server\jvm.dll
0x00007ff823a80000 - 0x00007ff823b2e000 	C:\Windows\System32\ADVAPI32.dll
0x00007ff822e10000 - 0x00007ff822eac000 	C:\Windows\System32\sechost.dll
0x00007ff823bd0000 - 0x00007ff823cf5000 	C:\Windows\System32\RPCRT4.dll
0x00007ff824360000 - 0x00007ff824368000 	C:\Windows\System32\PSAPI.DLL
0x00007ff80b140000 - 0x00007ff80b167000 	C:\Windows\SYSTEM32\WINMM.dll
0x00007ff80c890000 - 0x00007ff80c899000 	C:\Windows\SYSTEM32\WSOCK32.dll
0x00007ff815e80000 - 0x00007ff815e8a000 	C:\Windows\SYSTEM32\VERSION.dll
0x00007ff824ac0000 - 0x00007ff824b2b000 	C:\Windows\System32\WS2_32.dll
0x00007ff820ad0000 - 0x00007ff820ae2000 	C:\Windows\SYSTEM32\kernel.appcore.dll
0x00007ff80c870000 - 0x00007ff80c881000 	C:\Program Files\Android\Android Studio\jre\bin\verify.dll
0x00007ff820630000 - 0x00007ff820814000 	C:\Windows\SYSTEM32\DBGHELP.DLL
0x00007ff805210000 - 0x00007ff80523c000 	C:\Windows\SYSTEM32\dbgcore.DLL
0x00007ff822290000 - 0x00007ff822312000 	C:\Windows\System32\bcryptPrimitives.dll
0x00007fffe7740000 - 0x00007fffe7769000 	C:\Program Files\Android\Android Studio\jre\bin\java.dll
0x00007ffffff10000 - 0x00007ffffff1b000 	C:\Program Files\Android\Android Studio\jre\bin\jimage.dll
0x00007fffffb90000 - 0x00007fffffba8000 	C:\Program Files\Android\Android Studio\jre\bin\zip.dll
0x00007ff824370000 - 0x00007ff824ab4000 	C:\Windows\System32\SHELL32.dll
0x00007ff81fcf0000 - 0x00007ff820484000 	C:\Windows\SYSTEM32\windows.storage.dll
0x00007ff823470000 - 0x00007ff8237c4000 	C:\Windows\System32\combase.dll
0x00007ff821cf0000 - 0x00007ff821d20000 	C:\Windows\SYSTEM32\Wldp.dll
0x00007ff823150000 - 0x00007ff8231fd000 	C:\Windows\System32\SHCORE.dll
0x00007ff822d50000 - 0x00007ff822da5000 	C:\Windows\System32\shlwapi.dll
0x00007ff8221d0000 - 0x00007ff8221ef000 	C:\Windows\SYSTEM32\profapi.dll
0x00007ffff4940000 - 0x00007ffff495a000 	C:\Program Files\Android\Android Studio\jre\bin\net.dll
0x00007ff819510000 - 0x00007ff81961a000 	C:\Windows\SYSTEM32\WINHTTP.dll
0x00007ff821a50000 - 0x00007ff821aba000 	C:\Windows\system32\mswsock.dll
0x00007fffec650000 - 0x00007fffec664000 	C:\Program Files\Android\Android Studio\jre\bin\nio.dll
0x00007fffc2a50000 - 0x00007fffc2a77000 	C:\Program Files\Android\gradle-7.3.3\native\e1d6ef7f7dcc3fd88c89a11ec53ec762bb8ba0a96d01ffa2cd45eb1d1d8dd5c5\windows-amd64\native-platform.dll
0x00007fffc1a30000 - 0x00007fffc1b74000 	C:\Program Files\Android\gradle-7.3.3\native\5664cfc778a61ccfe75a443a1ab52a65af34e5dc3c78e0209fed803814484fcb\windows-amd64\native-platform-file-events.dll
0x00007fffe8cf0000 - 0x00007fffe8cfa000 	C:\Program Files\Android\Android Studio\jre\bin\management.dll
0x00007fffe4ee0000 - 0x00007fffe4eed000 	C:\Program Files\Android\Android Studio\jre\bin\management_ext.dll
0x00007ff821c40000 - 0x00007ff821c58000 	C:\Windows\SYSTEM32\CRYPTSP.dll
0x00007ff821330000 - 0x00007ff821364000 	C:\Windows\system32\rsaenh.dll
0x00007ff822530000 - 0x00007ff822557000 	C:\Windows\System32\bcrypt.dll
0x00007ff822190000 - 0x00007ff8221be000 	C:\Windows\SYSTEM32\USERENV.dll
0x00007ff821c60000 - 0x00007ff821c6c000 	C:\Windows\SYSTEM32\CRYPTBASE.dll
0x00007ff8216f0000 - 0x00007ff82172b000 	C:\Windows\SYSTEM32\IPHLPAPI.DLL
0x00007ff822ee0000 - 0x00007ff822ee8000 	C:\Windows\System32\NSI.dll
0x00007ff815ed0000 - 0x00007ff815ee7000 	C:\Windows\SYSTEM32\dhcpcsvc6.DLL
0x00007ff815eb0000 - 0x00007ff815ecd000 	C:\Windows\SYSTEM32\dhcpcsvc.DLL
0x00007ff821730000 - 0x00007ff8217fb000 	C:\Windows\SYSTEM32\DNSAPI.dll

dbghelp: loaded successfully - version: 4.0.5 - missing functions: none
symbol engine: initialized successfully - sym options: 0x614 - pdb path: .;C:\Program Files\Android\Android Studio\jre\bin;C:\Windows\SYSTEM32;C:\Windows\WinSxS\amd64_microsoft.windows.common-controls_6595b64144ccf1df_6.0.19041.1110_none_60b5254171f9507e;C:\Program Files\Android\Android Studio\jre\bin\server;C:\Program Files\Android\gradle-7.3.3\native\e1d6ef7f7dcc3fd88c89a11ec53ec762bb8ba0a96d01ffa2cd45eb1d1d8dd5c5\windows-amd64;C:\Program Files\Android\gradle-7.3.3\native\5664cfc778a61ccfe75a443a1ab52a65af34e5dc3c78e0209fed803814484fcb\windows-amd64

VM Arguments:
jvm_args: --add-opens=java.base/java.util=ALL-UNNAMED --add-opens=java.base/java.lang=ALL-UNNAMED --add-opens=java.base/java.lang.invoke=ALL-UNNAMED --add-opens=java.base/java.util=ALL-UNNAMED --add-opens=java.prefs/java.util.prefs=ALL-UNNAMED --add-opens=java.prefs/java.util.prefs=ALL-UNNAMED --add-opens=java.base/java.nio.charset=ALL-UNNAMED --add-opens=java.base/java.net=ALL-UNNAMED --add-opens=java.base/java.util.concurrent.atomic=ALL-UNNAMED -Xmx2048m -Dfile.encoding=UTF-8 -Duser.country=IN -Duser.language=en -Duser.variant 
java_command: org.gradle.launcher.daemon.bootstrap.GradleDaemon 7.3.3
java_class_path (initial): C:\Program Files\Android\gradle-7.3.3\wrapper\dists\gradle-7.3.3-bin\6a41zxkdtcxs8rphpq6y0069z\gradle-7.3.3\lib\gradle-launcher-7.3.3.jar
Launcher Type: SUN_STANDARD

[Global flags]
     intx CICompilerCount                          = 4                                         {product} {ergonomic}
     uint ConcGCThreads                            = 2                                         {product} {ergonomic}
     uint G1ConcRefinementThreads                  = 8                                         {product} {ergonomic}
   size_t G1HeapRegionSize                         = 1048576                                   {product} {ergonomic}
    uintx GCDrainStackTargetSize                   = 64                                        {product} {ergonomic}
   size_t InitialHeapSize                          = 132120576                                 {product} {ergonomic}
   size_t MarkStackSize                            = 4194304                                   {product} {ergonomic}
   size_t MaxHeapSize                              = 2147483648                                {product} {command line}
   size_t MaxNewSize                               = 1287651328                                {product} {ergonomic}
   size_t MinHeapDeltaBytes                        = 1048576                                   {product} {ergonomic}
    uintx NonNMethodCodeHeapSize                   = 5836300                                {pd product} {ergonomic}
    uintx NonProfiledCodeHeapSize                  = 122910970                              {pd product} {ergonomic}
    uintx ProfiledCodeHeapSize                     = 122910970                              {pd product} {ergonomic}
    uintx ReservedCodeCacheSize                    = 251658240                              {pd product} {ergonomic}
     bool SegmentedCodeCache                       = true                                      {product} {ergonomic}
     bool UseCompressedClassPointers               = true                                 {lp64_product} {ergonomic}
     bool UseCompressedOops                        = true                                 {lp64_product} {ergonomic}
     bool UseG1GC                                  = true                                      {product} {ergonomic}
     bool UseLargePagesIndividualAllocation        = false                                  {pd product} {ergonomic}

Logging:
Log output configuration:
 #0: stdout all=warning uptime,level,tags
 #1: stderr all=off uptime,level,tags

Environment Variables:
JAVA_HOME=C:\Program Files\Java\jdk-18.0.1.1
PATH=C:\Program Files\Common Files\Oracle\Java\javapath;C:\Windows\system32;C:\Windows;C:\Windows\System32\Wbem;C:\Windows\System32\WindowsPowerShell\v1.0\;C:\Windows\System32\OpenSSH\;C:\Program Files\Git\cmd;C:\Users\suraj\AppData\Local\Programs\Python\Python310\Scripts\;C:\Users\suraj\AppData\Local\Programs\Python\Python310\;C:\Users\suraj\AppData\Local\Microsoft\WindowsApps
USERNAME=suraj
OS=Windows_NT
PROCESSOR_IDENTIFIER=Intel64 Family 6 Model 140 Stepping 1, GenuineIntel



---------------  S Y S T E M  ---------------

OS: Windows 10 , 64 bit Build 19041 (10.0.19041.1806)
OS uptime: 0 days 0:17 hours
Hyper-V role detected

CPU:total 8 (initial active 8) (4 cores per cpu, 2 threads per core) family 6 model 140 stepping 1 microcode 0x86, cmov, cx8, fxsr, mmx, sse, sse2, sse3, ssse3, sse4.1, sse4.2, popcnt, avx, avx2, aes, clmul, erms, 3dnowpref, lzcnt, ht, tsc, tscinvbit, bmi1, bmi2, adx, evex, sha, fma

Memory: 4k page, system-wide physical 7987M (381M free)
TotalPageFile size 7987M (AvailPageFile size 18M)
current process WorkingSet (physical memory assigned to process): 257M, peak: 257M
current process commit charge ("private bytes"): 312M, peak: 338M

vm_info: OpenJDK 64-Bit Server VM (11.0.12+7-b1504.28-7817840) for windows-amd64 JRE (11.0.12+7-b1504.28-7817840), built on Oct 13 2021 22:12:33 by "builder" with MS VC++ 14.0 (VS2015)

END.
