#
# There is insufficient memory for the Java Runtime Environment to continue.
# Native memory allocation (mmap) failed to map 27262976 bytes for Failed to commit area from 0x0000000087e00000 to 0x0000000089800000 of length 27262976.
# Possible reasons:
#   The system is out of physical RAM or swap space
#   The process is running with CompressedOops enabled, and the Java Heap may be blocking the growth of the native heap
# Possible solutions:
#   Reduce memory load on the system
#   Increase physical memory or swap space
#   Check if swap backing store is full
#   Decrease Java heap size (-Xmx/-Xms)
#   Decrease number of Java threads
#   Decrease Java thread stack sizes (-Xss)
#   Set larger code cache with -XX:ReservedCodeCacheSize=
#   JVM is running with Unscaled Compressed Oops mode in which the Java heap is
#     placed in the first 4GB address space. The Java Heap base address is the
#     maximum limit for the native heap growth. Please use -XX:HeapBaseMinAddress
#     to set the Java Heap base and to place the Java Heap above 4GB virtual address.
# This output file may be truncated or incomplete.
#
#  Out of Memory Error (./src/hotspot/os/windows/os_windows.cpp:3521), pid=17192, tid=19816
#
# JRE version: OpenJDK Runtime Environment (11.0.12+7) (build 11.0.12+7-b1504.28-7817840)
# Java VM: OpenJDK 64-Bit Server VM (11.0.12+7-b1504.28-7817840, mixed mode, tiered, compressed oops, g1 gc, windows-amd64)
# No core dump will be written. Minidumps are not enabled by default on client versions of Windows
#

---------------  S U M M A R Y ------------

Command Line: --add-opens=java.base/java.util=ALL-UNNAMED --add-opens=java.base/java.lang=ALL-UNNAMED --add-opens=java.base/java.lang.invoke=ALL-UNNAMED --add-opens=java.base/java.util=ALL-UNNAMED --add-opens=java.prefs/java.util.prefs=ALL-UNNAMED --add-opens=java.prefs/java.util.prefs=ALL-UNNAMED --add-opens=java.base/java.nio.charset=ALL-UNNAMED --add-opens=java.base/java.net=ALL-UNNAMED --add-opens=java.base/java.util.concurrent.atomic=ALL-UNNAMED -Xmx2048m -Dfile.encoding=UTF-8 -Duser.country=IN -Duser.language=en -Duser.variant org.gradle.launcher.daemon.bootstrap.GradleDaemon 7.3.3

Host: 11th Gen Intel(R) Core(TM) i5-1135G7 @ 2.40GHz, 8 cores, 7G,  Windows 10 , 64 bit Build 19041 (10.0.19041.1806)
Time: Fri Aug  5 20:05:15 2022 India Standard Time elapsed time: 1.793986 seconds (0d 0h 0m 1s)

---------------  T H R E A D  ---------------

Current thread (0x00000254ff688800):  VMThread "VM Thread" [stack: 0x0000008e3c600000,0x0000008e3c700000] [id=19816]

Stack: [0x0000008e3c600000,0x0000008e3c700000]
[error occurred during error reporting (printing stack bounds), id 0xc0000005, EXCEPTION_ACCESS_VIOLATION (0xc0000005) at pc=0x00000254800012e7]

Native frames: (J=compiled Java code, j=interpreted, Vv=VM code, C=native code)
V  [jvm.dll+0x5fbcea]
V  [jvm.dll+0x731905]
V  [jvm.dll+0x732f1d]
V  [jvm.dll+0x733535]
V  [jvm.dll+0x7334eb]
V  [jvm.dll+0x5fb080]
V  [jvm.dll+0x5fb818]
C  [ntdll.dll+0xa229f]
C  [ntdll.dll+0x51454]
C  [ntdll.dll+0xa0dce]
C  0x00000254800012e7

VM_Operation (0x0000008e3daf92d0): G1CollectForAllocation, mode: safepoint, requested by thread 0x0000025490888800


---------------  P R O C E S S  ---------------

Threads class SMR info:
_java_thread_list=0x0000025491b9c390, length=25, elements={
0x00000254f41f9800, 0x00000254ff68b800, 0x00000254ff68d000, 0x000002548f045000,
0x000002548f046000, 0x000002548f048000, 0x000002548f04c000, 0x000002548f04d800,
0x000002548f04e800, 0x000002548f1a3800, 0x000002548f3a1000, 0x0000025490dfa800,
0x0000025491537000, 0x000002548fe2e000, 0x0000025490e61800, 0x000002548ffb0800,
0x00000254902a3800, 0x0000025490888800, 0x00000254912cc800, 0x00000254900ce800,
0x0000025491acd800, 0x0000025491acc800, 0x0000025491ac9800, 0x0000025491ace800,
0x0000025491acb000
}

Java Threads: ( => current thread )
  0x00000254f41f9800 JavaThread "main" [_thread_blocked, id=14864, stack(0x0000008e3c000000,0x0000008e3c100000)]
  0x00000254ff68b800 JavaThread "Reference Handler" daemon [_thread_blocked, id=14836, stack(0x0000008e3c700000,0x0000008e3c800000)]
  0x00000254ff68d000 JavaThread "Finalizer" daemon [_thread_blocked, id=9360, stack(0x0000008e3c800000,0x0000008e3c900000)]
  0x000002548f045000 JavaThread "Signal Dispatcher" daemon [_thread_blocked, id=12484, stack(0x0000008e3c900000,0x0000008e3ca00000)]
  0x000002548f046000 JavaThread "Attach Listener" daemon [_thread_blocked, id=13692, stack(0x0000008e3ca00000,0x0000008e3cb00000)]
  0x000002548f048000 JavaThread "Service Thread" daemon [_thread_blocked, id=18536, stack(0x0000008e3cb00000,0x0000008e3cc00000)]
  0x000002548f04c000 JavaThread "C2 CompilerThread0" daemon [_thread_blocked, id=8872, stack(0x0000008e3cc00000,0x0000008e3cd00000)]
  0x000002548f04d800 JavaThread "C1 CompilerThread0" daemon [_thread_blocked, id=1900, stack(0x0000008e3cd00000,0x0000008e3ce00000)]
  0x000002548f04e800 JavaThread "Sweeper thread" daemon [_thread_blocked, id=15068, stack(0x0000008e3ce00000,0x0000008e3cf00000)]
  0x000002548f1a3800 JavaThread "Common-Cleaner" daemon [_thread_blocked, id=17000, stack(0x0000008e3cf00000,0x0000008e3d000000)]
  0x000002548f3a1000 JavaThread "C2 CompilerThread1" daemon [_thread_blocked, id=4076, stack(0x0000008e3d100000,0x0000008e3d200000)]
  0x0000025490dfa800 JavaThread "Daemon health stats" [_thread_blocked, id=15500, stack(0x0000008e3d400000,0x0000008e3d500000)]
  0x0000025491537000 JavaThread "Incoming local TCP Connector on port 50940" [_thread_in_native, id=11820, stack(0x0000008e3d500000,0x0000008e3d600000)]
  0x000002548fe2e000 JavaThread "Daemon periodic checks" [_thread_blocked, id=16216, stack(0x0000008e3d600000,0x0000008e3d700000)]
  0x0000025490e61800 JavaThread "Daemon" [_thread_blocked, id=13452, stack(0x0000008e3d700000,0x0000008e3d800000)]
  0x000002548ffb0800 JavaThread "Handler for socket connection from /127.0.0.1:50940 to /127.0.0.1:50941" [_thread_in_native, id=15516, stack(0x0000008e3d800000,0x0000008e3d900000)]
  0x00000254902a3800 JavaThread "Cancel handler" [_thread_blocked, id=7784, stack(0x0000008e3d900000,0x0000008e3da00000)]
  0x0000025490888800 JavaThread "Daemon worker" [_thread_blocked, id=1708, stack(0x0000008e3da00000,0x0000008e3db00000)]
  0x00000254912cc800 JavaThread "Asynchronous log dispatcher for DefaultDaemonConnection: socket connection from /127.0.0.1:50940 to /127.0.0.1:50941" [_thread_blocked, id=3740, stack(0x0000008e3db00000,0x0000008e3dc00000)]
  0x00000254900ce800 JavaThread "Stdin handler" [_thread_blocked, id=14676, stack(0x0000008e3dc00000,0x0000008e3dd00000)]
  0x0000025491acd800 JavaThread "Daemon client event forwarder" [_thread_blocked, id=2224, stack(0x0000008e3dd00000,0x0000008e3de00000)]
  0x0000025491acc800 JavaThread "Cache worker for journal cache (C:\Program Files\Android\gradle-7.3.3\caches\journal-1)" [_thread_blocked, id=1344, stack(0x0000008e3de00000,0x0000008e3df00000)]
  0x0000025491ac9800 JavaThread "File lock request listener" [_thread_in_native, id=7204, stack(0x0000008e3df00000,0x0000008e3e000000)]
  0x0000025491ace800 JavaThread "Cache worker for file hash cache (C:\Program Files\Android\gradle-7.3.3\caches\7.3.3\fileHashes)" [_thread_blocked, id=10584, stack(0x0000008e3e500000,0x0000008e3e600000)]
  0x0000025491acb000 JavaThread "Cache worker for file hash cache (D:\ChatApplication\.gradle\7.3.3\fileHashes)" [_thread_blocked, id=17924, stack(0x0000008e3e700000,0x0000008e3e800000)]

Other Threads:
=>0x00000254ff688800 VMThread "VM Thread" [stack: 0x0000008e3c600000,0x0000008e3c700000] [id=19816]
  0x000002548f1b0000 WatcherThread [stack: 0x0000008e3d000000,0x0000008e3d100000] [id=1056]
  0x00000254f4211000 GCTaskThread "GC Thread#0" [stack: 0x0000008e3c100000,0x0000008e3c200000] [id=7980]
  0x000002548f84e800 GCTaskThread "GC Thread#1" [stack: 0x0000008e3d200000,0x0000008e3d300000] [id=16092]
  0x000002548fe0e000 GCTaskThread "GC Thread#2" [stack: 0x0000008e3d300000,0x0000008e3d400000] [id=12512]
  0x000002549053d800 GCTaskThread "GC Thread#3" [stack: 0x0000008e3e000000,0x0000008e3e100000] [id=8540]
  0x000002549293c800 GCTaskThread "GC Thread#4" [stack: 0x0000008e3e100000,0x0000008e3e200000] [id=19884]
  0x000002548fdf4000 GCTaskThread "GC Thread#5" [stack: 0x0000008e3e200000,0x0000008e3e300000] [id=2348]
  0x0000025491ad2800 GCTaskThread "GC Thread#6" [stack: 0x0000008e3e300000,0x0000008e3e400000] [id=19984]
  0x0000025490fc4000 GCTaskThread "GC Thread#7" [stack: 0x0000008e3e400000,0x0000008e3e500000] [id=9616]
  0x00000254f4244800 ConcurrentGCThread "G1 Main Marker" [stack: 0x0000008e3c200000,0x0000008e3c300000] [id=15556]
  0x00000254f4246000 ConcurrentGCThread "G1 Conc#0" [stack: 0x0000008e3c300000,0x0000008e3c400000] [id=18984]
  0x0000025490ab3800 ConcurrentGCThread "G1 Conc#1" [stack: 0x0000008e3e600000,0x0000008e3e700000] [id=18148]
  0x00000254ff4d4000 ConcurrentGCThread "G1 Refine#0" [stack: 0x0000008e3c400000,0x0000008e3c500000] [id=13232]
  0x00000254ff4d9000 ConcurrentGCThread "G1 Young RemSet Sampling" [stack: 0x0000008e3c500000,0x0000008e3c600000] [id=15536]

Threads with active compile tasks:
C2 CompilerThread0   1799 2125   !   4       java.net.URLClassLoader$1::run (63 bytes)
C2 CompilerThread1   1799 2124       4       java.net.URLClassLoader$1::run (5 bytes)

VM state:at safepoint (normal execution)

VM Mutex/Monitor currently owned by a thread:  ([mutex/lock_event])
[0x00000254f41f7f40] Threads_lock - owner thread: 0x00000254ff688800
[0x00000254f41f8210] Heap_lock - owner thread: 0x0000025490888800

Heap address: 0x0000000080000000, size: 2048 MB, Compressed Oops mode: 32-bit
Narrow klass base: 0x0000000000000000, Narrow klass shift: 3
Compressed class space size: 1073741824 Address: 0x0000000100000000

Heap:
 garbage-first heap   total 155648K, used 19380K [0x0000000080000000, 0x0000000100000000)
  region size 1024K, 5 young (5120K), 5 survivors (5120K)
 Metaspace       used 25717K, capacity 26233K, committed 26368K, reserved 1073152K
  class space    used 3322K, capacity 3521K, committed 3584K, reserved 1048576K
Heap Regions: E=young(eden), S=young(survivor), O=old, HS=humongous(starts), HC=humongous(continues), CS=collection set, F=free, A=archive, TAMS=top-at-mark-start (previous, next)
|   0|0x0000000080000000, 0x0000000080100000, 0x0000000080100000|100%| O|  |TAMS 0x0000000080100000, 0x0000000080000000| Untracked 
|   1|0x0000000080100000, 0x0000000080200000, 0x0000000080200000|100%| O|  |TAMS 0x0000000080200000, 0x0000000080100000| Untracked 
|   2|0x0000000080200000, 0x0000000080300000, 0x0000000080300000|100%| O|  |TAMS 0x0000000080300000, 0x0000000080200000| Untracked 
|   3|0x0000000080300000, 0x0000000080400000, 0x0000000080400000|100%|HS|  |TAMS 0x0000000080400000, 0x0000000080300000| Complete 
|   4|0x0000000080400000, 0x0000000080500000, 0x0000000080500000|100%|HC|  |TAMS 0x0000000080500000, 0x0000000080400000| Complete 
|   5|0x0000000080500000, 0x0000000080600000, 0x0000000080600000|100%|HC|  |TAMS 0x0000000080600000, 0x0000000080500000| Complete 
|   6|0x0000000080600000, 0x0000000080700000, 0x0000000080700000|100%| O|  |TAMS 0x0000000080700000, 0x0000000080600000| Untracked 
|   7|0x0000000080700000, 0x0000000080800000, 0x0000000080800000|100%| O|  |TAMS 0x0000000080800000, 0x0000000080700000| Untracked 
|   8|0x0000000080800000, 0x0000000080900000, 0x0000000080900000|100%| O|  |TAMS 0x0000000080900000, 0x0000000080800000| Untracked 
|   9|0x0000000080900000, 0x0000000080a00000, 0x0000000080a00000|100%| O|  |TAMS 0x0000000080a00000, 0x0000000080900000| Untracked 
|  10|0x0000000080a00000, 0x0000000080b00000, 0x0000000080b00000|100%| O|  |TAMS 0x0000000080b00000, 0x0000000080a00000| Untracked 
|  11|0x0000000080b00000, 0x0000000080c00000, 0x0000000080c00000|100%| O|  |TAMS 0x0000000080c00000, 0x0000000080b00000| Untracked 
|  12|0x0000000080c00000, 0x0000000080d00000, 0x0000000080d00000|100%| O|  |TAMS 0x0000000080d00000, 0x0000000080c00000| Untracked 
|  13|0x0000000080d00000, 0x0000000080ded000, 0x0000000080e00000| 92%| O|  |TAMS 0x0000000080ded000, 0x0000000080d00000| Untracked 
|  14|0x0000000080e00000, 0x0000000080e00000, 0x0000000080f00000|  0%| F|  |TAMS 0x0000000080e00000, 0x0000000080e00000| Untracked 
|  15|0x0000000080f00000, 0x0000000080f00000, 0x0000000081000000|  0%| F|  |TAMS 0x0000000080f00000, 0x0000000080f00000| Untracked 
|  16|0x0000000081000000, 0x0000000081000000, 0x0000000081100000|  0%| F|  |TAMS 0x0000000081000000, 0x0000000081000000| Untracked 
|  17|0x0000000081100000, 0x0000000081100000, 0x0000000081200000|  0%| F|  |TAMS 0x0000000081100000, 0x0000000081100000| Untracked 
|  18|0x0000000081200000, 0x0000000081200000, 0x0000000081300000|  0%| F|  |TAMS 0x0000000081200000, 0x0000000081200000| Untracked 
|  19|0x0000000081300000, 0x0000000081300000, 0x0000000081400000|  0%| F|  |TAMS 0x0000000081300000, 0x0000000081300000| Untracked 
|  20|0x0000000081400000, 0x0000000081400000, 0x0000000081500000|  0%| F|  |TAMS 0x0000000081400000, 0x0000000081400000| Untracked 
|  21|0x0000000081500000, 0x0000000081500000, 0x0000000081600000|  0%| F|  |TAMS 0x0000000081500000, 0x0000000081500000| Untracked 
|  22|0x0000000081600000, 0x0000000081600000, 0x0000000081700000|  0%| F|  |TAMS 0x0000000081600000, 0x0000000081600000| Untracked 
|  23|0x0000000081700000, 0x0000000081700000, 0x0000000081800000|  0%| F|  |TAMS 0x0000000081700000, 0x0000000081700000| Untracked 
|  24|0x0000000081800000, 0x0000000081800000, 0x0000000081900000|  0%| F|  |TAMS 0x0000000081800000, 0x0000000081800000| Untracked 
|  25|0x0000000081900000, 0x0000000081900000, 0x0000000081a00000|  0%| F|  |TAMS 0x0000000081900000, 0x0000000081900000| Untracked 
|  26|0x0000000081a00000, 0x0000000081a00000, 0x0000000081b00000|  0%| F|  |TAMS 0x0000000081a00000, 0x0000000081a00000| Untracked 
|  27|0x0000000081b00000, 0x0000000081b00000, 0x0000000081c00000|  0%| F|  |TAMS 0x0000000081b00000, 0x0000000081b00000| Untracked 
|  28|0x0000000081c00000, 0x0000000081c00000, 0x0000000081d00000|  0%| F|  |TAMS 0x0000000081c00000, 0x0000000081c00000| Untracked 
|  29|0x0000000081d00000, 0x0000000081d00000, 0x0000000081e00000|  0%| F|  |TAMS 0x0000000081d00000, 0x0000000081d00000| Untracked 
|  30|0x0000000081e00000, 0x0000000081e00000, 0x0000000081f00000|  0%| F|  |TAMS 0x0000000081e00000, 0x0000000081e00000| Untracked 
|  31|0x0000000081f00000, 0x0000000081f00000, 0x0000000082000000|  0%| F|  |TAMS 0x0000000081f00000, 0x0000000081f00000| Untracked 
|  32|0x0000000082000000, 0x0000000082000000, 0x0000000082100000|  0%| F|  |TAMS 0x0000000082000000, 0x0000000082000000| Untracked 
|  33|0x0000000082100000, 0x0000000082100000, 0x0000000082200000|  0%| F|  |TAMS 0x0000000082100000, 0x0000000082100000| Untracked 
|  34|0x0000000082200000, 0x0000000082200000, 0x0000000082300000|  0%| F|  |TAMS 0x0000000082200000, 0x0000000082200000| Untracked 
|  35|0x0000000082300000, 0x0000000082300000, 0x0000000082400000|  0%| F|  |TAMS 0x0000000082300000, 0x0000000082300000| Untracked 
|  36|0x0000000082400000, 0x0000000082400000, 0x0000000082500000|  0%| F|  |TAMS 0x0000000082400000, 0x0000000082400000| Untracked 
|  37|0x0000000082500000, 0x0000000082500000, 0x0000000082600000|  0%| F|  |TAMS 0x0000000082500000, 0x0000000082500000| Untracked 
|  38|0x0000000082600000, 0x0000000082600000, 0x0000000082700000|  0%| F|  |TAMS 0x0000000082600000, 0x0000000082600000| Untracked 
|  39|0x0000000082700000, 0x0000000082700000, 0x0000000082800000|  0%| F|  |TAMS 0x0000000082700000, 0x0000000082700000| Untracked 
|  40|0x0000000082800000, 0x0000000082800000, 0x0000000082900000|  0%| F|  |TAMS 0x0000000082800000, 0x0000000082800000| Untracked 
|  41|0x0000000082900000, 0x0000000082900000, 0x0000000082a00000|  0%| F|  |TAMS 0x0000000082900000, 0x0000000082900000| Untracked 
|  42|0x0000000082a00000, 0x0000000082a00000, 0x0000000082b00000|  0%| F|  |TAMS 0x0000000082a00000, 0x0000000082a00000| Untracked 
|  43|0x0000000082b00000, 0x0000000082b00000, 0x0000000082c00000|  0%| F|  |TAMS 0x0000000082b00000, 0x0000000082b00000| Untracked 
|  44|0x0000000082c00000, 0x0000000082c00000, 0x0000000082d00000|  0%| F|  |TAMS 0x0000000082c00000, 0x0000000082c00000| Untracked 
|  45|0x0000000082d00000, 0x0000000082d00000, 0x0000000082e00000|  0%| F|  |TAMS 0x0000000082d00000, 0x0000000082d00000| Untracked 
|  46|0x0000000082e00000, 0x0000000082e00000, 0x0000000082f00000|  0%| F|  |TAMS 0x0000000082e00000, 0x0000000082e00000| Untracked 
|  47|0x0000000082f00000, 0x0000000082f00000, 0x0000000083000000|  0%| F|  |TAMS 0x0000000082f00000, 0x0000000082f00000| Untracked 
|  48|0x0000000083000000, 0x0000000083000000, 0x0000000083100000|  0%| F|  |TAMS 0x0000000083000000, 0x0000000083000000| Untracked 
|  49|0x0000000083100000, 0x0000000083100000, 0x0000000083200000|  0%| F|  |TAMS 0x0000000083100000, 0x0000000083100000| Untracked 
|  50|0x0000000083200000, 0x0000000083200000, 0x0000000083300000|  0%| F|  |TAMS 0x0000000083200000, 0x0000000083200000| Untracked 
|  51|0x0000000083300000, 0x0000000083300000, 0x0000000083400000|  0%| F|  |TAMS 0x0000000083300000, 0x0000000083300000| Untracked 
|  52|0x0000000083400000, 0x0000000083400000, 0x0000000083500000|  0%| F|  |TAMS 0x0000000083400000, 0x0000000083400000| Untracked 
|  53|0x0000000083500000, 0x0000000083500000, 0x0000000083600000|  0%| F|  |TAMS 0x0000000083500000, 0x0000000083500000| Untracked 
|  54|0x0000000083600000, 0x0000000083600000, 0x0000000083700000|  0%| F|  |TAMS 0x0000000083600000, 0x0000000083600000| Untracked 
|  55|0x0000000083700000, 0x0000000083700000, 0x0000000083800000|  0%| F|  |TAMS 0x0000000083700000, 0x0000000083700000| Untracked 
|  56|0x0000000083800000, 0x0000000083800000, 0x0000000083900000|  0%| F|  |TAMS 0x0000000083800000, 0x0000000083800000| Untracked 
|  57|0x0000000083900000, 0x0000000083900000, 0x0000000083a00000|  0%| F|  |TAMS 0x0000000083900000, 0x0000000083900000| Untracked 
|  58|0x0000000083a00000, 0x0000000083a00000, 0x0000000083b00000|  0%| F|  |TAMS 0x0000000083a00000, 0x0000000083a00000| Untracked 
|  59|0x0000000083b00000, 0x0000000083b00000, 0x0000000083c00000|  0%| F|  |TAMS 0x0000000083b00000, 0x0000000083b00000| Untracked 
|  60|0x0000000083c00000, 0x0000000083c00000, 0x0000000083d00000|  0%| F|  |TAMS 0x0000000083c00000, 0x0000000083c00000| Untracked 
|  61|0x0000000083d00000, 0x0000000083d00000, 0x0000000083e00000|  0%| F|  |TAMS 0x0000000083d00000, 0x0000000083d00000| Untracked 
|  62|0x0000000083e00000, 0x0000000083e00000, 0x0000000083f00000|  0%| F|  |TAMS 0x0000000083e00000, 0x0000000083e00000| Untracked 
|  63|0x0000000083f00000, 0x0000000083f00000, 0x0000000084000000|  0%| F|  |TAMS 0x0000000083f00000, 0x0000000083f00000| Untracked 
|  64|0x0000000084000000, 0x0000000084000000, 0x0000000084100000|  0%| F|  |TAMS 0x0000000084000000, 0x0000000084000000| Untracked 
|  65|0x0000000084100000, 0x0000000084100000, 0x0000000084200000|  0%| F|  |TAMS 0x0000000084100000, 0x0000000084100000| Untracked 
|  66|0x0000000084200000, 0x0000000084200000, 0x0000000084300000|  0%| F|  |TAMS 0x0000000084200000, 0x0000000084200000| Untracked 
|  67|0x0000000084300000, 0x0000000084300000, 0x0000000084400000|  0%| F|  |TAMS 0x0000000084300000, 0x0000000084300000| Untracked 
|  68|0x0000000084400000, 0x0000000084400000, 0x0000000084500000|  0%| F|  |TAMS 0x0000000084400000, 0x0000000084400000| Untracked 
|  69|0x0000000084500000, 0x0000000084500000, 0x0000000084600000|  0%| F|  |TAMS 0x0000000084500000, 0x0000000084500000| Untracked 
|  70|0x0000000084600000, 0x0000000084700000, 0x0000000084700000|100%| S|CS|TAMS 0x0000000084600000, 0x0000000084600000| Complete 
|  71|0x0000000084700000, 0x0000000084800000, 0x0000000084800000|100%| S|CS|TAMS 0x0000000084700000, 0x0000000084700000| Complete 
|  72|0x0000000084800000, 0x0000000084900000, 0x0000000084900000|100%| S|CS|TAMS 0x0000000084800000, 0x0000000084800000| Complete 
|  73|0x0000000084900000, 0x0000000084a00000, 0x0000000084a00000|100%| S|CS|TAMS 0x0000000084900000, 0x0000000084900000| Complete 
|  74|0x0000000084a00000, 0x0000000084b00000, 0x0000000084b00000|100%| S|CS|TAMS 0x0000000084a00000, 0x0000000084a00000| Complete 
|  75|0x0000000084b00000, 0x0000000084b00000, 0x0000000084c00000|  0%| F|  |TAMS 0x0000000084b00000, 0x0000000084b00000| Untracked 
|  76|0x0000000084c00000, 0x0000000084c00000, 0x0000000084d00000|  0%| F|  |TAMS 0x0000000084c00000, 0x0000000084c00000| Untracked 
|  77|0x0000000084d00000, 0x0000000084d00000, 0x0000000084e00000|  0%| F|  |TAMS 0x0000000084d00000, 0x0000000084d00000| Untracked 
|  78|0x0000000084e00000, 0x0000000084e00000, 0x0000000084f00000|  0%| F|  |TAMS 0x0000000084e00000, 0x0000000084e00000| Untracked 
|  79|0x0000000084f00000, 0x0000000084f00000, 0x0000000085000000|  0%| F|  |TAMS 0x0000000084f00000, 0x0000000084f00000| Untracked 
|  80|0x0000000085000000, 0x0000000085000000, 0x0000000085100000|  0%| F|  |TAMS 0x0000000085000000, 0x0000000085000000| Untracked 
|  81|0x0000000085100000, 0x0000000085100000, 0x0000000085200000|  0%| F|  |TAMS 0x0000000085100000, 0x0000000085100000| Untracked 
|  82|0x0000000085200000, 0x0000000085200000, 0x0000000085300000|  0%| F|  |TAMS 0x0000000085200000, 0x0000000085200000| Untracked 
|  83|0x0000000085300000, 0x0000000085300000, 0x0000000085400000|  0%| F|  |TAMS 0x0000000085300000, 0x0000000085300000| Untracked 
|  84|0x0000000085400000, 0x0000000085400000, 0x0000000085500000|  0%| F|  |TAMS 0x0000000085400000, 0x0000000085400000| Untracked 
|  85|0x0000000085500000, 0x0000000085500000, 0x0000000085600000|  0%| F|  |TAMS 0x0000000085500000, 0x0000000085500000| Untracked 
|  86|0x0000000085600000, 0x0000000085600000, 0x0000000085700000|  0%| F|  |TAMS 0x0000000085600000, 0x0000000085600000| Untracked 
|  87|0x0000000085700000, 0x0000000085700000, 0x0000000085800000|  0%| F|  |TAMS 0x0000000085700000, 0x0000000085700000| Untracked 
|  88|0x0000000085800000, 0x0000000085800000, 0x0000000085900000|  0%| F|  |TAMS 0x0000000085800000, 0x0000000085800000| Untracked 
|  89|0x0000000085900000, 0x0000000085900000, 0x0000000085a00000|  0%| F|  |TAMS 0x0000000085900000, 0x0000000085900000| Untracked 
|  90|0x0000000085a00000, 0x0000000085a00000, 0x0000000085b00000|  0%| F|  |TAMS 0x0000000085a00000, 0x0000000085a00000| Untracked 
|  91|0x0000000085b00000, 0x0000000085b00000, 0x0000000085c00000|  0%| F|  |TAMS 0x0000000085b00000, 0x0000000085b00000| Untracked 
|  92|0x0000000085c00000, 0x0000000085c00000, 0x0000000085d00000|  0%| F|  |TAMS 0x0000000085c00000, 0x0000000085c00000| Untracked 
|  93|0x0000000085d00000, 0x0000000085d00000, 0x0000000085e00000|  0%| F|  |TAMS 0x0000000085d00000, 0x0000000085d00000| Untracked 
|  94|0x0000000085e00000, 0x0000000085e00000, 0x0000000085f00000|  0%| F|  |TAMS 0x0000000085e00000, 0x0000000085e00000| Untracked 
|  95|0x0000000085f00000, 0x0000000085f00000, 0x0000000086000000|  0%| F|  |TAMS 0x0000000085f00000, 0x0000000085f00000| Untracked 
|  96|0x0000000086000000, 0x0000000086000000, 0x0000000086100000|  0%| F|  |TAMS 0x0000000086000000, 0x0000000086000000| Untracked 
|  97|0x0000000086100000, 0x0000000086100000, 0x0000000086200000|  0%| F|  |TAMS 0x0000000086100000, 0x0000000086100000| Untracked 
|  98|0x0000000086200000, 0x0000000086200000, 0x0000000086300000|  0%| F|  |TAMS 0x0000000086200000, 0x0000000086200000| Untracked 
|  99|0x0000000086300000, 0x0000000086300000, 0x0000000086400000|  0%| F|  |TAMS 0x0000000086300000, 0x0000000086300000| Untracked 
| 100|0x0000000086400000, 0x0000000086400000, 0x0000000086500000|  0%| F|  |TAMS 0x0000000086400000, 0x0000000086400000| Untracked 
| 101|0x0000000086500000, 0x0000000086500000, 0x0000000086600000|  0%| F|  |TAMS 0x0000000086500000, 0x0000000086500000| Untracked 
| 102|0x0000000086600000, 0x0000000086600000, 0x0000000086700000|  0%| F|  |TAMS 0x0000000086600000, 0x0000000086600000| Untracked 
| 103|0x0000000086700000, 0x0000000086700000, 0x0000000086800000|  0%| F|  |TAMS 0x0000000086700000, 0x0000000086700000| Untracked 
| 104|0x0000000086800000, 0x0000000086800000, 0x0000000086900000|  0%| F|  |TAMS 0x0000000086800000, 0x0000000086800000| Untracked 
| 105|0x0000000086900000, 0x0000000086900000, 0x0000000086a00000|  0%| F|  |TAMS 0x0000000086900000, 0x0000000086900000| Untracked 
| 106|0x0000000086a00000, 0x0000000086a00000, 0x0000000086b00000|  0%| F|  |TAMS 0x0000000086a00000, 0x0000000086a00000| Untracked 
| 107|0x0000000086b00000, 0x0000000086b00000, 0x0000000086c00000|  0%| F|  |TAMS 0x0000000086b00000, 0x0000000086b00000| Untracked 
| 108|0x0000000086c00000, 0x0000000086c00000, 0x0000000086d00000|  0%| F|  |TAMS 0x0000000086c00000, 0x0000000086c00000| Untracked 
| 109|0x0000000086d00000, 0x0000000086d00000, 0x0000000086e00000|  0%| F|  |TAMS 0x0000000086d00000, 0x0000000086d00000| Untracked 
| 110|0x0000000086e00000, 0x0000000086e00000, 0x0000000086f00000|  0%| F|  |TAMS 0x0000000086e00000, 0x0000000086e00000| Untracked 
| 111|0x0000000086f00000, 0x0000000086f00000, 0x0000000087000000|  0%| F|  |TAMS 0x0000000086f00000, 0x0000000086f00000| Untracked 
| 112|0x0000000087000000, 0x0000000087000000, 0x0000000087100000|  0%| F|  |TAMS 0x0000000087000000, 0x0000000087000000| Untracked 
| 113|0x0000000087100000, 0x0000000087100000, 0x0000000087200000|  0%| F|  |TAMS 0x0000000087100000, 0x0000000087100000| Untracked 
| 114|0x0000000087200000, 0x0000000087200000, 0x0000000087300000|  0%| F|  |TAMS 0x0000000087200000, 0x0000000087200000| Untracked 
| 115|0x0000000087300000, 0x0000000087300000, 0x0000000087400000|  0%| F|  |TAMS 0x0000000087300000, 0x0000000087300000| Untracked 
| 116|0x0000000087400000, 0x0000000087400000, 0x0000000087500000|  0%| F|  |TAMS 0x0000000087400000, 0x0000000087400000| Untracked 
| 117|0x0000000087500000, 0x0000000087500000, 0x0000000087600000|  0%| F|  |TAMS 0x0000000087500000, 0x0000000087500000| Untracked 
| 118|0x0000000087600000, 0x0000000087600000, 0x0000000087700000|  0%| F|  |TAMS 0x0000000087600000, 0x0000000087600000| Untracked 
| 119|0x0000000087700000, 0x0000000087700000, 0x0000000087800000|  0%| F|  |TAMS 0x0000000087700000, 0x0000000087700000| Untracked 
| 120|0x0000000087800000, 0x0000000087800000, 0x0000000087900000|  0%| F|  |TAMS 0x0000000087800000, 0x0000000087800000| Untracked 
| 121|0x0000000087900000, 0x0000000087900000, 0x0000000087a00000|  0%| F|  |TAMS 0x0000000087900000, 0x0000000087900000| Untracked 
| 122|0x0000000087a00000, 0x0000000087a00000, 0x0000000087b00000|  0%| F|  |TAMS 0x0000000087a00000, 0x0000000087a00000| Untracked 
| 123|0x0000000087b00000, 0x0000000087b00000, 0x0000000087c00000|  0%| F|  |TAMS 0x0000000087b00000, 0x0000000087b00000| Untracked 
| 124|0x0000000087c00000, 0x0000000087c00000, 0x0000000087d00000|  0%| F|  |TAMS 0x0000000087c00000, 0x0000000087c00000| Untracked 
| 125|0x0000000087d00000, 0x0000000087d00000, 0x0000000087e00000|  0%| F|  |TAMS 0x0000000087d00000, 0x0000000087d00000| Untracked 

Card table byte_map: [0x00000254f8440000,0x00000254f8840000] _byte_map_base: 0x00000254f8040000

Marking Bits (Prev, Next): (CMBitMap*) 0x00000254f42399e0, (CMBitMap*) 0x00000254f42399a8
 Prev Bits: [0x00000254fac40000, 0x00000254fcc40000)
 Next Bits: [0x00000254f8c40000, 0x00000254fac40000)

Polling page: 0x00000254f2140000

Metaspace:

Usage:
  Non-class:     22.18 MB capacity,    21.87 MB ( 99%) used,   272.43 KB (  1%) free+waste,    44.94 KB ( <1%) overhead. 
      Class:      3.44 MB capacity,     3.25 MB ( 94%) used,   175.80 KB (  5%) free+waste,    22.31 KB ( <1%) overhead. 
       Both:     25.62 MB capacity,    25.11 MB ( 98%) used,   448.23 KB (  2%) free+waste,    67.25 KB ( <1%) overhead. 

Virtual space:
  Non-class space:       24.00 MB reserved,      22.25 MB ( 93%) committed 
      Class space:        1.00 GB reserved,       3.50 MB ( <1%) committed 
             Both:        1.02 GB reserved,      25.75 MB (  2%) committed 

Chunk freelists:
   Non-Class:  8.00 KB
       Class:  31.00 KB
        Both:  39.00 KB

MaxMetaspaceSize: 17179869184.00 GB
CompressedClassSpaceSize: 1.00 GB
Initial GC threshold: 20.80 MB
Current GC threshold: 35.00 MB
CDS: off

CodeHeap 'non-profiled nmethods': size=120000Kb used=1179Kb max_used=1179Kb free=118820Kb
 bounds [0x0000025487ad0000, 0x0000025487d40000, 0x000002548f000000]
CodeHeap 'profiled nmethods': size=120000Kb used=4668Kb max_used=4668Kb free=115332Kb
 bounds [0x00000254805a0000, 0x0000025480a30000, 0x0000025487ad0000]
CodeHeap 'non-nmethods': size=5760Kb used=1238Kb max_used=1274Kb free=4521Kb
 bounds [0x0000025480000000, 0x0000025480270000, 0x00000254805a0000]
 total_blobs=2705 nmethods=2207 adapters=410
 compilation: enabled
              stopped_count=0, restarted_count=0
 full_count=0

Compilation events (20 events):
Event: 1.774 Thread 0x000002548f04d800 2206       3       org.objectweb.asm.Label::resolve (219 bytes)
Event: 1.774 Thread 0x000002548f04d800 nmethod 2206 0x0000025480a2a110 code [0x0000025480a2a300, 0x0000025480a2a7f8]
Event: 1.774 Thread 0x000002548f04d800 2207       3       org.objectweb.asm.SymbolTable$Entry::<init> (17 bytes)
Event: 1.774 Thread 0x000002548f04d800 nmethod 2207 0x0000025480a2ab10 code [0x0000025480a2acc0, 0x0000025480a2ae28]
Event: 1.774 Thread 0x000002548f04d800 2208       3       org.objectweb.asm.Frame::merge (322 bytes)
Event: 1.774 Thread 0x000002548f04d800 nmethod 2208 0x0000025480a2af10 code [0x0000025480a2b140, 0x0000025480a2ba48]
Event: 1.774 Thread 0x000002548f04d800 2210       3       org.objectweb.asm.SymbolTable::addConstantMemberReference (147 bytes)
Event: 1.775 Thread 0x000002548f04d800 nmethod 2210 0x0000025480a2bc90 code [0x0000025480a2bf20, 0x0000025480a2c848]
Event: 1.775 Thread 0x000002548f04d800 2212       3       org.objectweb.asm.SymbolTable::addType (81 bytes)
Event: 1.775 Thread 0x000002548f04d800 nmethod 2212 0x0000025480a2ce10 code [0x0000025480a2d040, 0x0000025480a2d618]
Event: 1.775 Thread 0x000002548f04d800 2209       3       org.objectweb.asm.Frame::<init> (10 bytes)
Event: 1.775 Thread 0x000002548f04d800 nmethod 2209 0x0000025480a2d910 code [0x0000025480a2dac0, 0x0000025480a2dc78]
Event: 1.775 Thread 0x000002548f04d800 2211       3       org.objectweb.asm.Frame::getLocal (46 bytes)
Event: 1.775 Thread 0x000002548f04d800 nmethod 2211 0x0000025480a2dd10 code [0x0000025480a2dec0, 0x0000025480a2e0b8]
Event: 1.779 Thread 0x000002548f04d800 2213       3       jdk.internal.loader.ClassLoaders::platformClassLoader (4 bytes)
Event: 1.780 Thread 0x000002548f04d800 nmethod 2213 0x0000025480a2e190 code [0x0000025480a2e340, 0x0000025480a2e438]
Event: 1.785 Thread 0x000002548f04d800 2214       3       java.io.DataOutputStream::<init> (19 bytes)
Event: 1.786 Thread 0x000002548f04d800 nmethod 2214 0x0000025480a2e490 code [0x0000025480a2e680, 0x0000025480a2eb38]
Event: 1.786 Thread 0x000002548f04d800 2215       3       java.util.concurrent.ConcurrentHashMap::put (8 bytes)
Event: 1.786 Thread 0x000002548f04d800 nmethod 2215 0x0000025480a2ec90 code [0x0000025480a2ee40, 0x0000025480a2ef68]

GC Heap History (9 events):
Event: 0.467 GC heap before
{Heap before GC invocations=0 (full 0):
 garbage-first heap   total 129024K, used 29696K [0x0000000080000000, 0x0000000100000000)
  region size 1024K, 24 young (24576K), 0 survivors (0K)
 Metaspace       used 10184K, capacity 10397K, committed 10624K, reserved 1058816K
  class space    used 1063K, capacity 1108K, committed 1152K, reserved 1048576K
}
Event: 0.472 GC heap after
{Heap after GC invocations=1 (full 0):
 garbage-first heap   total 129024K, used 9530K [0x0000000080000000, 0x0000000100000000)
  region size 1024K, 3 young (3072K), 3 survivors (3072K)
 Metaspace       used 10184K, capacity 10397K, committed 10624K, reserved 1058816K
  class space    used 1063K, capacity 1108K, committed 1152K, reserved 1048576K
}
Event: 0.789 GC heap before
{Heap before GC invocations=1 (full 0):
 garbage-first heap   total 129024K, used 56634K [0x0000000080000000, 0x0000000100000000)
  region size 1024K, 49 young (50176K), 3 survivors (3072K)
 Metaspace       used 11406K, capacity 11634K, committed 11904K, reserved 1060864K
  class space    used 1206K, capacity 1286K, committed 1408K, reserved 1048576K
}
Event: 0.792 GC heap after
{Heap after GC invocations=2 (full 0):
 garbage-first heap   total 129024K, used 14148K [0x0000000080000000, 0x0000000100000000)
  region size 1024K, 7 young (7168K), 7 survivors (7168K)
 Metaspace       used 11406K, capacity 11634K, committed 11904K, reserved 1060864K
  class space    used 1206K, capacity 1286K, committed 1408K, reserved 1048576K
}
Event: 1.445 GC heap before
{Heap before GC invocations=2 (full 0):
 garbage-first heap   total 129024K, used 69444K [0x0000000080000000, 0x0000000100000000)
  region size 1024K, 61 young (62464K), 7 survivors (7168K)
 Metaspace       used 20080K, capacity 20495K, committed 20608K, reserved 1067008K
  class space    used 2481K, capacity 2646K, committed 2688K, reserved 1048576K
}
Event: 1.449 GC heap after
{Heap after GC invocations=3 (full 0):
 garbage-first heap   total 129024K, used 17105K [0x0000000080000000, 0x0000000100000000)
  region size 1024K, 7 young (7168K), 7 survivors (7168K)
 Metaspace       used 20080K, capacity 20495K, committed 20608K, reserved 1067008K
  class space    used 2481K, capacity 2646K, committed 2688K, reserved 1048576K
}
Event: 1.491 GC heap before
{Heap before GC invocations=3 (full 0):
 garbage-first heap   total 129024K, used 20177K [0x0000000080000000, 0x0000000100000000)
  region size 1024K, 11 young (11264K), 7 survivors (7168K)
 Metaspace       used 20746K, capacity 21144K, committed 21248K, reserved 1067008K
  class space    used 2554K, capacity 2713K, committed 2816K, reserved 1048576K
}
Event: 1.495 GC heap after
{Heap after GC invocations=4 (full 0):
 garbage-first heap   total 129024K, used 17630K [0x0000000080000000, 0x0000000100000000)
  region size 1024K, 4 young (4096K), 4 survivors (4096K)
 Metaspace       used 20746K, capacity 21144K, committed 21248K, reserved 1067008K
  class space    used 2554K, capacity 2713K, committed 2816K, reserved 1048576K
}
Event: 1.788 GC heap before
{Heap before GC invocations=5 (full 0):
 garbage-first heap   total 129024K, used 64734K [0x0000000080000000, 0x0000000100000000)
  region size 1024K, 51 young (52224K), 4 survivors (4096K)
 Metaspace       used 25717K, capacity 26233K, committed 26368K, reserved 1073152K
  class space    used 3322K, capacity 3521K, committed 3584K, reserved 1048576K
}

Deoptimization events (20 events):
Event: 1.479 Thread 0x0000025490888800 DEOPT PACKING pc=0x0000025487b4bfd4 sp=0x0000008e3dafa9f0
Event: 1.479 Thread 0x0000025490888800 DEOPT UNPACKING pc=0x00000254800085af sp=0x0000008e3dafa988 mode 2
Event: 1.479 Thread 0x0000025490888800 Uncommon trap: trap_request=0xffffff4d fr.pc=0x0000025487b46510 relative=0x0000000000000450
Event: 1.479 Thread 0x0000025490888800 Uncommon trap: reason=unstable_if action=reinterpret pc=0x0000025487b46510 method=java.lang.String.substring(I)Ljava/lang/String; @ 34 c2
Event: 1.479 Thread 0x0000025490888800 DEOPT PACKING pc=0x0000025487b46510 sp=0x0000008e3dafb350
Event: 1.479 Thread 0x0000025490888800 DEOPT UNPACKING pc=0x00000254800085af sp=0x0000008e3dafb328 mode 2
Event: 1.485 Thread 0x0000025490888800 DEOPT PACKING pc=0x0000025480902de8 sp=0x0000008e3daf8860
Event: 1.485 Thread 0x0000025490888800 DEOPT UNPACKING pc=0x0000025480049d0e sp=0x0000008e3daf7d68 mode 0
Event: 1.543 Thread 0x0000025490888800 Uncommon trap: trap_request=0xffffff4d fr.pc=0x0000025487bc7998 relative=0x0000000000000398
Event: 1.543 Thread 0x0000025490888800 Uncommon trap: reason=unstable_if action=reinterpret pc=0x0000025487bc7998 method=jdk.internal.org.objectweb.asm.Type.getArgumentsAndReturnSizes(Ljava/lang/String;)I @ 88 c2
Event: 1.543 Thread 0x0000025490888800 DEOPT PACKING pc=0x0000025487bc7998 sp=0x0000008e3daf9930
Event: 1.543 Thread 0x0000025490888800 DEOPT UNPACKING pc=0x00000254800085af sp=0x0000008e3daf98b8 mode 2
Event: 1.646 Thread 0x0000025490888800 Uncommon trap: trap_request=0xffffff4d fr.pc=0x0000025487b75574 relative=0x0000000000000234
Event: 1.646 Thread 0x0000025490888800 Uncommon trap: reason=unstable_if action=reinterpret pc=0x0000025487b75574 method=java.util.concurrent.ConcurrentHashMap.get(Ljava/lang/Object;)Ljava/lang/Object; @ 76 c2
Event: 1.646 Thread 0x0000025490888800 DEOPT PACKING pc=0x0000025487b75574 sp=0x0000008e3daf9970
Event: 1.646 Thread 0x0000025490888800 DEOPT UNPACKING pc=0x00000254800085af sp=0x0000008e3daf98d8 mode 2
Event: 1.737 Thread 0x0000025490888800 Uncommon trap: trap_request=0xffffff4d fr.pc=0x0000025487be80c4 relative=0x00000000000003e4
Event: 1.737 Thread 0x0000025490888800 Uncommon trap: reason=unstable_if action=reinterpret pc=0x0000025487be80c4 method=sun.nio.cs.UTF_8$Decoder.decodeArrayLoop(Ljava/nio/ByteBuffer;Ljava/nio/CharBuffer;)Ljava/nio/charset/CoderResult; @ 110 c2
Event: 1.737 Thread 0x0000025490888800 DEOPT PACKING pc=0x0000025487be80c4 sp=0x0000008e3daf9eb0
Event: 1.737 Thread 0x0000025490888800 DEOPT UNPACKING pc=0x00000254800085af sp=0x0000008e3daf9de8 mode 2

Classes redefined (0 events):
No events

Internal exceptions (20 events):
Event: 0.877 Thread 0x00000254f41f9800 Exception <a 'java/lang/NoSuchMethodError'{0x0000000087428010}: 'java.lang.Object java.lang.invoke.DirectMethodHandle$Holder.invokeStaticInit(java.lang.Object, java.lang.Object, java.lang.Object)'> (0x0000000087428010) thrown at [./src/hotspot/share/interpreter/linkResolver.cpp, line 773]
Event: 0.958 Thread 0x00000254f41f9800 Exception <a 'java/lang/NoSuchMethodError'{0x0000000086e9ff98}: 'java.lang.Object java.lang.invoke.DirectMethodHandle$Holder.invokeStaticInit(java.lang.Object, int, int, int, int)'> (0x0000000086e9ff98) thrown at [./src/hotspot/share/interpreter/linkResolver.cpp, line 773]
Event: 1.048 Thread 0x00000254f41f9800 Exception <a 'java/lang/NoSuchMethodError'{0x0000000086d2dfc8}: 'java.lang.Object java.lang.invoke.DirectMethodHandle$Holder.invokeStaticInit(java.lang.Object, java.lang.Object, int, int, int, int)'> (0x0000000086d2dfc8) thrown at [./src/hotspot/share/interpreter/linkResolver.cpp, line 773]
Event: 1.194 Thread 0x00000254f41f9800 Exception <a 'java/io/IOException'{0x0000000086b29fd0}> (0x0000000086b29fd0) thrown at [./src/hotspot/share/prims/jni.cpp, line 615]
Event: 1.283 Thread 0x0000025490888800 Exception <a 'java/lang/NoSuchMethodError'{0x00000000865f25b8}: 'long java.lang.invoke.DirectMethodHandle$Holder.invokeInterface(java.lang.Object, java.lang.Object)'> (0x00000000865f25b8) thrown at [./src/hotspot/share/interpreter/linkResolver.cpp, line 773]
Event: 1.284 Thread 0x0000025490888800 Exception <a 'java/lang/NoSuchMethodError'{0x00000000865ff658}: 'void java.lang.invoke.DelegatingMethodHandle$Holder.reinvoke_L(java.lang.Object, java.lang.Object, java.lang.Object, java.lang.Object, java.lang.Object, java.lang.Object, java.lang.Object)'> (0x00000000865ff658) thrown at [./src/hotspot/share/interpreter/linkResolver.cpp, line 773]
Event: 1.430 Thread 0x0000025490888800 Exception <a 'java/lang/NoSuchMethodError'{0x0000000084223648}: 'void java.lang.invoke.DirectMethodHandle$Holder.invokeStaticInit(java.lang.Object)'> (0x0000000084223648) thrown at [./src/hotspot/share/interpreter/linkResolver.cpp, line 773]
Event: 1.438 Thread 0x0000025490888800 Exception <a 'java/lang/NoSuchMethodError'{0x00000000842d12f0}: 'java.lang.Object java.lang.invoke.DirectMethodHandle$Holder.invokeStatic(java.lang.Object, java.lang.Object, java.lang.Object, int)'> (0x00000000842d12f0) thrown at [./src/hotspot/share/interpreter/linkResolver.cpp, line 773]
Event: 1.438 Thread 0x0000025490888800 Exception <a 'java/lang/NoSuchMethodError'{0x00000000842d5a08}: 'java.lang.Object java.lang.invoke.DirectMethodHandle$Holder.invokeSpecial(java.lang.Object, java.lang.Object, java.lang.Object, java.lang.Object, int)'> (0x00000000842d5a08) thrown at [./src/hotspot/share/interpreter/linkResolver.cpp, line 773]
Event: 1.438 Thread 0x0000025490888800 Exception <a 'java/lang/NoSuchMethodError'{0x00000000842d9940}: 'java.lang.Object java.lang.invoke.Invokers$Holder.linkToTargetMethod(java.lang.Object, java.lang.Object, int, java.lang.Object)'> (0x00000000842d9940) thrown at [./src/hotspot/share/interpreter/linkResolver.cpp, line 773]
Event: 1.513 Thread 0x0000025490888800 Exception <a 'java/lang/NoSuchMethodError'{0x0000000087ca3920}: 'int java.lang.invoke.DirectMethodHandle$Holder.invokeSpecialIFC(java.lang.Object, java.lang.Object, java.lang.Object, java.lang.Object)'> (0x0000000087ca3920) thrown at [./src/hotspot/share/interpreter/linkResolver.cpp, line 773]
Event: 1.514 Thread 0x0000025490888800 Exception <a 'java/lang/NoSuchMethodError'{0x0000000087cb18d8}: 'java.lang.Object java.lang.invoke.DirectMethodHandle$Holder.invokeInterface(java.lang.Object, java.lang.Object, java.lang.Object)'> (0x0000000087cb18d8) thrown at [./src/hotspot/share/interpreter/linkResolver.cpp, line 773]
Event: 1.514 Thread 0x0000025490888800 Exception <a 'java/lang/IncompatibleClassChangeError'{0x0000000087cb4db0}: Found class java.lang.Object, but interface was expected> (0x0000000087cb4db0) thrown at [./src/hotspot/share/interpreter/linkResolver.cpp, line 839]
Event: 1.581 Thread 0x0000025490888800 Exception <a 'java/lang/NoSuchMethodError'{0x0000000086c466a0}: 'java.lang.Object java.lang.invoke.DirectMethodHandle$Holder.invokeSpecial(java.lang.Object, java.lang.Object, java.lang.Object, java.lang.Object, java.lang.Object, java.lang.Object, java.lang.Object, java.lang.Object, java.lang.Object)'> (0x0000000086c466a0) thrown at [./src/hotspot/share/interpreter/linkResolver.cpp, line 773]
Event: 1.615 Thread 0x0000025490888800 Exception <a 'java/lang/NoSuchMethodError'{0x00000000863bedf8}: 'java.lang.Object java.lang.invoke.DirectMethodHandle$Holder.invokeVirtual(java.lang.Object, java.lang.Object, java.lang.Object, java.lang.Object)'> (0x00000000863bedf8) thrown at [./src/hotspot/share/interpreter/linkResolver.cpp, line 773]
Event: 1.665 Thread 0x0000025490888800 Exception <a 'java/lang/NoSuchMethodError'{0x0000000085c8c2b8}: 'void java.lang.invoke.DirectMethodHandle$Holder.invokeSpecial(java.lang.Object, java.lang.Object, java.lang.Object, java.lang.Object, java.lang.Object, java.lang.Object)'> (0x0000000085c8c2b8) thrown at [./src/hotspot/share/interpreter/linkResolver.cpp, line 773]
Event: 1.672 Thread 0x0000025490888800 Exception <a 'java/lang/NoSuchMethodError'{0x0000000085cfafd0}: 'void java.lang.invoke.DirectMethodHandle$Holder.invokeSpecial(java.lang.Object, java.lang.Object, java.lang.Object, java.lang.Object, java.lang.Object, java.lang.Object, java.lang.Object)'> (0x0000000085cfafd0) thrown at [./src/hotspot/share/interpreter/linkResolver.cpp, line 773]
Event: 1.672 Thread 0x0000025490888800 Exception <a 'java/lang/NoSuchMethodError'{0x0000000085b03a68}: 'java.lang.Object java.lang.invoke.Invokers$Holder.linkToTargetMethod(java.lang.Object, java.lang.Object, java.lang.Object, java.lang.Object, java.lang.Object, java.lang.Object)'> (0x0000000085b03a68) thrown at [./src/hotspot/share/interpreter/linkResolver.cpp, line 773]
Event: 1.725 Thread 0x0000025490888800 Exception <a 'java/lang/NoSuchMethodError'{0x00000000852aac70}: 'int java.lang.invoke.DirectMethodHandle$Holder.invokeStaticInit(java.lang.Object, java.lang.Object, java.lang.Object)'> (0x00000000852aac70) thrown at [./src/hotspot/share/interpreter/linkResolver.cpp, line 773]
Event: 1.769 Thread 0x0000025490888800 Exception <a 'java/lang/NoSuchMethodError'{0x0000000084de47a8}: 'void java.lang.invoke.DirectMethodHandle$Holder.invokeStaticInit(java.lang.Object, java.lang.Object)'> (0x0000000084de47a8) thrown at [./src/hotspot/share/interpreter/linkResolver.cpp, line 773]

Events (20 events):
Event: 1.784 loading class org/gradle/initialization/VintageBuildModelController done
Event: 1.784 loading class org/gradle/internal/build/StateTransitionController$State
Event: 1.784 loading class org/gradle/internal/build/StateTransitionController$State done
Event: 1.784 loading class org/gradle/internal/build/StateTransitionController
Event: 1.784 loading class org/gradle/internal/build/StateTransitionController done
Event: 1.784 loading class org/gradle/initialization/VintageBuildModelController$Stage
Event: 1.784 loading class org/gradle/initialization/VintageBuildModelController$Stage done
Event: 1.785 loading class org/gradle/internal/build/DefaultBuildLifecycleController
Event: 1.785 loading class org/gradle/internal/build/DefaultBuildLifecycleController done
Event: 1.785 loading class org/gradle/BuildResult
Event: 1.785 loading class org/gradle/BuildResult done
Event: 1.786 loading class org/gradle/initialization/internal/InternalBuildFinishedListener
Event: 1.786 loading class org/gradle/initialization/internal/InternalBuildFinishedListener done
Event: 1.787 loading class org/gradle/internal/build/BuildOperationFiringBuildWorkPreparer
Event: 1.787 loading class org/gradle/internal/build/BuildOperationFiringBuildWorkPreparer done
Event: 1.787 loading class org/gradle/internal/taskgraph/CalculateTaskGraphBuildOperationType$TaskIdentity
Event: 1.787 loading class org/gradle/internal/taskgraph/CalculateTaskGraphBuildOperationType$TaskIdentity done
Event: 1.788 loading class org/gradle/internal/build/DefaultBuildWorkPreparer
Event: 1.788 loading class org/gradle/internal/build/DefaultBuildWorkPreparer done
Event: 1.788 Executing VM operation: G1CollectForAllocation


Dynamic libraries:
0x00007ff65efa0000 - 0x00007ff65efaa000 	C:\Program Files\Android\Android Studio\jre\bin\java.exe
0x00007ff824b70000 - 0x00007ff824d68000 	C:\Windows\SYSTEM32\ntdll.dll
0x00007ff822bd0000 - 0x00007ff822c8d000 	C:\Windows\System32\KERNEL32.DLL
0x00007ff822560000 - 0x00007ff82282e000 	C:\Windows\System32\KERNELBASE.dll
0x00007ff822320000 - 0x00007ff822420000 	C:\Windows\System32\ucrtbase.dll
0x00007fffc2d50000 - 0x00007fffc2d69000 	C:\Program Files\Android\Android Studio\jre\bin\jli.dll
0x00007fffc2bf0000 - 0x00007fffc2c07000 	C:\Program Files\Android\Android Studio\jre\bin\VCRUNTIME140.dll
0x00007ff823800000 - 0x00007ff8239a0000 	C:\Windows\System32\USER32.dll
0x00007ff80cf90000 - 0x00007ff80d22a000 	C:\Windows\WinSxS\amd64_microsoft.windows.common-controls_6595b64144ccf1df_6.0.19041.1110_none_60b5254171f9507e\COMCTL32.dll
0x00007ff822990000 - 0x00007ff8229b2000 	C:\Windows\System32\win32u.dll
0x00007ff823b30000 - 0x00007ff823bce000 	C:\Windows\System32\msvcrt.dll
0x00007ff8237d0000 - 0x00007ff8237fa000 	C:\Windows\System32\GDI32.dll
0x00007ff8229c0000 - 0x00007ff822acb000 	C:\Windows\System32\gdi32full.dll
0x00007ff822490000 - 0x00007ff82252d000 	C:\Windows\System32\msvcp_win.dll
0x00007ff822eb0000 - 0x00007ff822ee0000 	C:\Windows\System32\IMM32.DLL
0x00007fffc29b0000 - 0x00007fffc2a4d000 	C:\Program Files\Android\Android Studio\jre\bin\msvcp140.dll
0x00007fffbf350000 - 0x00007fffbfe35000 	C:\Program Files\Android\Android Studio\jre\bin\server\jvm.dll
0x00007ff823a80000 - 0x00007ff823b2e000 	C:\Windows\System32\ADVAPI32.dll
0x00007ff822e10000 - 0x00007ff822eac000 	C:\Windows\System32\sechost.dll
0x00007ff823bd0000 - 0x00007ff823cf5000 	C:\Windows\System32\RPCRT4.dll
0x00007ff824360000 - 0x00007ff824368000 	C:\Windows\System32\PSAPI.DLL
0x00007ff815e80000 - 0x00007ff815e8a000 	C:\Windows\SYSTEM32\VERSION.dll
0x00007ff80c890000 - 0x00007ff80c899000 	C:\Windows\SYSTEM32\WSOCK32.dll
0x00007ff80b140000 - 0x00007ff80b167000 	C:\Windows\SYSTEM32\WINMM.dll
0x00007ff824ac0000 - 0x00007ff824b2b000 	C:\Windows\System32\WS2_32.dll
0x00007ff820ad0000 - 0x00007ff820ae2000 	C:\Windows\SYSTEM32\kernel.appcore.dll
0x00007ff80c870000 - 0x00007ff80c881000 	C:\Program Files\Android\Android Studio\jre\bin\verify.dll
0x00007ff820630000 - 0x00007ff820814000 	C:\Windows\SYSTEM32\DBGHELP.DLL
0x00007ff805210000 - 0x00007ff80523c000 	C:\Windows\SYSTEM32\dbgcore.DLL
0x00007ff822290000 - 0x00007ff822312000 	C:\Windows\System32\bcryptPrimitives.dll
0x00007fffe7740000 - 0x00007fffe7769000 	C:\Program Files\Android\Android Studio\jre\bin\java.dll
0x00007ffffff10000 - 0x00007ffffff1b000 	C:\Program Files\Android\Android Studio\jre\bin\jimage.dll
0x00007fffffb90000 - 0x00007fffffba8000 	C:\Program Files\Android\Android Studio\jre\bin\zip.dll
0x00007ff824370000 - 0x00007ff824ab4000 	C:\Windows\System32\SHELL32.dll
0x00007ff81fcf0000 - 0x00007ff820484000 	C:\Windows\SYSTEM32\windows.storage.dll
0x00007ff823470000 - 0x00007ff8237c4000 	C:\Windows\System32\combase.dll
0x00007ff821cf0000 - 0x00007ff821d20000 	C:\Windows\SYSTEM32\Wldp.dll
0x00007ff823150000 - 0x00007ff8231fd000 	C:\Windows\System32\SHCORE.dll
0x00007ff822d50000 - 0x00007ff822da5000 	C:\Windows\System32\shlwapi.dll
0x00007ff8221d0000 - 0x00007ff8221ef000 	C:\Windows\SYSTEM32\profapi.dll
0x00007ffff4940000 - 0x00007ffff495a000 	C:\Program Files\Android\Android Studio\jre\bin\net.dll
0x00007ff819510000 - 0x00007ff81961a000 	C:\Windows\SYSTEM32\WINHTTP.dll
0x00007ff821a50000 - 0x00007ff821aba000 	C:\Windows\system32\mswsock.dll
0x00007fffec650000 - 0x00007fffec664000 	C:\Program Files\Android\Android Studio\jre\bin\nio.dll
0x00007fffc2a50000 - 0x00007fffc2a77000 	C:\Program Files\Android\gradle-7.3.3\native\e1d6ef7f7dcc3fd88c89a11ec53ec762bb8ba0a96d01ffa2cd45eb1d1d8dd5c5\windows-amd64\native-platform.dll
0x00007fffc1a30000 - 0x00007fffc1b74000 	C:\Program Files\Android\gradle-7.3.3\native\5664cfc778a61ccfe75a443a1ab52a65af34e5dc3c78e0209fed803814484fcb\windows-amd64\native-platform-file-events.dll
0x00007fffe8cf0000 - 0x00007fffe8cfa000 	C:\Program Files\Android\Android Studio\jre\bin\management.dll
0x00007fffe4ee0000 - 0x00007fffe4eed000 	C:\Program Files\Android\Android Studio\jre\bin\management_ext.dll
0x00007ff821c40000 - 0x00007ff821c58000 	C:\Windows\SYSTEM32\CRYPTSP.dll
0x00007ff821330000 - 0x00007ff821364000 	C:\Windows\system32\rsaenh.dll
0x00007ff822530000 - 0x00007ff822557000 	C:\Windows\System32\bcrypt.dll
0x00007ff822190000 - 0x00007ff8221be000 	C:\Windows\SYSTEM32\USERENV.dll
0x00007ff821c60000 - 0x00007ff821c6c000 	C:\Windows\SYSTEM32\CRYPTBASE.dll
0x00007ff8216f0000 - 0x00007ff82172b000 	C:\Windows\SYSTEM32\IPHLPAPI.DLL
0x00007ff822ee0000 - 0x00007ff822ee8000 	C:\Windows\System32\NSI.dll
0x00007ff815ed0000 - 0x00007ff815ee7000 	C:\Windows\SYSTEM32\dhcpcsvc6.DLL
0x00007ff815eb0000 - 0x00007ff815ecd000 	C:\Windows\SYSTEM32\dhcpcsvc.DLL
0x00007ff821730000 - 0x00007ff8217fb000 	C:\Windows\SYSTEM32\DNSAPI.dll

dbghelp: loaded successfully - version: 4.0.5 - missing functions: none
symbol engine: initialized successfully - sym options: 0x614 - pdb path: .;C:\Program Files\Android\Android Studio\jre\bin;C:\Windows\SYSTEM32;C:\Windows\WinSxS\amd64_microsoft.windows.common-controls_6595b64144ccf1df_6.0.19041.1110_none_60b5254171f9507e;C:\Program Files\Android\Android Studio\jre\bin\server;C:\Program Files\Android\gradle-7.3.3\native\e1d6ef7f7dcc3fd88c89a11ec53ec762bb8ba0a96d01ffa2cd45eb1d1d8dd5c5\windows-amd64;C:\Program Files\Android\gradle-7.3.3\native\5664cfc778a61ccfe75a443a1ab52a65af34e5dc3c78e0209fed803814484fcb\windows-amd64

VM Arguments:
jvm_args: --add-opens=java.base/java.util=ALL-UNNAMED --add-opens=java.base/java.lang=ALL-UNNAMED --add-opens=java.base/java.lang.invoke=ALL-UNNAMED --add-opens=java.base/java.util=ALL-UNNAMED --add-opens=java.prefs/java.util.prefs=ALL-UNNAMED --add-opens=java.prefs/java.util.prefs=ALL-UNNAMED --add-opens=java.base/java.nio.charset=ALL-UNNAMED --add-opens=java.base/java.net=ALL-UNNAMED --add-opens=java.base/java.util.concurrent.atomic=ALL-UNNAMED -Xmx2048m -Dfile.encoding=UTF-8 -Duser.country=IN -Duser.language=en -Duser.variant 
java_command: org.gradle.launcher.daemon.bootstrap.GradleDaemon 7.3.3
java_class_path (initial): C:\Program Files\Android\gradle-7.3.3\wrapper\dists\gradle-7.3.3-bin\6a41zxkdtcxs8rphpq6y0069z\gradle-7.3.3\lib\gradle-launcher-7.3.3.jar
Launcher Type: SUN_STANDARD

[Global flags]
     intx CICompilerCount                          = 4                                         {product} {ergonomic}
     uint ConcGCThreads                            = 2                                         {product} {ergonomic}
     uint G1ConcRefinementThreads                  = 8                                         {product} {ergonomic}
   size_t G1HeapRegionSize                         = 1048576                                   {product} {ergonomic}
    uintx GCDrainStackTargetSize                   = 64                                        {product} {ergonomic}
   size_t InitialHeapSize                          = 132120576                                 {product} {ergonomic}
   size_t MarkStackSize                            = 4194304                                   {product} {ergonomic}
   size_t MaxHeapSize                              = 2147483648                                {product} {command line}
   size_t MaxNewSize                               = 1287651328                                {product} {ergonomic}
   size_t MinHeapDeltaBytes                        = 1048576                                   {product} {ergonomic}
    uintx NonNMethodCodeHeapSize                   = 5836300                                {pd product} {ergonomic}
    uintx NonProfiledCodeHeapSize                  = 122910970                              {pd product} {ergonomic}
    uintx ProfiledCodeHeapSize                     = 122910970                              {pd product} {ergonomic}
    uintx ReservedCodeCacheSize                    = 251658240                              {pd product} {ergonomic}
     bool SegmentedCodeCache                       = true                                      {product} {ergonomic}
     bool UseCompressedClassPointers               = true                                 {lp64_product} {ergonomic}
     bool UseCompressedOops                        = true                                 {lp64_product} {ergonomic}
     bool UseG1GC                                  = true                                      {product} {ergonomic}
     bool UseLargePagesIndividualAllocation        = false                                  {pd product} {ergonomic}

Logging:
Log output configuration:
 #0: stdout all=warning uptime,level,tags
 #1: stderr all=off uptime,level,tags

Environment Variables:
JAVA_HOME=C:\Program Files\Java\jdk-18.0.1.1
PATH=C:\Program Files\Common Files\Oracle\Java\javapath;C:\Windows\system32;C:\Windows;C:\Windows\System32\Wbem;C:\Windows\System32\WindowsPowerShell\v1.0\;C:\Windows\System32\OpenSSH\;C:\Program Files\Git\cmd;C:\Users\suraj\AppData\Local\Programs\Python\Python310\Scripts\;C:\Users\suraj\AppData\Local\Programs\Python\Python310\;C:\Users\suraj\AppData\Local\Microsoft\WindowsApps
USERNAME=suraj
OS=Windows_NT
PROCESSOR_IDENTIFIER=Intel64 Family 6 Model 140 Stepping 1, GenuineIntel



---------------  S Y S T E M  ---------------

OS: Windows 10 , 64 bit Build 19041 (10.0.19041.1806)
OS uptime: 0 days 0:17 hours
Hyper-V role detected

CPU:total 8 (initial active 8) (4 cores per cpu, 2 threads per core) family 6 model 140 stepping 1 microcode 0x86, cmov, cx8, fxsr, mmx, sse, sse2, sse3, ssse3, sse4.1, sse4.2, popcnt, avx, avx2, aes, clmul, erms, 3dnowpref, lzcnt, ht, tsc, tscinvbit, bmi1, bmi2, adx, evex, sha, fma

Memory: 4k page, system-wide physical 7987M (416M free)
TotalPageFile size 7987M (AvailPageFile size 22M)
current process WorkingSet (physical memory assigned to process): 205M, peak: 205M
current process commit charge ("private bytes"): 287M, peak: 313M

vm_info: OpenJDK 64-Bit Server VM (11.0.12+7-b1504.28-7817840) for windows-amd64 JRE (11.0.12+7-b1504.28-7817840), built on Oct 13 2021 22:12:33 by "builder" with MS VC++ 14.0 (VS2015)

END.
